Log file open, 02/08/22 19:50:16
LogWindows: Failed to load 'aqProf.dll' (GetLastError=126)
LogWindows: File 'aqProf.dll' does not exist
LogWindows: Failed to load 'VtuneApi.dll' (GetLastError=126)
LogWindows: File 'VtuneApi.dll' does not exist
LogWindows: Failed to load 'VtuneApi32e.dll' (GetLastError=126)
LogWindows: File 'VtuneApi32e.dll' does not exist
LogConsoleResponse: Display: Failed to find resolution value strings in scalability ini. Falling back to default.
LogConsoleResponse: Display: Failed to find resolution value strings in scalability ini. Falling back to default.
LogInit: Display: Running engine for game: SlaveProjectUE
LogPlatformFile: Not using cached read wrapper
LogTaskGraph: Started task graph with 5 named threads and 23 total threads with 3 sets of task threads.
LogStats: Stats thread started at 0.574434
LogICUInternationalization: ICU TimeZone Detection - Raw Offset: +1:00, Platform Override: ''
LogInit: Display: Loading text-based GConfig....
LogPluginManager: Mounting plugin MeshPainting
LogPluginManager: Mounting plugin XGEController
LogPluginManager: Mounting plugin Paper2D
LogPluginManager: Mounting plugin CameraShakePreviewer
LogPluginManager: Mounting plugin LiveLink
LogPluginManager: Mounting plugin LightPropagationVolume
LogPluginManager: Mounting plugin GameplayCameras
LogPluginManager: Mounting plugin OodleData
LogPluginManager: Mounting plugin AssetManagerEditor
LogPluginManager: Mounting plugin OodleNetwork
LogPluginManager: Mounting plugin CurveEditorTools
LogPluginManager: Mounting plugin CryptoKeys
LogPluginManager: Mounting plugin DataValidation
LogPluginManager: Mounting plugin GameplayTagsEditor
LogPluginManager: Mounting plugin GeometryMode
LogPluginManager: Mounting plugin FacialAnimation
LogPluginManager: Mounting plugin MacGraphicsSwitching
LogPluginManager: Mounting plugin MaterialAnalyzer
LogPluginManager: Mounting plugin AnimationSharing
LogPluginManager: Mounting plugin PluginBrowser
LogPluginManager: Mounting plugin MobileLauncherProfileWizard
LogPluginManager: Mounting plugin CLionSourceCodeAccess
LogPluginManager: Mounting plugin SpeedTreeImporter
LogPluginManager: Mounting plugin CodeLiteSourceCodeAccess
LogPluginManager: Mounting plugin GitSourceControl
LogPluginManager: Mounting plugin KDevelopSourceCodeAccess
LogPluginManager: Mounting plugin NullSourceCodeAccess
LogPluginManager: Mounting plugin PerforceSourceControl
LogPluginManager: Mounting plugin PixWinPlugin
LogPluginManager: Mounting plugin PlasticSourceControl
LogPluginManager: Mounting plugin PluginUtils
LogPluginManager: Mounting plugin PropertyAccessNode
LogPluginManager: Mounting plugin RiderSourceCodeAccess
LogPluginManager: Mounting plugin SubversionSourceControl
LogPluginManager: Mounting plugin TextureFormatOodle
LogPluginManager: Mounting plugin UObjectPlugin
LogPluginManager: Mounting plugin VisualStudioCodeSourceCodeAccess
LogPluginManager: Mounting plugin VisualStudioSourceCodeAccess
LogPluginManager: Mounting plugin XCodeSourceCodeAccess
LogPluginManager: Mounting plugin DatasmithContent
LogPluginManager: Mounting plugin AlembicImporter
LogPluginManager: Mounting plugin AutomationUtils
LogPluginManager: Mounting plugin BackChannel
LogPluginManager: Mounting plugin VariantManagerContent
LogPluginManager: Mounting plugin AISupport
LogPluginManager: Mounting plugin ChaosClothEditor
LogPluginManager: Mounting plugin ChaosEditor
LogPluginManager: Mounting plugin ChaosCloth
LogPluginManager: Mounting plugin ChaosNiagara
LogPluginManager: Mounting plugin ChaosSolverPlugin
LogPluginManager: Mounting plugin CharacterAI
LogPluginManager: Mounting plugin EnvironmentQueryEditor
LogPluginManager: Mounting plugin GeometryCache
LogPluginManager: Mounting plugin GeometryCollectionPlugin
LogPluginManager: Mounting plugin GeometryProcessing
LogPluginManager: Mounting plugin MotoSynth
LogPluginManager: Mounting plugin PlanarCut
LogPluginManager: Mounting plugin OpenImageDenoise
LogPluginManager: Mounting plugin PlatformCrypto
LogPluginManager: Mounting plugin ProxyLODPlugin
LogPluginManager: Mounting plugin PythonScriptPlugin
LogPluginManager: Mounting plugin SkeletalReduction
LogPluginManager: Mounting plugin Niagara
LogPluginManager: Mounting plugin LuminPlatformFeatures
LogPluginManager: Mounting plugin MagicLeap
LogPluginManager: Mounting plugin AndroidMedia
LogPluginManager: Mounting plugin AvfMedia
LogPluginManager: Mounting plugin ImgMedia
LogPluginManager: Mounting plugin MediaCompositing
LogPluginManager: Mounting plugin MagicLeapLightEstimation
LogPluginManager: Mounting plugin MagicLeapMedia
LogPluginManager: Mounting plugin MediaPlayerEditor
LogPluginManager: Mounting plugin MagicLeapPassableWorld
LogPluginManager: Mounting plugin WebMMedia
LogPluginManager: Mounting plugin WmfMedia
LogPluginManager: Mounting plugin MLSDK
LogPluginManager: Mounting plugin OnlineSubsystem
LogPluginManager: Mounting plugin OnlineSubsystemNull
LogPluginManager: Mounting plugin OnlineSubsystemUtils
LogPluginManager: Mounting plugin TcpMessaging
LogPluginManager: Mounting plugin UdpMessaging
LogPluginManager: Mounting plugin ActorSequence
LogPluginManager: Mounting plugin LevelSequenceEditor
LogPluginManager: Mounting plugin MatineeToLevelSequence
LogPluginManager: Mounting plugin LauncherChunkInstaller
LogPluginManager: Mounting plugin TemplateSequence
LogPluginManager: Mounting plugin ActorLayerUtilities
LogPluginManager: Mounting plugin AndroidPermission
LogPluginManager: Mounting plugin AndroidDeviceProfileSelector
LogPluginManager: Mounting plugin AppleImageUtils
LogPluginManager: Mounting plugin AndroidMoviePlayer
LogPluginManager: Mounting plugin AppleMoviePlayer
LogPluginManager: Mounting plugin ArchVisCharacter
LogPluginManager: Mounting plugin AssetTags
LogPluginManager: Mounting plugin AudioCapture
LogPluginManager: Mounting plugin AudioSynesthesia
LogPluginManager: Mounting plugin CableComponent
LogPluginManager: Mounting plugin ChunkDownloader
LogPluginManager: Mounting plugin CustomMeshComponent
LogPluginManager: Mounting plugin EditableMesh
LogPluginManager: Mounting plugin ExampleDeviceProfileSelector
LogPluginManager: Mounting plugin GooglePAD
LogPluginManager: Mounting plugin GoogleCloudMessaging
LogPluginManager: Mounting plugin IOSDeviceProfileSelector
LogPluginManager: Mounting plugin LinuxDeviceProfileSelector
LogPluginManager: Mounting plugin LocationServicesBPLibrary
LogPluginManager: Mounting plugin MobilePatchingUtils
LogPluginManager: Mounting plugin OpenXR
LogPluginManager: Mounting plugin OpenXREyeTracker
LogPluginManager: Mounting plugin OpenXRHandTracking
LogPluginManager: Mounting plugin PostSplashScreen
LogPluginManager: Mounting plugin PhysXVehicles
LogPluginManager: Mounting plugin ProceduralMeshComponent
LogPluginManager: Mounting plugin PropertyAccessEditor
LogPluginManager: Mounting plugin RuntimePhysXCooking
LogPluginManager: Mounting plugin SignificanceManager
LogPluginManager: Mounting plugin SoundFields
LogPluginManager: Mounting plugin Synthesis
LogPluginManager: Mounting plugin WebMMoviePlayer
LogPluginManager: Mounting plugin WindowsMoviePlayer
LogPluginManager: Mounting plugin ScreenshotTools
LogPluginManager: Mounting plugin Takes
LogPluginManager: Mounting plugin ContentBrowserAssetDataSource
LogPluginManager: Mounting plugin ContentBrowserFileDataSource
LogPluginManager: Mounting plugin ContentBrowserClassDataSource
LogPluginManager: Mounting plugin OnlineSubsystemGooglePlay
LogPluginManager: Mounting plugin OnlineSubsystemIOS
LogPluginManager: Mounting plugin OculusVR
LogPluginManager: Mounting plugin SteamVR
PixWinPlugin: PIX capture plugin failed to initialize! Check that the process is launched from PIX.
LogInit: Using libcurl 7.55.1-DEV
LogInit:  - built for x86_64-pc-win32
LogInit:  - supports SSL with OpenSSL/1.1.1
LogInit:  - supports HTTP deflate (compression) using libz 1.2.8
LogInit:  - other features:
LogInit:      CURL_VERSION_SSL
LogInit:      CURL_VERSION_LIBZ
LogInit:      CURL_VERSION_IPV6
LogInit:      CURL_VERSION_ASYNCHDNS
LogInit:      CURL_VERSION_LARGEFILE
LogInit:      CURL_VERSION_IDN
LogInit:  CurlRequestOptions (configurable via config and command line):
LogInit:  - bVerifyPeer = true  - Libcurl will verify peer certificate
LogInit:  - bUseHttpProxy = false  - Libcurl will NOT use HTTP proxy
LogInit:  - bDontReuseConnections = false  - Libcurl will reuse connections
LogInit:  - MaxHostConnections = 16  - Libcurl will limit the number of connections to a host
LogInit:  - LocalHostAddr = Default
LogInit:  - BufferSize = 65536
LogOnline: OSS: Creating online subsystem instance for: NULL
LogInit: WinSock: version 1.1 (2.2), MaxSocks=32767, MaxUdp=65467
LogOnline: OSS: TryLoadSubsystemAndSetDefault: Loaded subsystem for module [NULL]
LogOculusPluginWrapper: OculusPlugin initialized successfully
LogHMD: Failed initializing OVRPlugin 1.59.0
LogInit: Build: ++UE4+Release-4.27-CL-18319896
LogInit: Engine Version: 4.27.2-18319896+++UE4+Release-4.27
LogInit: Compatible Engine Version: 4.27.0-17155196+++UE4+Release-4.27
LogInit: Net CL: 17155196
LogInit: OS: Windows 10 (Release 2009) (), CPU: Intel(R) Core(TM) i7-4790K CPU @ 4.00GHz, GPU: NVIDIA GeForce GTX 1070
LogInit: Compiled (64-bit): Nov 30 2021 07:12:08
LogInit: Compiled with Visual C++: 19.24.28315.00
LogInit: Build Configuration: Development
LogInit: Branch Name: ++UE4+Release-4.27
LogInit: Command Line:  /Game/L_Start -game -PIEVIACONSOLE -Multiprocess "GameUserSettingsINI=D:/Gry i Programy/SlaveProject/SlaveProjectUE/Saved/Config/Windows/PIEGameUserSettings0.ini" -MultiprocessSaveConfig -forcepassthrough -messaging -SessionName="Play in Standalone Game" -windowed -ResX=1280 -ResY=720
LogInit: Base Directory: D:/Gry i Programy/UE_4.27/Engine/Binaries/Win64/
LogInit: Allocator: TBB
LogInit: Installed Engine Build: 1
LogDevObjectVersion: Number of dev versions registered: 29
LogDevObjectVersion:   Dev-Blueprints (B0D832E4-1F89-4F0D-ACCF-7EB736FD4AA2): 10
LogDevObjectVersion:   Dev-Build (E1C64328-A22C-4D53-A36C-8E866417BD8C): 0
LogDevObjectVersion:   Dev-Core (375EC13C-06E4-48FB-B500-84F0262A717E): 4
LogDevObjectVersion:   Dev-Editor (E4B068ED-F494-42E9-A231-DA0B2E46BB41): 40
LogDevObjectVersion:   Dev-Framework (CFFC743F-43B0-4480-9391-14DF171D2073): 37
LogDevObjectVersion:   Dev-Mobile (B02B49B5-BB20-44E9-A304-32B752E40360): 3
LogDevObjectVersion:   Dev-Networking (A4E4105C-59A1-49B5-A7C5-40C4547EDFEE): 0
LogDevObjectVersion:   Dev-Online (39C831C9-5AE6-47DC-9A44-9C173E1C8E7C): 0
LogDevObjectVersion:   Dev-Physics (78F01B33-EBEA-4F98-B9B4-84EACCB95AA2): 14
LogDevObjectVersion:   Dev-Platform (6631380F-2D4D-43E0-8009-CF276956A95A): 0
LogDevObjectVersion:   Dev-Rendering (12F88B9F-8875-4AFC-A67C-D90C383ABD29): 45
LogDevObjectVersion:   Dev-Sequencer (7B5AE74C-D270-4C10-A958-57980B212A5A): 13
LogDevObjectVersion:   Dev-VR (D7296918-1DD6-4BDD-9DE2-64A83CC13884): 3
LogDevObjectVersion:   Dev-LoadTimes (C2A15278-BFE7-4AFE-6C17-90FF531DF755): 1
LogDevObjectVersion:   Private-Geometry (6EACA3D4-40EC-4CC1-B786-8BED09428FC5): 3
LogDevObjectVersion:   Dev-AnimPhys (29E575DD-E0A3-4627-9D10-D276232CDCEA): 17
LogDevObjectVersion:   Dev-Anim (AF43A65D-7FD3-4947-9873-3E8ED9C1BB05): 15
LogDevObjectVersion:   Dev-ReflectionCapture (6B266CEC-1EC7-4B8F-A30B-E4D90942FC07): 1
LogDevObjectVersion:   Dev-Automation (0DF73D61-A23F-47EA-B727-89E90C41499A): 1
LogDevObjectVersion:   FortniteMain (601D1886-AC64-4F84-AA16-D3DE0DEAC7D6): 47
LogDevObjectVersion:   FortniteRelease (E7086368-6B23-4C58-8439-1B7016265E91): 1
LogDevObjectVersion:   Dev-Enterprise (9DFFBCD6-494F-0158-E221-12823C92A888): 10
LogDevObjectVersion:   Dev-Niagara (F2AED0AC-9AFE-416F-8664-AA7FFA26D6FC): 1
LogDevObjectVersion:   Dev-Destruction (174F1F0B-B4C6-45A5-B13F-2EE8D0FB917D): 10
LogDevObjectVersion:   Dev-Physics-Ext (35F94A83-E258-406C-A318-09F59610247C): 41
LogDevObjectVersion:   Dev-PhysicsMaterial-Chaos (B68FC16E-8B1B-42E2-B453-215C058844FE): 1
LogDevObjectVersion:   Dev-CineCamera (B2E18506-4273-CFC2-A54E-F4BB758BBA07): 1
LogDevObjectVersion:   Dev-VirtualProduction (64F58936-FD1B-42BA-BA96-7289D5D0FA4E): 1
LogDevObjectVersion:   Dev-MediaFramework (6F0ED827-A609-4895-9C91-998D90180EA4): 2
LogInit: Presizing for max 25165824 objects, including 0 objects not considered by GC, pre-allocating 0 bytes for permanent pool.
LogConfig: Applying CVar settings from Section [/Script/Engine.StreamingSettings] File [D:/Gry i Programy/SlaveProject/SlaveProjectUE/Saved/Config/Windows/Engine.ini]
LogConfig: Setting CVar [[s.MinBulkDataSizeForAsyncLoading:131072]]
LogConfig: Setting CVar [[s.AsyncLoadingThreadEnabled:0]]
LogConfig: Setting CVar [[s.EventDrivenLoaderEnabled:1]]
LogConfig: Setting CVar [[s.WarnIfTimeLimitExceeded:0]]
LogConfig: Setting CVar [[s.TimeLimitExceededMultiplier:1.5]]
LogConfig: Setting CVar [[s.TimeLimitExceededMinTime:0.005]]
LogConfig: Setting CVar [[s.UseBackgroundLevelStreaming:1]]
LogConfig: Setting CVar [[s.PriorityAsyncLoadingExtraTime:15.0]]
LogConfig: Setting CVar [[s.LevelStreamingActorsUpdateTimeLimit:5.0]]
LogConfig: Setting CVar [[s.PriorityLevelStreamingActorsUpdateExtraTime:5.0]]
LogConfig: Setting CVar [[s.LevelStreamingComponentsRegistrationGranularity:10]]
LogConfig: Setting CVar [[s.UnregisterComponentsTimeLimit:1.0]]
LogConfig: Setting CVar [[s.LevelStreamingComponentsUnregistrationGranularity:5]]
LogConfig: Setting CVar [[s.FlushStreamingOnExit:1]]
LogInit: Object subsystem initialized
LogConfig: Setting CVar [[con.DebugEarlyDefault:1]]
LogConfig: Setting CVar [[r.setres:1280x720]]
[2022.02.08-18.50.18:001][  0]LogConfig: Setting CVar [[con.DebugEarlyDefault:1]]
[2022.02.08-18.50.18:001][  0]LogConfig: Setting CVar [[r.setres:1280x720]]
[2022.02.08-18.50.18:002][  0]LogConfig: Applying CVar settings from Section [/Script/Engine.RendererSettings] File [D:/Gry i Programy/SlaveProject/SlaveProjectUE/Saved/Config/Windows/Engine.ini]
[2022.02.08-18.50.18:002][  0]LogConfig: Setting CVar [[r.GPUCrashDebugging:0]]
[2022.02.08-18.50.18:002][  0]LogConfig: Applying CVar settings from Section [/Script/Engine.RendererOverrideSettings] File [D:/Gry i Programy/SlaveProject/SlaveProjectUE/Saved/Config/Windows/Engine.ini]
[2022.02.08-18.50.18:002][  0]LogConfig: Applying CVar settings from Section [/Script/Engine.StreamingSettings] File [D:/Gry i Programy/SlaveProject/SlaveProjectUE/Saved/Config/Windows/Engine.ini]
[2022.02.08-18.50.18:002][  0]LogConfig: Setting CVar [[s.MinBulkDataSizeForAsyncLoading:131072]]
[2022.02.08-18.50.18:002][  0]LogConfig: Setting CVar [[s.AsyncLoadingThreadEnabled:0]]
[2022.02.08-18.50.18:002][  0]LogConfig: Setting CVar [[s.EventDrivenLoaderEnabled:1]]
[2022.02.08-18.50.18:002][  0]LogConfig: Setting CVar [[s.WarnIfTimeLimitExceeded:0]]
[2022.02.08-18.50.18:002][  0]LogConfig: Setting CVar [[s.TimeLimitExceededMultiplier:1.5]]
[2022.02.08-18.50.18:002][  0]LogConfig: Setting CVar [[s.TimeLimitExceededMinTime:0.005]]
[2022.02.08-18.50.18:002][  0]LogConfig: Setting CVar [[s.UseBackgroundLevelStreaming:1]]
[2022.02.08-18.50.18:002][  0]LogConfig: Setting CVar [[s.PriorityAsyncLoadingExtraTime:15.0]]
[2022.02.08-18.50.18:002][  0]LogConfig: Setting CVar [[s.LevelStreamingActorsUpdateTimeLimit:5.0]]
[2022.02.08-18.50.18:002][  0]LogConfig: Setting CVar [[s.PriorityLevelStreamingActorsUpdateExtraTime:5.0]]
[2022.02.08-18.50.18:002][  0]LogConfig: Setting CVar [[s.LevelStreamingComponentsRegistrationGranularity:10]]
[2022.02.08-18.50.18:002][  0]LogConfig: Setting CVar [[s.UnregisterComponentsTimeLimit:1.0]]
[2022.02.08-18.50.18:002][  0]LogConfig: Setting CVar [[s.LevelStreamingComponentsUnregistrationGranularity:5]]
[2022.02.08-18.50.18:002][  0]LogConfig: Setting CVar [[s.FlushStreamingOnExit:1]]
[2022.02.08-18.50.18:002][  0]LogConfig: Applying CVar settings from Section [/Script/Engine.GarbageCollectionSettings] File [D:/Gry i Programy/SlaveProject/SlaveProjectUE/Saved/Config/Windows/Engine.ini]
[2022.02.08-18.50.18:002][  0]LogConfig: Setting CVar [[gc.MaxObjectsNotConsideredByGC:1]]
[2022.02.08-18.50.18:002][  0]LogConfig: Setting CVar [[gc.SizeOfPermanentObjectPool:0]]
[2022.02.08-18.50.18:002][  0]LogConfig: Setting CVar [[gc.FlushStreamingOnGC:0]]
[2022.02.08-18.50.18:002][  0]LogConfig: Setting CVar [[gc.NumRetriesBeforeForcingGC:10]]
[2022.02.08-18.50.18:002][  0]LogConfig: Setting CVar [[gc.AllowParallelGC:1]]
[2022.02.08-18.50.18:003][  0]LogConfig: Setting CVar [[gc.TimeBetweenPurgingPendingKillObjects:61.1]]
[2022.02.08-18.50.18:003][  0]LogConfig: Setting CVar [[gc.MaxObjectsInEditor:25165824]]
[2022.02.08-18.50.18:003][  0]LogConfig: Setting CVar [[gc.IncrementalBeginDestroyEnabled:1]]
[2022.02.08-18.50.18:003][  0]LogConfig: Setting CVar [[gc.CreateGCClusters:1]]
[2022.02.08-18.50.18:003][  0]LogConfig: Setting CVar [[gc.MinGCClusterSize:5]]
[2022.02.08-18.50.18:003][  0]LogConfig: Setting CVar [[gc.ActorClusteringEnabled:0]]
[2022.02.08-18.50.18:003][  0]LogConfig: Setting CVar [[gc.BlueprintClusteringEnabled:0]]
[2022.02.08-18.50.18:003][  0]LogConfig: Setting CVar [[gc.UseDisregardForGCOnDedicatedServers:0]]
[2022.02.08-18.50.18:003][  0]LogConfig: Setting CVar [[gc.MultithreadedDestructionEnabled:1]]
[2022.02.08-18.50.18:003][  0]LogConfig: Applying CVar settings from Section [/Script/Engine.NetworkSettings] File [D:/Gry i Programy/SlaveProject/SlaveProjectUE/Saved/Config/Windows/Engine.ini]
[2022.02.08-18.50.18:003][  0]LogConfig: Applying CVar settings from Section [/Script/UnrealEd.CookerSettings] File [D:/Gry i Programy/SlaveProject/SlaveProjectUE/Saved/Config/Windows/Engine.ini]
[2022.02.08-18.50.18:039][  0]LogConfig: Applying CVar settings from Section [ViewDistanceQuality@3] File [D:/Gry i Programy/SlaveProject/SlaveProjectUE/Saved/Config/Windows/Scalability.ini]
[2022.02.08-18.50.18:039][  0]LogConfig: Setting CVar [[r.SkeletalMeshLODBias:0]]
[2022.02.08-18.50.18:039][  0]LogConfig: Setting CVar [[r.ViewDistanceScale:1.0]]
[2022.02.08-18.50.18:039][  0]LogConfig: Applying CVar settings from Section [AntiAliasingQuality@3] File [D:/Gry i Programy/SlaveProject/SlaveProjectUE/Saved/Config/Windows/Scalability.ini]
[2022.02.08-18.50.18:039][  0]LogConfig: Setting CVar [[r.PostProcessAAQuality:4]]
[2022.02.08-18.50.18:039][  0]LogConfig: Applying CVar settings from Section [ShadowQuality@3] File [D:/Gry i Programy/SlaveProject/SlaveProjectUE/Saved/Config/Windows/Scalability.ini]
[2022.02.08-18.50.18:039][  0]LogConfig: Setting CVar [[r.LightFunctionQuality:1]]
[2022.02.08-18.50.18:039][  0]LogConfig: Setting CVar [[r.ShadowQuality:5]]
[2022.02.08-18.50.18:039][  0]LogConfig: Setting CVar [[r.Shadow.CSM.MaxCascades:10]]
[2022.02.08-18.50.18:039][  0]LogConfig: Setting CVar [[r.Shadow.MaxResolution:2048]]
[2022.02.08-18.50.18:039][  0]LogConfig: Setting CVar [[r.Shadow.MaxCSMResolution:2048]]
[2022.02.08-18.50.18:039][  0]LogConfig: Setting CVar [[r.Shadow.RadiusThreshold:0.01]]
[2022.02.08-18.50.18:039][  0]LogConfig: Setting CVar [[r.Shadow.DistanceScale:1.0]]
[2022.02.08-18.50.18:039][  0]LogConfig: Setting CVar [[r.Shadow.CSM.TransitionScale:1.0]]
[2022.02.08-18.50.18:039][  0]LogConfig: Setting CVar [[r.Shadow.PreShadowResolutionFactor:1.0]]
[2022.02.08-18.50.18:039][  0]LogConfig: Setting CVar [[r.DistanceFieldShadowing:1]]
[2022.02.08-18.50.18:039][  0]LogConfig: Setting CVar [[r.DistanceFieldAO:1]]
[2022.02.08-18.50.18:039][  0]LogConfig: Setting CVar [[r.AOQuality:2]]
[2022.02.08-18.50.18:039][  0]LogConfig: Setting CVar [[r.VolumetricFog:1]]
[2022.02.08-18.50.18:039][  0]LogConfig: Setting CVar [[r.VolumetricFog.GridPixelSize:8]]
[2022.02.08-18.50.18:039][  0]LogConfig: Setting CVar [[r.VolumetricFog.GridSizeZ:128]]
[2022.02.08-18.50.18:039][  0]LogConfig: Setting CVar [[r.VolumetricFog.HistoryMissSupersampleCount:4]]
[2022.02.08-18.50.18:039][  0]LogConfig: Setting CVar [[r.LightMaxDrawDistanceScale:1]]
[2022.02.08-18.50.18:039][  0]LogConfig: Setting CVar [[r.CapsuleShadows:1]]
[2022.02.08-18.50.18:039][  0]LogConfig: Applying CVar settings from Section [PostProcessQuality@3] File [D:/Gry i Programy/SlaveProject/SlaveProjectUE/Saved/Config/Windows/Scalability.ini]
[2022.02.08-18.50.18:039][  0]LogConfig: Setting CVar [[r.MotionBlurQuality:4]]
[2022.02.08-18.50.18:039][  0]LogConfig: Setting CVar [[r.AmbientOcclusionMipLevelFactor:0.4]]
[2022.02.08-18.50.18:039][  0]LogConfig: Setting CVar [[r.AmbientOcclusionMaxQuality:100]]
[2022.02.08-18.50.18:039][  0]LogConfig: Setting CVar [[r.AmbientOcclusionLevels:-1]]
[2022.02.08-18.50.18:040][  0]LogConfig: Setting CVar [[r.AmbientOcclusionRadiusScale:1.0]]
[2022.02.08-18.50.18:040][  0]LogConfig: Setting CVar [[r.DepthOfFieldQuality:2]]
[2022.02.08-18.50.18:040][  0]LogConfig: Setting CVar [[r.RenderTargetPoolMin:400]]
[2022.02.08-18.50.18:040][  0]LogConfig: Setting CVar [[r.LensFlareQuality:2]]
[2022.02.08-18.50.18:040][  0]LogConfig: Setting CVar [[r.SceneColorFringeQuality:1]]
[2022.02.08-18.50.18:040][  0]LogConfig: Setting CVar [[r.EyeAdaptationQuality:2]]
[2022.02.08-18.50.18:040][  0]LogConfig: Setting CVar [[r.BloomQuality:5]]
[2022.02.08-18.50.18:040][  0]LogConfig: Setting CVar [[r.FastBlurThreshold:100]]
[2022.02.08-18.50.18:040][  0]LogConfig: Setting CVar [[r.Upscale.Quality:3]]
[2022.02.08-18.50.18:040][  0]LogConfig: Setting CVar [[r.Tonemapper.GrainQuantization:1]]
[2022.02.08-18.50.18:040][  0]LogConfig: Setting CVar [[r.LightShaftQuality:1]]
[2022.02.08-18.50.18:040][  0]LogConfig: Setting CVar [[r.Filter.SizeScale:1]]
[2022.02.08-18.50.18:040][  0]LogConfig: Setting CVar [[r.Tonemapper.Quality:5]]
[2022.02.08-18.50.18:040][  0]LogConfig: Setting CVar [[r.DOF.Gather.AccumulatorQuality:1        ; higher gathering accumulator quality]]
[2022.02.08-18.50.18:040][  0]LogConfig: Setting CVar [[r.DOF.Gather.PostfilterMethod:1          ; Median3x3 postfilering method]]
[2022.02.08-18.50.18:040][  0]LogConfig: Setting CVar [[r.DOF.Gather.EnableBokehSettings:0       ; no bokeh simulation when gathering]]
[2022.02.08-18.50.18:040][  0]LogConfig: Setting CVar [[r.DOF.Gather.RingCount:4                 ; medium number of samples when gathering]]
[2022.02.08-18.50.18:040][  0]LogConfig: Setting CVar [[r.DOF.Scatter.ForegroundCompositing:1    ; additive foreground scattering]]
[2022.02.08-18.50.18:040][  0]LogConfig: Setting CVar [[r.DOF.Scatter.BackgroundCompositing:2    ; additive background scattering]]
[2022.02.08-18.50.18:040][  0]LogConfig: Setting CVar [[r.DOF.Scatter.EnableBokehSettings:1      ; bokeh simulation when scattering]]
[2022.02.08-18.50.18:040][  0]LogConfig: Setting CVar [[r.DOF.Scatter.MaxSpriteRatio:0.1         ; only a maximum of 10% of scattered bokeh]]
[2022.02.08-18.50.18:040][  0]LogConfig: Setting CVar [[r.DOF.Recombine.Quality:1                ; cheap slight out of focus]]
[2022.02.08-18.50.18:040][  0]LogConfig: Setting CVar [[r.DOF.Recombine.EnableBokehSettings:0    ; no bokeh simulation on slight out of focus]]
[2022.02.08-18.50.18:040][  0]LogConfig: Setting CVar [[r.DOF.TemporalAAQuality:1                ; more stable temporal accumulation]]
[2022.02.08-18.50.18:040][  0]LogConfig: Setting CVar [[r.DOF.Kernel.MaxForegroundRadius:0.025]]
[2022.02.08-18.50.18:040][  0]LogConfig: Setting CVar [[r.DOF.Kernel.MaxBackgroundRadius:0.025]]
[2022.02.08-18.50.18:040][  0]LogConfig: Applying CVar settings from Section [TextureQuality@3] File [D:/Gry i Programy/SlaveProject/SlaveProjectUE/Saved/Config/Windows/Scalability.ini]
[2022.02.08-18.50.18:040][  0]LogConfig: Setting CVar [[r.Streaming.MipBias:0]]
[2022.02.08-18.50.18:040][  0]LogConfig: Setting CVar [[r.Streaming.AmortizeCPUToGPUCopy:0]]
[2022.02.08-18.50.18:041][  0]LogConfig: Setting CVar [[r.Streaming.MaxNumTexturesToStreamPerFrame:0]]
[2022.02.08-18.50.18:041][  0]LogConfig: Setting CVar [[r.Streaming.Boost:1]]
[2022.02.08-18.50.18:041][  0]LogConfig: Setting CVar [[r.MaxAnisotropy:8]]
[2022.02.08-18.50.18:041][  0]LogConfig: Setting CVar [[r.VT.MaxAnisotropy:8]]
[2022.02.08-18.50.18:041][  0]LogConfig: Setting CVar [[r.Streaming.LimitPoolSizeToVRAM:0]]
[2022.02.08-18.50.18:041][  0]LogConfig: Setting CVar [[r.Streaming.PoolSize:1000]]
[2022.02.08-18.50.18:041][  0]LogConfig: Setting CVar [[r.Streaming.MaxEffectiveScreenSize:0]]
[2022.02.08-18.50.18:041][  0]LogConfig: Applying CVar settings from Section [EffectsQuality@3] File [D:/Gry i Programy/SlaveProject/SlaveProjectUE/Saved/Config/Windows/Scalability.ini]
[2022.02.08-18.50.18:041][  0]LogConfig: Setting CVar [[r.TranslucencyLightingVolumeDim:64]]
[2022.02.08-18.50.18:041][  0]LogConfig: Setting CVar [[r.RefractionQuality:2]]
[2022.02.08-18.50.18:041][  0]LogConfig: Setting CVar [[r.SSR.Quality:3]]
[2022.02.08-18.50.18:041][  0]LogConfig: Setting CVar [[r.SSR.HalfResSceneColor:0]]
[2022.02.08-18.50.18:041][  0]LogConfig: Setting CVar [[r.SceneColorFormat:4]]
[2022.02.08-18.50.18:041][  0]LogConfig: Setting CVar [[r.DetailMode:2]]
[2022.02.08-18.50.18:041][  0]LogConfig: Setting CVar [[r.TranslucencyVolumeBlur:1]]
[2022.02.08-18.50.18:041][  0]LogConfig: Setting CVar [[r.MaterialQualityLevel:1 ; High quality]]
[2022.02.08-18.50.18:041][  0]LogConfig: Setting CVar [[r.AnisotropicMaterials:1]]
[2022.02.08-18.50.18:041][  0]LogConfig: Setting CVar [[r.SSS.Scale:1]]
[2022.02.08-18.50.18:041][  0]LogConfig: Setting CVar [[r.SSS.SampleSet:2]]
[2022.02.08-18.50.18:041][  0]LogConfig: Setting CVar [[r.SSS.Quality:1]]
[2022.02.08-18.50.18:041][  0]LogConfig: Setting CVar [[r.SSS.HalfRes:0]]
[2022.02.08-18.50.18:041][  0]LogConfig: Setting CVar [[r.SSGI.Quality:3]]
[2022.02.08-18.50.18:041][  0]LogConfig: Setting CVar [[r.EmitterSpawnRateScale:1.0]]
[2022.02.08-18.50.18:041][  0]LogConfig: Setting CVar [[r.ParticleLightQuality:2]]
[2022.02.08-18.50.18:041][  0]LogConfig: Setting CVar [[r.SkyAtmosphere.AerialPerspectiveLUT.FastApplyOnOpaque:1 ; Always have FastSkyLUT 1 in this case to avoid wrong sky]]
[2022.02.08-18.50.18:041][  0]LogConfig: Setting CVar [[r.SkyAtmosphere.AerialPerspectiveLUT.SampleCountMaxPerSlice:4]]
[2022.02.08-18.50.18:041][  0]LogConfig: Setting CVar [[r.SkyAtmosphere.AerialPerspectiveLUT.DepthResolution:16.0]]
[2022.02.08-18.50.18:042][  0]LogConfig: Setting CVar [[r.SkyAtmosphere.FastSkyLUT:1]]
[2022.02.08-18.50.18:042][  0]LogConfig: Setting CVar [[r.SkyAtmosphere.FastSkyLUT.SampleCountMin:4.0]]
[2022.02.08-18.50.18:042][  0]LogConfig: Setting CVar [[r.SkyAtmosphere.FastSkyLUT.SampleCountMax:128.0]]
[2022.02.08-18.50.18:042][  0]LogConfig: Setting CVar [[r.SkyAtmosphere.SampleCountMin:4.0]]
[2022.02.08-18.50.18:042][  0]LogConfig: Setting CVar [[r.SkyAtmosphere.SampleCountMax:128.0]]
[2022.02.08-18.50.18:042][  0]LogConfig: Setting CVar [[r.SkyAtmosphere.TransmittanceLUT.UseSmallFormat:0]]
[2022.02.08-18.50.18:042][  0]LogConfig: Setting CVar [[r.SkyAtmosphere.TransmittanceLUT.SampleCount:10.0]]
[2022.02.08-18.50.18:042][  0]LogConfig: Setting CVar [[r.SkyAtmosphere.MultiScatteringLUT.SampleCount:15.0]]
[2022.02.08-18.50.18:042][  0]LogConfig: Setting CVar [[r.SkyLight.RealTimeReflectionCapture:1]]
[2022.02.08-18.50.18:042][  0]LogConfig: Applying CVar settings from Section [FoliageQuality@3] File [D:/Gry i Programy/SlaveProject/SlaveProjectUE/Saved/Config/Windows/Scalability.ini]
[2022.02.08-18.50.18:042][  0]LogConfig: Setting CVar [[foliage.DensityScale:1.0]]
[2022.02.08-18.50.18:042][  0]LogConfig: Setting CVar [[grass.DensityScale:1.0]]
[2022.02.08-18.50.18:042][  0]LogConfig: Applying CVar settings from Section [ShadingQuality@3] File [D:/Gry i Programy/SlaveProject/SlaveProjectUE/Saved/Config/Windows/Scalability.ini]
[2022.02.08-18.50.18:042][  0]LogConfig: Setting CVar [[r.HairStrands.SkyLighting.IntegrationType:2]]
[2022.02.08-18.50.18:042][  0]LogConfig: Setting CVar [[r.HairStrands.SkyAO.SampleCount:4]]
[2022.02.08-18.50.18:042][  0]LogConfig: Setting CVar [[r.HairStrands.Visibility.MSAA.SamplePerPixel:4]]
[2022.02.08-18.50.18:042][  0]LogInit: Selected Device Profile: [Windows]
[2022.02.08-18.50.18:042][  0]LogInit: Applying CVar settings loaded from the selected device profile: [Windows]
[2022.02.08-18.50.18:042][  0]LogHAL: Display: Platform has ~ 16 GB [17120120832 / 17179869184 / 16], which maps to Larger [LargestMinGB=32, LargerMinGB=12, DefaultMinGB=8, SmallerMinGB=6, SmallestMinGB=0)
[2022.02.08-18.50.18:042][  0]LogInit: Going up to parent DeviceProfile []
[2022.02.08-18.50.18:042][  0]LogConfig: Applying CVar settings from Section [ViewDistanceQuality@3] File [D:/Gry i Programy/SlaveProject/SlaveProjectUE/Saved/Config/Windows/Scalability.ini]
[2022.02.08-18.50.18:043][  0]LogConfig: Setting CVar [[r.SkeletalMeshLODBias:0]]
[2022.02.08-18.50.18:043][  0]LogConfig: Setting CVar [[r.ViewDistanceScale:1.0]]
[2022.02.08-18.50.18:043][  0]LogConfig: Applying CVar settings from Section [AntiAliasingQuality@3] File [D:/Gry i Programy/SlaveProject/SlaveProjectUE/Saved/Config/Windows/Scalability.ini]
[2022.02.08-18.50.18:043][  0]LogConfig: Setting CVar [[r.PostProcessAAQuality:4]]
[2022.02.08-18.50.18:043][  0]LogConfig: Applying CVar settings from Section [ShadowQuality@3] File [D:/Gry i Programy/SlaveProject/SlaveProjectUE/Saved/Config/Windows/Scalability.ini]
[2022.02.08-18.50.18:043][  0]LogConfig: Setting CVar [[r.LightFunctionQuality:1]]
[2022.02.08-18.50.18:043][  0]LogConfig: Setting CVar [[r.ShadowQuality:5]]
[2022.02.08-18.50.18:043][  0]LogConfig: Setting CVar [[r.Shadow.CSM.MaxCascades:10]]
[2022.02.08-18.50.18:043][  0]LogConfig: Setting CVar [[r.Shadow.MaxResolution:2048]]
[2022.02.08-18.50.18:043][  0]LogConfig: Setting CVar [[r.Shadow.MaxCSMResolution:2048]]
[2022.02.08-18.50.18:043][  0]LogConfig: Setting CVar [[r.Shadow.RadiusThreshold:0.01]]
[2022.02.08-18.50.18:043][  0]LogConfig: Setting CVar [[r.Shadow.DistanceScale:1.0]]
[2022.02.08-18.50.18:043][  0]LogConfig: Setting CVar [[r.Shadow.CSM.TransitionScale:1.0]]
[2022.02.08-18.50.18:043][  0]LogConfig: Setting CVar [[r.Shadow.PreShadowResolutionFactor:1.0]]
[2022.02.08-18.50.18:043][  0]LogConfig: Setting CVar [[r.DistanceFieldShadowing:1]]
[2022.02.08-18.50.18:043][  0]LogConfig: Setting CVar [[r.DistanceFieldAO:1]]
[2022.02.08-18.50.18:043][  0]LogConfig: Setting CVar [[r.AOQuality:2]]
[2022.02.08-18.50.18:043][  0]LogConfig: Setting CVar [[r.VolumetricFog:1]]
[2022.02.08-18.50.18:043][  0]LogConfig: Setting CVar [[r.VolumetricFog.GridPixelSize:8]]
[2022.02.08-18.50.18:043][  0]LogConfig: Setting CVar [[r.VolumetricFog.GridSizeZ:128]]
[2022.02.08-18.50.18:043][  0]LogConfig: Setting CVar [[r.VolumetricFog.HistoryMissSupersampleCount:4]]
[2022.02.08-18.50.18:043][  0]LogConfig: Setting CVar [[r.LightMaxDrawDistanceScale:1]]
[2022.02.08-18.50.18:043][  0]LogConfig: Setting CVar [[r.CapsuleShadows:1]]
[2022.02.08-18.50.18:043][  0]LogConfig: Applying CVar settings from Section [PostProcessQuality@3] File [D:/Gry i Programy/SlaveProject/SlaveProjectUE/Saved/Config/Windows/Scalability.ini]
[2022.02.08-18.50.18:043][  0]LogConfig: Setting CVar [[r.MotionBlurQuality:4]]
[2022.02.08-18.50.18:043][  0]LogConfig: Setting CVar [[r.AmbientOcclusionMipLevelFactor:0.4]]
[2022.02.08-18.50.18:043][  0]LogConfig: Setting CVar [[r.AmbientOcclusionMaxQuality:100]]
[2022.02.08-18.50.18:043][  0]LogConfig: Setting CVar [[r.AmbientOcclusionLevels:-1]]
[2022.02.08-18.50.18:043][  0]LogConfig: Setting CVar [[r.AmbientOcclusionRadiusScale:1.0]]
[2022.02.08-18.50.18:043][  0]LogConfig: Setting CVar [[r.DepthOfFieldQuality:2]]
[2022.02.08-18.50.18:044][  0]LogConfig: Setting CVar [[r.RenderTargetPoolMin:400]]
[2022.02.08-18.50.18:044][  0]LogConfig: Setting CVar [[r.LensFlareQuality:2]]
[2022.02.08-18.50.18:044][  0]LogConfig: Setting CVar [[r.SceneColorFringeQuality:1]]
[2022.02.08-18.50.18:044][  0]LogConfig: Setting CVar [[r.EyeAdaptationQuality:2]]
[2022.02.08-18.50.18:044][  0]LogConfig: Setting CVar [[r.BloomQuality:5]]
[2022.02.08-18.50.18:044][  0]LogConfig: Setting CVar [[r.FastBlurThreshold:100]]
[2022.02.08-18.50.18:044][  0]LogConfig: Setting CVar [[r.Upscale.Quality:3]]
[2022.02.08-18.50.18:044][  0]LogConfig: Setting CVar [[r.Tonemapper.GrainQuantization:1]]
[2022.02.08-18.50.18:044][  0]LogConfig: Setting CVar [[r.LightShaftQuality:1]]
[2022.02.08-18.50.18:044][  0]LogConfig: Setting CVar [[r.Filter.SizeScale:1]]
[2022.02.08-18.50.18:044][  0]LogConfig: Setting CVar [[r.Tonemapper.Quality:5]]
[2022.02.08-18.50.18:044][  0]LogConfig: Setting CVar [[r.DOF.Gather.AccumulatorQuality:1        ; higher gathering accumulator quality]]
[2022.02.08-18.50.18:044][  0]LogConfig: Setting CVar [[r.DOF.Gather.PostfilterMethod:1          ; Median3x3 postfilering method]]
[2022.02.08-18.50.18:044][  0]LogConfig: Setting CVar [[r.DOF.Gather.EnableBokehSettings:0       ; no bokeh simulation when gathering]]
[2022.02.08-18.50.18:044][  0]LogConfig: Setting CVar [[r.DOF.Gather.RingCount:4                 ; medium number of samples when gathering]]
[2022.02.08-18.50.18:044][  0]LogConfig: Setting CVar [[r.DOF.Scatter.ForegroundCompositing:1    ; additive foreground scattering]]
[2022.02.08-18.50.18:044][  0]LogConfig: Setting CVar [[r.DOF.Scatter.BackgroundCompositing:2    ; additive background scattering]]
[2022.02.08-18.50.18:044][  0]LogConfig: Setting CVar [[r.DOF.Scatter.EnableBokehSettings:1      ; bokeh simulation when scattering]]
[2022.02.08-18.50.18:044][  0]LogConfig: Setting CVar [[r.DOF.Scatter.MaxSpriteRatio:0.1         ; only a maximum of 10% of scattered bokeh]]
[2022.02.08-18.50.18:044][  0]LogConfig: Setting CVar [[r.DOF.Recombine.Quality:1                ; cheap slight out of focus]]
[2022.02.08-18.50.18:044][  0]LogConfig: Setting CVar [[r.DOF.Recombine.EnableBokehSettings:0    ; no bokeh simulation on slight out of focus]]
[2022.02.08-18.50.18:044][  0]LogConfig: Setting CVar [[r.DOF.TemporalAAQuality:1                ; more stable temporal accumulation]]
[2022.02.08-18.50.18:044][  0]LogConfig: Setting CVar [[r.DOF.Kernel.MaxForegroundRadius:0.025]]
[2022.02.08-18.50.18:044][  0]LogConfig: Setting CVar [[r.DOF.Kernel.MaxBackgroundRadius:0.025]]
[2022.02.08-18.50.18:044][  0]LogConfig: Applying CVar settings from Section [TextureQuality@3] File [D:/Gry i Programy/SlaveProject/SlaveProjectUE/Saved/Config/Windows/Scalability.ini]
[2022.02.08-18.50.18:044][  0]LogConfig: Setting CVar [[r.Streaming.MipBias:0]]
[2022.02.08-18.50.18:044][  0]LogConfig: Setting CVar [[r.Streaming.AmortizeCPUToGPUCopy:0]]
[2022.02.08-18.50.18:044][  0]LogConfig: Setting CVar [[r.Streaming.MaxNumTexturesToStreamPerFrame:0]]
[2022.02.08-18.50.18:044][  0]LogConfig: Setting CVar [[r.Streaming.Boost:1]]
[2022.02.08-18.50.18:044][  0]LogConfig: Setting CVar [[r.MaxAnisotropy:8]]
[2022.02.08-18.50.18:044][  0]LogConfig: Setting CVar [[r.VT.MaxAnisotropy:8]]
[2022.02.08-18.50.18:044][  0]LogConfig: Setting CVar [[r.Streaming.LimitPoolSizeToVRAM:0]]
[2022.02.08-18.50.18:044][  0]LogConfig: Setting CVar [[r.Streaming.PoolSize:1000]]
[2022.02.08-18.50.18:044][  0]LogConfig: Setting CVar [[r.Streaming.MaxEffectiveScreenSize:0]]
[2022.02.08-18.50.18:044][  0]LogConfig: Applying CVar settings from Section [EffectsQuality@3] File [D:/Gry i Programy/SlaveProject/SlaveProjectUE/Saved/Config/Windows/Scalability.ini]
[2022.02.08-18.50.18:044][  0]LogConfig: Setting CVar [[r.TranslucencyLightingVolumeDim:64]]
[2022.02.08-18.50.18:044][  0]LogConfig: Setting CVar [[r.RefractionQuality:2]]
[2022.02.08-18.50.18:045][  0]LogConfig: Setting CVar [[r.SSR.Quality:3]]
[2022.02.08-18.50.18:045][  0]LogConfig: Setting CVar [[r.SSR.HalfResSceneColor:0]]
[2022.02.08-18.50.18:045][  0]LogConfig: Setting CVar [[r.SceneColorFormat:4]]
[2022.02.08-18.50.18:045][  0]LogConfig: Setting CVar [[r.DetailMode:2]]
[2022.02.08-18.50.18:045][  0]LogConfig: Setting CVar [[r.TranslucencyVolumeBlur:1]]
[2022.02.08-18.50.18:045][  0]LogConfig: Setting CVar [[r.MaterialQualityLevel:1 ; High quality]]
[2022.02.08-18.50.18:045][  0]LogConfig: Setting CVar [[r.AnisotropicMaterials:1]]
[2022.02.08-18.50.18:045][  0]LogConfig: Setting CVar [[r.SSS.Scale:1]]
[2022.02.08-18.50.18:045][  0]LogConfig: Setting CVar [[r.SSS.SampleSet:2]]
[2022.02.08-18.50.18:045][  0]LogConfig: Setting CVar [[r.SSS.Quality:1]]
[2022.02.08-18.50.18:045][  0]LogConfig: Setting CVar [[r.SSS.HalfRes:0]]
[2022.02.08-18.50.18:045][  0]LogConfig: Setting CVar [[r.SSGI.Quality:3]]
[2022.02.08-18.50.18:045][  0]LogConfig: Setting CVar [[r.EmitterSpawnRateScale:1.0]]
[2022.02.08-18.50.18:045][  0]LogConfig: Setting CVar [[r.ParticleLightQuality:2]]
[2022.02.08-18.50.18:045][  0]LogConfig: Setting CVar [[r.SkyAtmosphere.AerialPerspectiveLUT.FastApplyOnOpaque:1 ; Always have FastSkyLUT 1 in this case to avoid wrong sky]]
[2022.02.08-18.50.18:045][  0]LogConfig: Setting CVar [[r.SkyAtmosphere.AerialPerspectiveLUT.SampleCountMaxPerSlice:4]]
[2022.02.08-18.50.18:045][  0]LogConfig: Setting CVar [[r.SkyAtmosphere.AerialPerspectiveLUT.DepthResolution:16.0]]
[2022.02.08-18.50.18:045][  0]LogConfig: Setting CVar [[r.SkyAtmosphere.FastSkyLUT:1]]
[2022.02.08-18.50.18:045][  0]LogConfig: Setting CVar [[r.SkyAtmosphere.FastSkyLUT.SampleCountMin:4.0]]
[2022.02.08-18.50.18:045][  0]LogConfig: Setting CVar [[r.SkyAtmosphere.FastSkyLUT.SampleCountMax:128.0]]
[2022.02.08-18.50.18:045][  0]LogConfig: Setting CVar [[r.SkyAtmosphere.SampleCountMin:4.0]]
[2022.02.08-18.50.18:045][  0]LogConfig: Setting CVar [[r.SkyAtmosphere.SampleCountMax:128.0]]
[2022.02.08-18.50.18:045][  0]LogConfig: Setting CVar [[r.SkyAtmosphere.TransmittanceLUT.UseSmallFormat:0]]
[2022.02.08-18.50.18:045][  0]LogConfig: Setting CVar [[r.SkyAtmosphere.TransmittanceLUT.SampleCount:10.0]]
[2022.02.08-18.50.18:045][  0]LogConfig: Setting CVar [[r.SkyAtmosphere.MultiScatteringLUT.SampleCount:15.0]]
[2022.02.08-18.50.18:045][  0]LogConfig: Setting CVar [[r.SkyLight.RealTimeReflectionCapture:1]]
[2022.02.08-18.50.18:045][  0]LogConfig: Applying CVar settings from Section [FoliageQuality@3] File [D:/Gry i Programy/SlaveProject/SlaveProjectUE/Saved/Config/Windows/Scalability.ini]
[2022.02.08-18.50.18:045][  0]LogConfig: Setting CVar [[foliage.DensityScale:1.0]]
[2022.02.08-18.50.18:045][  0]LogConfig: Setting CVar [[grass.DensityScale:1.0]]
[2022.02.08-18.50.18:045][  0]LogConfig: Applying CVar settings from Section [ShadingQuality@3] File [D:/Gry i Programy/SlaveProject/SlaveProjectUE/Saved/Config/Windows/Scalability.ini]
[2022.02.08-18.50.18:045][  0]LogConfig: Setting CVar [[r.HairStrands.SkyLighting.IntegrationType:2]]
[2022.02.08-18.50.18:045][  0]LogConfig: Setting CVar [[r.HairStrands.SkyAO.SampleCount:4]]
[2022.02.08-18.50.18:045][  0]LogConfig: Setting CVar [[r.HairStrands.Visibility.MSAA.SamplePerPixel:4]]
[2022.02.08-18.50.18:045][  0]LogConfig: Applying CVar settings from Section [Startup] File [../../../Engine/Config/ConsoleVariables.ini]
[2022.02.08-18.50.18:046][  0]LogConfig: Setting CVar [[net.UseAdaptiveNetUpdateFrequency:0]]
[2022.02.08-18.50.18:046][  0]LogConfig: Setting CVar [[p.chaos.AllowCreatePhysxBodies:1]]
[2022.02.08-18.50.18:046][  0]LogConfig: Setting CVar [[fx.SkipVectorVMBackendOptimizations:1]]
[2022.02.08-18.50.18:046][  0]LogConfig: Applying CVar settings from Section [ConsoleVariables] File [D:/Gry i Programy/SlaveProject/SlaveProjectUE/Saved/Config/Windows/Engine.ini]
[2022.02.08-18.50.18:046][  0]LogConfig: Applying CVar settings from Section [ConsoleVariables] File [D:/Gry i Programy/SlaveProject/SlaveProjectUE/Saved/Config/Windows/Editor.ini]
[2022.02.08-18.50.18:046][  0]LogInit: Computer: DESKTOP-PMFO29U
[2022.02.08-18.50.18:046][  0]LogInit: User: hubis
[2022.02.08-18.50.18:046][  0]LogInit: CPU Page size=4096, Cores=4
[2022.02.08-18.50.18:046][  0]LogInit: High frequency timer resolution =10.000000 MHz
[2022.02.08-18.50.18:046][  0]LogMemory: Memory total: Physical=15.9GB (16GB approx)
[2022.02.08-18.50.18:046][  0]LogMemory: Platform Memory Stats for Windows
[2022.02.08-18.50.18:046][  0]LogMemory: Process Physical Memory: 142.70 MB used, 142.70 MB peak
[2022.02.08-18.50.18:046][  0]LogMemory: Process Virtual Memory: 114.48 MB used, 114.48 MB peak
[2022.02.08-18.50.18:046][  0]LogMemory: Physical Memory: 8827.75 MB used,  7499.27 MB free, 16327.02 MB total
[2022.02.08-18.50.18:046][  0]LogMemory: Virtual Memory: 134189096.00 MB used,  28632.46 MB free, 134217728.00 MB total
[2022.02.08-18.50.18:058][  0]LogWindows: WindowsPlatformFeatures enabled
[2022.02.08-18.50.18:162][  0]LogInit: Physics initialised using underlying interface: PhysX
[2022.02.08-18.50.18:163][  0]LogInit: Using OS detected language (pl-PL).
[2022.02.08-18.50.18:163][  0]LogInit: Using OS detected locale (pl-PL).
[2022.02.08-18.50.18:171][  0]LogTextLocalizationManager: No specific localization for 'pl-PL' exists, so the 'pl' localization will be used.
[2022.02.08-18.50.18:176][  0]LogTextLocalizationResource: LocRes '../../../Engine/Content/Localization/Editor/pl/Editor.locres' could not be opened for reading!
[2022.02.08-18.50.18:176][  0]LogTextLocalizationResource: LocRes '../../../Engine/Content/Localization/EditorTutorials/pl/EditorTutorials.locres' could not be opened for reading!
[2022.02.08-18.50.18:177][  0]LogTextLocalizationResource: LocRes '../../../Engine/Content/Localization/Keywords/pl/Keywords.locres' could not be opened for reading!
[2022.02.08-18.50.18:177][  0]LogTextLocalizationResource: LocRes '../../../Engine/Content/Localization/Category/pl/Category.locres' could not be opened for reading!
[2022.02.08-18.50.18:177][  0]LogTextLocalizationResource: LocRes '../../../Engine/Content/Localization/ToolTips/pl/ToolTips.locres' could not be opened for reading!
[2022.02.08-18.50.18:178][  0]LogTextLocalizationResource: LocRes '../../../Engine/Content/Localization/PropertyNames/pl/PropertyNames.locres' could not be opened for reading!
[2022.02.08-18.50.18:178][  0]LogTextLocalizationResource: LocRes '../../../Engine/Content/Localization/Engine/pl/Engine.locres' could not be opened for reading!
[2022.02.08-18.50.18:204][  0]LogWindowsTextInputMethodSystem: Display: IME system deactivated.
[2022.02.08-18.50.18:266][  0]LogSlate: New Slate User Created.  User Index 0, Is Virtual User: 0
[2022.02.08-18.50.18:266][  0]LogSlate: Slate User Registered.  User Index 0, Is Virtual User: 0
[2022.02.08-18.50.18:328][  0]LogD3D11RHI: Loaded GFSDK_Aftermath_Lib.x64.dll
[2022.02.08-18.50.18:351][  0]LogHMD: Failed to initialize OpenVR with code 110
[2022.02.08-18.50.18:351][  0]LogD3D11RHI: D3D11 min allowed feature level: 11_0
[2022.02.08-18.50.18:351][  0]LogD3D11RHI: D3D11 max allowed feature level: 11_0
[2022.02.08-18.50.18:351][  0]LogD3D11RHI: D3D11 adapters:
[2022.02.08-18.50.18:540][  0]LogD3D11RHI:    0. 'NVIDIA GeForce GTX 1070' (Feature Level 11_0)
[2022.02.08-18.50.18:541][  0]LogD3D11RHI:       8088/0/8163 MB DedicatedVideo/DedicatedSystem/SharedSystem, Outputs:2, VendorId:0x10de
[2022.02.08-18.50.18:545][  0]LogD3D11RHI:    1. 'Microsoft Basic Render Driver' (Feature Level 11_0)
[2022.02.08-18.50.18:545][  0]LogD3D11RHI:       0/0/8163 MB DedicatedVideo/DedicatedSystem/SharedSystem, Outputs:0, VendorId:0x1414
[2022.02.08-18.50.18:545][  0]LogD3D11RHI: Chosen D3D11 Adapter:
[2022.02.08-18.50.18:545][  0]LogD3D11RHI:     Description : NVIDIA GeForce GTX 1070
[2022.02.08-18.50.18:545][  0]LogD3D11RHI:     VendorId    : 10de
[2022.02.08-18.50.18:545][  0]LogD3D11RHI:     DeviceId    : 1b81
[2022.02.08-18.50.18:545][  0]LogD3D11RHI:     SubSysId    : 85981043
[2022.02.08-18.50.18:545][  0]LogD3D11RHI:     Revision    : 00a1
[2022.02.08-18.50.18:545][  0]LogD3D11RHI:     DedicatedVideoMemory : 8480882688 bytes
[2022.02.08-18.50.18:545][  0]LogD3D11RHI:     DedicatedSystemMemory : 0 bytes
[2022.02.08-18.50.18:545][  0]LogD3D11RHI:     SharedSystemMemory : 8560060416 bytes
[2022.02.08-18.50.18:545][  0]LogD3D11RHI:     AdapterLuid : 0 39842
[2022.02.08-18.50.18:552][  0]LogD3D11RHI: Creating new Direct3DDevice
[2022.02.08-18.50.18:552][  0]LogD3D11RHI:     GPU DeviceId: 0x1b81 (for the marketing name, search the web for "GPU Device Id")
[2022.02.08-18.50.18:552][  0]LogWindows: EnumDisplayDevices:
[2022.02.08-18.50.18:552][  0]LogWindows:    0. 'NVIDIA GeForce GTX 1070' (P:1 D:1)
[2022.02.08-18.50.18:553][  0]LogWindows:    1. 'NVIDIA GeForce GTX 1070' (P:0 D:1)
[2022.02.08-18.50.18:553][  0]LogWindows:    2. 'NVIDIA GeForce GTX 1070' (P:0 D:0)
[2022.02.08-18.50.18:554][  0]LogWindows:    3. 'NVIDIA GeForce GTX 1070' (P:0 D:0)
[2022.02.08-18.50.18:554][  0]LogWindows: DebugString: FoundDriverCount:4 
[2022.02.08-18.50.18:554][  0]LogD3D11RHI:     Adapter Name: NVIDIA GeForce GTX 1070
[2022.02.08-18.50.18:554][  0]LogD3D11RHI:   Driver Version: 496.49 (internal:30.0.14.9649, unified:496.49)
[2022.02.08-18.50.18:554][  0]LogD3D11RHI:      Driver Date: 10-20-2021
[2022.02.08-18.50.18:554][  0]LogRHI: Texture pool is 5661 MB (70% of 8088 MB)
[2022.02.08-18.50.18:554][  0]LogD3D11RHI: Creating D3DDevice using adapter:
[2022.02.08-18.50.18:554][  0]LogD3D11RHI:     Description : NVIDIA GeForce GTX 1070
[2022.02.08-18.50.18:554][  0]LogD3D11RHI:     VendorId    : 10de
[2022.02.08-18.50.18:554][  0]LogD3D11RHI:     DeviceId    : 1b81
[2022.02.08-18.50.18:554][  0]LogD3D11RHI:     SubSysId    : 85981043
[2022.02.08-18.50.18:554][  0]LogD3D11RHI:     Revision    : 00a1
[2022.02.08-18.50.18:554][  0]LogD3D11RHI:     DedicatedVideoMemory : 8480882688 bytes
[2022.02.08-18.50.18:554][  0]LogD3D11RHI:     DedicatedSystemMemory : 0 bytes
[2022.02.08-18.50.18:554][  0]LogD3D11RHI:     SharedSystemMemory : 8560060416 bytes
[2022.02.08-18.50.18:554][  0]LogD3D11RHI:     AdapterLuid : 0 39842
[2022.02.08-18.50.18:651][  0]LogD3D11RHI: RHI has support for 64 bit atomics
[2022.02.08-18.50.18:651][  0]LogD3D11RHI: Async texture creation enabled
[2022.02.08-18.50.18:651][  0]LogD3D11RHI: Array index from any shader is supported
[2022.02.08-18.50.18:684][  0]LogD3D11RHI: GPU Timing Frequency: 1000.000000 (Debug: 2 1)
[2022.02.08-18.50.18:773][  0]LogRHI: GeForceNow SDK initialized: 1
[2022.02.08-18.50.19:397][  0]LogTargetPlatformManager: Display: Loaded TargetPlatform 'WindowsNoEditor'
[2022.02.08-18.50.19:406][  0]LogTargetPlatformManager: Display: Loaded TargetPlatform 'Windows'
[2022.02.08-18.50.19:413][  0]LogTargetPlatformManager: Display: Loaded TargetPlatform 'WindowsClient'
[2022.02.08-18.50.19:421][  0]LogTargetPlatformManager: Display: Loaded TargetPlatform 'WindowsServer'
[2022.02.08-18.50.19:421][  0]LogTargetPlatformManager: Display: Building Assets For Windows
[2022.02.08-18.50.19:435][  0]LogAudioDebug: Display: Lib vorbis DLL was dynamically loaded.
[2022.02.08-18.50.19:491][  0]LogTextureFormatOodle: Display: Oodle Texture 2.9.0 init RDO Off
[2022.02.08-18.50.19:556][  0]LogRendererCore: Ray tracing is disabled. Reason: r.RayTracing=0.
[2022.02.08-18.50.19:556][  0]LogShaderCompilers: Guid format shader working directory is 6 characters bigger than the processId version (../../../../SlaveProject/SlaveProjectUE/Intermediate/Shaders/WorkingDirectory/13508/).
[2022.02.08-18.50.19:556][  0]LogShaderCompilers: Cleaned the shader compiler working directory 'C:/Users/hubis/AppData/Local/Temp/UnrealShaderWorkingDir/A10532E740BAE5A130AFEFA5F9F06A8A/'.
[2022.02.08-18.50.19:557][  0]LogXGEController: Cannot use XGE Controller as Incredibuild is not installed on this machine.
[2022.02.08-18.50.19:557][  0]LogShaderCompilers: Cannot use XGE Shader Compiler as Incredibuild is not installed on this machine.
[2022.02.08-18.50.19:557][  0]LogShaderCompilers: Display: Using Local Shader Compiler.
[2022.02.08-18.50.20:959][  0]LogDerivedDataCache: Display: Max Cache Size: 512 MB
[2022.02.08-18.50.21:075][  0]LogDerivedDataCache: Loaded boot cache 0.12s 94MB C:/Users/hubis/AppData/Local/UnrealEngine/4.27/DerivedDataCache/Boot.ddc.
[2022.02.08-18.50.21:075][  0]LogDerivedDataCache: Display: Loaded Boot cache: C:/Users/hubis/AppData/Local/UnrealEngine/4.27/DerivedDataCache/Boot.ddc
[2022.02.08-18.50.21:076][  0]LogDerivedDataCache: FDerivedDataBackendGraph:  Pak pak cache file ../../../../SlaveProject/SlaveProjectUE/DerivedDataCache/DDC.ddp not found, will not use a pak cache.
[2022.02.08-18.50.21:076][  0]LogDerivedDataCache: Unable to find inner node Pak for hierarchical cache Hierarchy.
[2022.02.08-18.50.21:076][  0]LogDerivedDataCache: FDerivedDataBackendGraph:  CompressedPak pak cache file ../../../../SlaveProject/SlaveProjectUE/DerivedDataCache/Compressed.ddp not found, will not use a pak cache.
[2022.02.08-18.50.21:076][  0]LogDerivedDataCache: Unable to find inner node CompressedPak for hierarchical cache Hierarchy.
[2022.02.08-18.50.21:105][  0]LogDerivedDataCache: Display: Pak cache opened for reading ../../../Engine/DerivedDataCache/Compressed.ddp.
[2022.02.08-18.50.21:105][  0]LogDerivedDataCache: FDerivedDataBackendGraph:  EnterprisePak pak cache file ../../../Enterprise/DerivedDataCache/Compressed.ddp not found, will not use a pak cache.
[2022.02.08-18.50.21:105][  0]LogDerivedDataCache: Unable to find inner node EnterprisePak for hierarchical cache Hierarchy.
[2022.02.08-18.50.21:123][  0]LogDerivedDataCache: Speed tests for C:/Users/hubis/AppData/Local/UnrealEngine/Common/DerivedDataCache took 0.02 seconds
[2022.02.08-18.50.21:123][  0]LogDerivedDataCache: Display: Performance to C:/Users/hubis/AppData/Local/UnrealEngine/Common/DerivedDataCache: Latency=0.09ms. RandomReadSpeed=565.23MBs, RandomWriteSpeed=62.14MBs. Assigned SpeedClass 'Local'
[2022.02.08-18.50.21:126][  0]LogDerivedDataCache: Using Local data cache path C:/Users/hubis/AppData/Local/UnrealEngine/Common/DerivedDataCache: Writable
[2022.02.08-18.50.21:127][  0]LogDerivedDataCache: Shared data cache path not found in *engine.ini, will not use an Shared cache.
[2022.02.08-18.50.21:127][  0]LogDerivedDataCache: Unable to find inner node Shared for hierarchical cache Hierarchy.
[2022.02.08-18.50.21:293][  0]LogSlate: Using FreeType 2.10.0
[2022.02.08-18.50.21:294][  0]LogSlate: SlateFontServices - WITH_FREETYPE: 1, WITH_HARFBUZZ: 1
[2022.02.08-18.50.21:506][  0]LogInit: Using OS detected language (pl-PL).
[2022.02.08-18.50.21:506][  0]LogInit: Using OS detected locale (pl-PL).
[2022.02.08-18.50.21:506][  0]LogTextLocalizationManager: No localization for 'pl-PL' exists, so 'en' will be used for the language.
[2022.02.08-18.50.21:506][  0]LogTextLocalizationManager: No localization for 'pl-PL' exists, so 'en' will be used for the locale.
[2022.02.08-18.50.21:506][  0]LogSlate: FontCache flush requested. Reason: Culture for localization was changed
[2022.02.08-18.50.21:506][  0]LogSlate: FontCache flush requested. Reason: Culture for localization was changed
[2022.02.08-18.50.21:533][  0]LogAssetRegistry: FAssetRegistry took 0.0023 seconds to start up
[2022.02.08-18.50.21:806][  0]LogTextLocalizationManager: Compacting localization data took   0.01ms
[2022.02.08-18.50.21:806][  0]LogPackageLocalizationCache: Processed 27 localized package path(s) for 1 prioritized culture(s) in 0.027581 seconds
[2022.02.08-18.50.21:939][  0]LogInit: Selected Device Profile: [Windows]
[2022.02.08-18.50.21:940][  0]LogInit: Active device profile: [000002ACAAA7B700][000002ACA3FC0900 49] Windows
[2022.02.08-18.50.21:940][  0]LogInit: Profiles: [000002ACAAA7B700][000002ACA3FC0900 49] Windows, [000002ACABA1CB00][000002ACA3FC8A80 49] WindowsNoEditor, [000002ACAAA78B00][000002ACA3FCCC00 49] WindowsServer, [000002ACABA1EF00][000002ACA3CCCD80 49] WindowsClient, [000002ACAAA7AE00][000002ACA3CD0F00 49] IOS, [000002ACABA1D400][000002ACA3CD5080 49] iPadAir, [000002ACAAA79300][000002ACA3CD9200 49] iPadAir2, [000002ACAB9DBD00][000002ACA3CDD440 49] IPadPro, [000002ACAB9DBE00][000002ACA3FC5480 49] iPadAir3, [000002ACAAA7A800][000002ACA3CE15C0 49] iPadAir4, [000002ACAB9D9000][000002ACA3CE5700 49] iPadMini2, [000002ACAAA79800][000002ACA3CED880 49] iPadMini3, [000002ACAB9DA900][000002ACA3CF1A00 49] iPadMini4, [000002ACAAA7A100][000002ACA3CF5B80 49] iPadMini5, [000002ACAB9F3600][000002ACA3CFC2C0 49] iPhone6, [000002ACAB9F3700][000002ACA3CF8300 49] iPodTouch6, [000002ACAB9D8100][000002ACA3D045C0 49] iPhone7, [000002ACAB9D9100][000002ACA3D00600 49] iPodTouch7, [000002ACAB9F0F00][000002ACA66EE780 49] iPhone5S, [000002ACAB9DAE00][000002ACA66F2900 49] iPhone6Plus, [000002ACAB9F2A00][000002ACA66F6A80 49] iPhone6S, [000002ACAB9D8B00][000002ACA66FAC00 49] iPhone6SPlus, [000002ACAB9F1700][000002ACA66FED80 49] iPhone7Plus, [000002ACAB9D8A00][000002ACA6702F00 49] iPhoneSE, [000002ACAB9F2200][000002ACA6707080 49] iPhone8, [000002ACAB9DB700][000002ACA670B200 49] iPhone8Plus, [000002ACAB9F3500][000002ACA670F380 49] iPhoneX, [000002ACAB9D8300][000002ACA3CE94C0 49] iPhoneXS, [000002ACAB9F1000][000002ACA6713600 49] iPhoneXSMax, [000002ACAB9DAD00][000002ACA6717740 49] iPhoneXR, [000002ACAB9F3800][000002ACA671B880 49] iPhone11, [000002ACAB9DA600][000002ACA6723A00 49] iPhone11Pro, [000002ACAB9F3000][000002ACA6727B80 49] iPhone11ProMax, [000002ACAB9D8900][000002ACA672A180 49] iPhoneSE2, [000002ACAB9F2D00][000002ACA672E300 49] iPhone12Mini, [000002ACAB9D8F00][000002ACA6732480 49] iPhone12, [000002ACAB9F0100][000002ACA6736600 49] iPhone12Pro, [000002ACAB9D9800][000002ACAA4EE780 49] iPhone12ProMax, [000002ACAB9F2E00][000002ACAA4F2900 49] iPadPro105, [000002ACAB9D8200][000002ACAA4F6A80 49] iPadPro129, [000002ACAB9F2100][000002ACAA4FAC00 49] iPadPro97, [000002ACAB9D8500][000002ACAA4FED80 49] iPadPro2_129, [000002ACAB9F0800][000002ACAA502F00 49] iPad5, [000002ACAB9DB300][000002ACAA507080 49] iPad6, [000002ACAB9F2600][000002ACAA50B200 49] iPad7, [000002ACAB9DB200][000002ACAA50F380 49] iPad8, [000002ACAB9F3100][000002ACAA513500 49] iPadPro11, [000002ACAB9D9600][000002ACAA517680 49] iPadPro2_11, [000002ACAB9F0D00][000002ACA671F7C0 49] iPadPro3_129, [000002ACAB9DA100][000002ACAA51B900 49] iPadPro4_129, [000002ACAB9F3400][000002ACAA51FA40 49] AppleTV, [000002ACAB9DAF00][000002ACAA527BC0 49] AppleTV4K, [000002ACAB9F2400][000002ACAA52A1C0 49] TVOS, [000002ACAB9DB000][000002ACAA52E340 49] Mac, [000002ACAB9F1300][000002ACAA5324C0 49] MacClient, [000002ACAB9DAC00][000002ACAA536640 49] MacNoEditor, [000002ACAB9F2000][000002ACAA53A7C0 49] MacServer, [000002ACAB9DA200][000002ACAA53E940 49] Linux, [000002ACAB9F2900][000002ACAA542AC0 49] LinuxAArch64, [000002ACAB9D9300][000002ACAA546C40 49] LinuxNoEditor, [000002ACAB9F3900][000002ACAA54ADC0 49] LinuxAArch64NoEditor, [000002ACAB9D9400][000002ACAA54EF40 49] LinuxClient, [000002ACAB9F2B00][000002ACAA5530C0 49] LinuxAArch64Client, [000002ACAB9DA300][000002ACAA557240 49] LinuxServer, [000002ACAAAB8800][000002ACAA55B3C0 49] LinuxAArch64Server, [000002ACABA1C400][000002ACAA55F540 49] Android, [000002ACAAAB8100][000002ACAA5636C0 49] Android_Low, [000002ACABA1DF00][000002ACAA567840 49] Android_Mid, [000002ACAAABA400][000002ACAA523980 49] Android_High, [000002ACABA1EA00][000002ACAA56BAC0 49] Android_Default, [000002ACAAAB8200][000002ACAA56FC00 49] Android_Adreno4xx, [000002ACABA1FD00][000002ACAA5721C0 49] Android_Adreno5xx_Low, [000002ACAAAB9600][000002ACAA57A340 49] Android_Adreno5xx, [000002ACABA1E600][000002ACAA57E4C0 49] Android_Adreno6xx, [000002ACAAAB8400][000002ACAA582640 49] Android_Adreno6xx_Vulkan, [000002ACABA1D900][000002ACAA5867C0 49] Android_Mali_T6xx, [000002ACAAAB9100][000002ACAA58A940 49] Android_Mali_T7xx, [000002ACABA1FC00][000002ACAA58EAC0 49] Android_Mali_T8xx, [000002ACAAAB8D00][000002ACAA592C40 49] Android_Mali_G71, [000002ACABA1CE00][000002ACAA596DC0 49] Android_Mali_G72, [000002ACAAABA900][000002ACAA59AF40 49] Android_Mali_G72_Vulkan, [000002ACABA1E700][000002ACAA59F0C0 49] Android_Mali_G76, [000002ACAB9D9D00][000002ACAA5A3240 49] Android_Mali_G76_Vulkan, [000002ACAB9F0600][000002ACAA5A73C0 49] Android_Mali_G77, [000002ACAB9DB100][000002ACAA5AB540 49] Android_Mali_G77_Vulkan, [000002ACAB9F1600][000002ACAA5AF6C0 49] Android_Mali_G78, [000002ACAB9DB900][000002ACAA5B3840 49] Android_Mali_G78_Vulkan, [000002ACAAABA300][000002ACAA5B79C0 49] Android_Mali_G710, [000002ACABA1E100][000002ACAA577B00 49] Android_Mali_G710_Vulkan, [000002ACAAAB8A00][000002ACAA5BA0C0 49] Android_Vulkan_SM5, [000002ACAB9DA400][000002ACAA5BE200 49] Android_PowerVR_G6xxx, [000002ACAAAB9000][000002ACAA5C2340 49] Android_PowerVR_GT7xxx, [000002ACAB9DBF00][000002ACAA5CA4C0 49] Android_PowerVR_GE8xxx, [000002ACAAAB8E00][000002ACAA5CE640 49] Android_PowerVR_GM9xxx, [000002ACAB9D9A00][000002ACAA5D27C0 49] Android_PowerVR_GM9xxx_Vulkan, [000002ACAAAB9900][000002ACAA5D6940 49] Android_TegraK1, [000002ACAB9D8600][000002ACAA5DAAC0 49] Android_Unknown_Vulkan, [000002ACAAABA500][000002ACAA5DEC40 49] Lumin, [000002ACAB9D9E00][000002ACAA5E2DC0 49] Lumin_Desktop, [000002ACAAABA700][000002ACAA5E6F40 49] HoloLens, 
[2022.02.08-18.50.22:154][  0]LogMeshReduction: Using QuadricMeshReduction for automatic static mesh reduction
[2022.02.08-18.50.22:154][  0]LogMeshReduction: Using SimplygonMeshReduction for automatic skeletal mesh reduction
[2022.02.08-18.50.22:154][  0]LogMeshReduction: Using ProxyLODMeshReduction for automatic mesh merging
[2022.02.08-18.50.22:154][  0]LogMeshReduction: No distributed automatic mesh merging module available
[2022.02.08-18.50.22:154][  0]LogMeshMerging: No distributed automatic mesh merging module available
[2022.02.08-18.50.22:199][  0]LogNetVersion: SlaveProjectUE 1.0.0, NetCL: 17155196, EngineNetVer: 17, GameNetVer: 0 (Checksum: 2724215250)
[2022.02.08-18.50.22:744][  0]LogTexture: Default maximum texture size for cubemaps generated from long-lat sources has been changed from 512 to unlimited. In order to preserve old behaiour for '/Engine/MapTemplates/Sky/DaylightAmbientCubemap.DaylightAmbientCubemap', its maximum texture size has been explicitly set to 512.
[2022.02.08-18.50.22:824][  0]LogHMD: PokeAHoleMaterial loaded successfully
[2022.02.08-18.50.23:063][  0]LogMoviePlayer: Initializing movie player
[2022.02.08-18.50.23:190][  0]LogPython: Using Python 3.7.7
[2022.02.08-18.50.23:937][  0]LogNiagaraDebuggerClient: Niagara Debugger Client Initialized | Session: 24D0DF414CA999F00BA14CB098FE207B | Instance: 7D6AD30B40E19998BE01499729E0AD85 (DESKTOP-PMFO29U-13508).
[2022.02.08-18.50.23:968][  0]LogCollectionManager: Loaded 0 collections in 0.001216 seconds
[2022.02.08-18.50.23:973][  0]LogFileCache: Scanning file cache for directory 'D:/Gry i Programy/SlaveProject/SlaveProjectUE/Saved/Collections/' took 0.00s
[2022.02.08-18.50.23:973][  0]LogFileCache: Scanning file cache for directory 'D:/Gry i Programy/SlaveProject/SlaveProjectUE/Content/Developers/hubis/Collections/' took 0.00s
[2022.02.08-18.50.23:973][  0]LogFileCache: Scanning file cache for directory 'D:/Gry i Programy/SlaveProject/SlaveProjectUE/Content/Collections/' took 0.00s
[2022.02.08-18.50.23:973][  0]LogCollectionManager: Fixed up redirectors for 0 collections in 0.000003 seconds (updated 0 objects)
[2022.02.08-18.50.24:183][  0]LogTcpMessaging: Initializing TcpMessaging bridge
[2022.02.08-18.50.24:189][  0]LogUdpMessaging: Initializing bridge on interface 0.0.0.0:0 to multicast group 230.0.0.1:6666.
[2022.02.08-18.50.24:359][  0]SourceControl: Source control is disabled
[2022.02.08-18.50.24:359][  0]SourceControl: Source control is disabled
[2022.02.08-18.50.24:365][  0]SourceControl: Source control is disabled
[2022.02.08-18.50.24:376][  0]LogUProjectInfo: Found projects:
[2022.02.08-18.50.24:503][  0]LogOpenImageDenoise: OIDN starting up
[2022.02.08-18.50.24:556][  0]LogAndroidPermission: UAndroidPermissionCallbackProxy::GetInstance
[2022.02.08-18.50.24:589][  0]LogAudioCaptureCore: Display: No Audio Capture implementations found. Audio input will be silent.
[2022.02.08-18.50.24:589][  0]LogAudioCaptureCore: Display: No Audio Capture implementations found. Audio input will be silent.
[2022.02.08-18.50.24:691][  0]LogOcInput: OculusInput pre-init called
[2022.02.08-18.50.24:703][  0]LogUObjectArray: 22125 objects as part of root set at end of initial load.
[2022.02.08-18.50.24:703][  0]LogUObjectAllocator: 5976752 out of 0 bytes used by permanent object pool.
[2022.02.08-18.50.24:703][  0]LogUObjectArray: CloseDisregardForGC: 0/0 objects in disregard for GC pool
[2022.02.08-18.50.24:771][  0]LogEngine: Initializing Engine...
[2022.02.08-18.50.24:774][  0]LogHMD: Failed to enumerate extensions. Please check that you have a valid OpenXR runtime installed.
[2022.02.08-18.50.24:775][  0]LogHMD: Failed to initialize OpenVR with code 110
[2022.02.08-18.50.24:775][  0]LogMagicLeap: Warning: VR disabled because ZI is not enabled.  To enable, in the editor, Edit -> Project Settings -> Plugins -> Magic Leap Plugin -> Enable Zero Iteration
[2022.02.08-18.50.24:777][  0]LogStats: UGameplayTagsManager::InitializeManager -  0.000 s
[2022.02.08-18.50.24:944][  0]LogInit: Initializing FReadOnlyCVARCache
[2022.02.08-18.50.24:944][  0]LogAudio: Display: Initializing Audio Device Manager...
[2022.02.08-18.50.24:950][  0]LogAudio: Display: Loading Default Audio Settings Objects...
[2022.02.08-18.50.24:951][  0]LogAudio: Display: No default SoundConcurrencyObject specified (or failed to load).
[2022.02.08-18.50.24:952][  0]LogAudio: Display: Audio Device Manager Initialized
[2022.02.08-18.50.24:952][  0]LogAudio: Display: Creating Audio Device:                 Id: 1, Scope: Shared, Realtime: True
[2022.02.08-18.50.24:952][  0]LogAudioMixer: Display: Audio Mixer Platform Settings:
[2022.02.08-18.50.24:952][  0]LogAudioMixer: Display: 	Sample Rate:						  48000
[2022.02.08-18.50.24:952][  0]LogAudioMixer: Display: 	Callback Buffer Frame Size Requested: 1024
[2022.02.08-18.50.24:952][  0]LogAudioMixer: Display: 	Callback Buffer Frame Size To Use:	  1024
[2022.02.08-18.50.24:952][  0]LogAudioMixer: Display: 	Number of buffers to queue:			  2
[2022.02.08-18.50.24:952][  0]LogAudioMixer: Display: 	Max Channels (voices):				  32
[2022.02.08-18.50.24:952][  0]LogAudioMixer: Display: 	Number of Async Source Workers:		  0
[2022.02.08-18.50.24:952][  0]LogAudio: Display: AudioDevice MaxSources: 32
[2022.02.08-18.50.24:953][  0]LogAudio: Display: Audio Spatialization Plugin: None (built-in).
[2022.02.08-18.50.24:953][  0]LogAudio: Display: Audio Reverb Plugin: None (built-in).
[2022.02.08-18.50.24:953][  0]LogAudio: Display: Audio Occlusion Plugin: None (built-in).
[2022.02.08-18.50.24:953][  0]LogAudioMixer: Display: Initializing audio mixer.
[2022.02.08-18.50.24:976][  0]LogAudioMixer: Display: 0: FrontLeft
[2022.02.08-18.50.24:976][  0]LogAudioMixer: Display: 1: FrontRight
[2022.02.08-18.50.25:006][  0]LogAudioMixer: Display: Using Audio Device Słuchawki (High Definition Audio Device)
[2022.02.08-18.50.25:013][  0]LogAudioMixer: Display: Initializing Sound Submixes...
[2022.02.08-18.50.25:016][  0]LogAudioMixer: Display: Creating Master Submix 'MasterSubmixDefault'
[2022.02.08-18.50.25:016][  0]LogAudioMixer: Display: Creating Master Submix 'MasterReverbSubmixDefault'
[2022.02.08-18.50.25:018][  0]LogAudioMixer: Display: Creating Master Submix 'MasterEQSubmixDefault'
[2022.02.08-18.50.25:018][  0]LogAudioMixer: FMixerPlatformXAudio2::StartAudioStream() called
[2022.02.08-18.50.25:018][  0]LogAudioMixer: Display: Output buffers initialized: Frames=1024, Channels=2, Samples=2048
[2022.02.08-18.50.25:022][  0]LogAudioMixer: Display: Starting AudioMixerPlatformInterface::RunInternal()
[2022.02.08-18.50.25:022][  0]LogAudioMixer: Display: FMixerPlatformXAudio2::SubmitBuffer() called for the first time
[2022.02.08-18.50.25:022][  0]LogInit: FAudioDevice initialized.
[2022.02.08-18.50.25:042][  0]LogNetVersion: Set ProjectVersion to 1.0.0.0. Version Checksum will be recalculated on next use.
[2022.02.08-18.50.25:044][  0]LogInit: Texture streaming: Enabled
[2022.02.08-18.50.25:460][  0]LogAudio: Display: Audio Device (ID: 1) registered with world 'Untitled'.
[2022.02.08-18.50.25:468][  0]LogSlate: Updating window title bar state: overlay mode, drag disabled, window buttons hidden, title bar hidden
[2022.02.08-18.50.25:476][  0]LogInit: Display: Game Engine Initialized.
[2022.02.08-18.50.25:497][  0]LogNiagaraEditor: GEditor isn't valid! Particle reset commands will not work for Niagara components!
[2022.02.08-18.50.25:695][  0]LogInit: Display: Starting Game.
[2022.02.08-18.50.25:709][  0]LogNet: Browse: /Game/L_Start?Name=Player
[2022.02.08-18.50.25:735][  0]LogLoad: LoadMap: /Game/L_Start?Name=Player
[2022.02.08-18.50.25:736][  0]LogWorld: BeginTearingDown for /Temp/Untitled_0
[2022.02.08-18.50.25:752][  0]LogWorld: UWorld::CleanupWorld for Untitled, bSessionEnded=true, bCleanupResources=true
[2022.02.08-18.50.25:753][  0]LogSlate: InvalidateAllWidgets triggered.  All widgets were invalidated
[2022.02.08-18.50.25:853][  0]LogAudio: Display: Audio Device unregistered from world 'None'.
[2022.02.08-18.50.25:867][  0]LogUObjectHash: Compacting FUObjectHashTables data took   0.97ms
[2022.02.08-18.50.25:991][  0]LogAudio: Display: Audio Device (ID: 1) registered with world 'L_Start'.
[2022.02.08-18.50.26:001][  0]LogAIModule: Creating AISystem for world L_Start
[2022.02.08-18.50.26:002][  0]LogLoad: Game class is 'GameModeBase'
[2022.02.08-18.50.26:016][  0]LogWorld: Bringing World /Game/L_Start.L_Start up for play (max tick rate 0) at 2022.02.08-19.50.26
[2022.02.08-18.50.26:016][  0]LogWorld: Bringing up level for play took: 0.012994
[2022.02.08-18.50.26:016][  0]LogGameMode: FindPlayerStart: PATHS NOT DEFINED or NO PLAYERSTART with positive rating
[2022.02.08-18.50.26:109][  0]LogLoad: Took 0.358434 seconds to LoadMap(/Game/L_Start)
[2022.02.08-18.50.26:258][  0]LogSlate: Took 0.000325 seconds to synchronously load lazily loaded font '../../../Engine/Content/Slate/Fonts/Roboto-Regular.ttf' (155K)
[2022.02.08-18.50.26:363][  0]LogRenderer: Reallocating scene render targets to support 1280x720 Format 10 NumSamples 1 (Frame:1).
[2022.02.08-18.50.26:363][  0]LogInit: Display: Engine is initialized. Leaving FEngineLoop::Init()
[2022.02.08-18.50.26:363][  0]LogLoad: (Engine Initialization) Total time: 12.18 seconds
[2022.02.08-18.50.26:363][  0]LogLoad: (Engine Initialization) Total Blueprint compile time: 0.00 seconds
[2022.02.08-18.50.26:370][  0]LogContentStreaming: Texture pool size now 1000 MB
[2022.02.08-18.50.26:429][  0]LogSlate: InvalidateAllWidgets triggered.  All widgets were invalidated
[2022.02.08-18.50.26:480][  1]LogSlate: Took 0.000338 seconds to synchronously load lazily loaded font '../../../Engine/Content/Slate/Fonts/Roboto-Regular.ttf' (155K)
[2022.02.08-18.50.37:189][815]Closing by request
[2022.02.08-18.50.37:189][815]LogWindows: FPlatformMisc::RequestExit(0)
[2022.02.08-18.50.37:189][815]LogWindows: FPlatformMisc::RequestExitWithStatus(0, 0)
[2022.02.08-18.50.37:189][815]LogCore: Engine exit requested (reason: Win RequestExit)
[2022.02.08-18.50.37:198][816]LogCore: Engine exit requested (reason: EngineExit() was called; note: exit was already requested)
[2022.02.08-18.50.37:212][816]LogInit: Display: PreExit Game.
[2022.02.08-18.50.37:229][816]LogWorld: BeginTearingDown for /Game/L_Start
[2022.02.08-18.50.37:242][816]LogWorld: UWorld::CleanupWorld for L_Start, bSessionEnded=true, bCleanupResources=true
[2022.02.08-18.50.37:242][816]LogSlate: InvalidateAllWidgets triggered.  All widgets were invalidated
[2022.02.08-18.50.37:829][816]LogAudio: Display: Beginning Audio Device Manager Shutdown (Module: AudioMixerXAudio2)...
[2022.02.08-18.50.37:829][816]LogAudio: Display: Destroying 1 Remaining Audio Device(s)...
[2022.02.08-18.50.37:829][816]LogAudio: Display: Audio Device unregistered from world 'L_Start'.
[2022.02.08-18.50.37:850][816]LogAudioMixer: FMixerPlatformXAudio2::StopAudioStream() called
[2022.02.08-18.50.37:851][816]LogAudioMixer: FMixerPlatformXAudio2::StopAudioStream() called
[2022.02.08-18.50.37:855][816]LogAudio: Display: Audio Device Manager Shutdown
[2022.02.08-18.50.37:865][816]LogSlate: Window 'SlaveProjectUE (64-bit Development PCD3D_SM5) ' being destroyed
[2022.02.08-18.50.37:881][816]LogWindowsTextInputMethodSystem: Display: IME system deactivated.
[2022.02.08-18.50.37:903][816]LogExit: Preparing to exit.
[2022.02.08-18.50.38:327][816]LogUObjectHash: Compacting FUObjectHashTables data took   2.09ms
[2022.02.08-18.50.38:380][816]LogMoviePlayer: Shutting down movie player
[2022.02.08-18.50.39:453][816]LogSlate: Updating window title bar state: overlay mode, drag disabled, window buttons hidden, title bar hidden
[2022.02.08-18.50.39:559][816]LogDemo: Cleaned up 0 splitscreen connections with owner deletion
[2022.02.08-18.50.39:671][816]LogExit: Game engine shut down
