Log file open, 02/01/22 18:12:17
LogWindows: Failed to load 'aqProf.dll' (GetLastError=126)
LogWindows: File 'aqProf.dll' does not exist
LogWindows: Failed to load 'VtuneApi.dll' (GetLastError=126)
LogWindows: File 'VtuneApi.dll' does not exist
LogWindows: Failed to load 'VtuneApi32e.dll' (GetLastError=126)
LogWindows: File 'VtuneApi32e.dll' does not exist
LogConsoleResponse: Display: Failed to find resolution value strings in scalability ini. Falling back to default.
LogConsoleResponse: Display: Failed to find resolution value strings in scalability ini. Falling back to default.
LogInit: Display: Running engine for game: SlaveProjectUE
LogPlatformFile: Not using cached read wrapper
LogTaskGraph: Started task graph with 5 named threads and 23 total threads with 3 sets of task threads.
LogStats: Stats thread started at 0.267591
LogICUInternationalization: ICU TimeZone Detection - Raw Offset: +1:00, Platform Override: ''
LogInit: Display: Loading text-based GConfig....
LogPluginManager: Mounting plugin MeshPainting
LogPluginManager: Mounting plugin XGEController
LogPluginManager: Mounting plugin AISupport
LogPluginManager: Mounting plugin Paper2D
LogPluginManager: Mounting plugin EnvironmentQueryEditor
LogPluginManager: Mounting plugin LiveLink
LogPluginManager: Mounting plugin LightPropagationVolume
LogPluginManager: Mounting plugin CameraShakePreviewer
LogPluginManager: Mounting plugin GameplayCameras
LogPluginManager: Mounting plugin AssetManagerEditor
LogPluginManager: Mounting plugin CurveEditorTools
LogPluginManager: Mounting plugin CryptoKeys
LogPluginManager: Mounting plugin DataValidation
LogPluginManager: Mounting plugin FacialAnimation
LogPluginManager: Mounting plugin GameplayTagsEditor
LogPluginManager: Mounting plugin GeometryMode
LogPluginManager: Mounting plugin MacGraphicsSwitching
LogPluginManager: Mounting plugin MaterialAnalyzer
LogPluginManager: Mounting plugin PluginBrowser
LogPluginManager: Mounting plugin MobileLauncherProfileWizard
LogPluginManager: Mounting plugin SpeedTreeImporter
LogPluginManager: Mounting plugin OodleData
LogPluginManager: Mounting plugin DatasmithContent
LogPluginManager: Mounting plugin OodleNetwork
LogPluginManager: Mounting plugin Niagara
LogPluginManager: Mounting plugin VariantManagerContent
LogPluginManager: Mounting plugin AlembicImporter
LogPluginManager: Mounting plugin AutomationUtils
LogPluginManager: Mounting plugin BackChannel
LogPluginManager: Mounting plugin ChaosCloth
LogPluginManager: Mounting plugin ChaosEditor
LogPluginManager: Mounting plugin ChaosClothEditor
LogPluginManager: Mounting plugin ChaosSolverPlugin
LogPluginManager: Mounting plugin ChaosNiagara
LogPluginManager: Mounting plugin CharacterAI
LogPluginManager: Mounting plugin GeometryCache
LogPluginManager: Mounting plugin GeometryCollectionPlugin
LogPluginManager: Mounting plugin GeometryProcessing
LogPluginManager: Mounting plugin MotoSynth
LogPluginManager: Mounting plugin OpenImageDenoise
LogPluginManager: Mounting plugin PlanarCut
LogPluginManager: Mounting plugin PlatformCrypto
LogPluginManager: Mounting plugin ProxyLODPlugin
LogPluginManager: Mounting plugin PythonScriptPlugin
LogPluginManager: Mounting plugin SkeletalReduction
LogPluginManager: Mounting plugin LuminPlatformFeatures
LogPluginManager: Mounting plugin MagicLeap
LogPluginManager: Mounting plugin MagicLeapLightEstimation
LogPluginManager: Mounting plugin MagicLeapMedia
LogPluginManager: Mounting plugin MagicLeapPassableWorld
LogPluginManager: Mounting plugin MLSDK
LogPluginManager: Mounting plugin AndroidMedia
LogPluginManager: Mounting plugin AvfMedia
LogPluginManager: Mounting plugin ImgMedia
LogPluginManager: Mounting plugin MediaCompositing
LogPluginManager: Mounting plugin MediaPlayerEditor
LogPluginManager: Mounting plugin WmfMedia
LogPluginManager: Mounting plugin WebMMedia
LogPluginManager: Mounting plugin TcpMessaging
LogPluginManager: Mounting plugin UdpMessaging
LogPluginManager: Mounting plugin ActorSequence
LogPluginManager: Mounting plugin LevelSequenceEditor
LogPluginManager: Mounting plugin MatineeToLevelSequence
LogPluginManager: Mounting plugin TemplateSequence
LogPluginManager: Mounting plugin OnlineSubsystem
LogPluginManager: Mounting plugin OnlineSubsystemNull
LogPluginManager: Mounting plugin LauncherChunkInstaller
LogPluginManager: Mounting plugin OnlineSubsystemUtils
LogPluginManager: Mounting plugin ActorLayerUtilities
LogPluginManager: Mounting plugin AndroidDeviceProfileSelector
LogPluginManager: Mounting plugin AndroidMoviePlayer
LogPluginManager: Mounting plugin AndroidPermission
LogPluginManager: Mounting plugin AppleImageUtils
LogPluginManager: Mounting plugin AppleMoviePlayer
LogPluginManager: Mounting plugin ArchVisCharacter
LogPluginManager: Mounting plugin AssetTags
LogPluginManager: Mounting plugin AudioCapture
LogPluginManager: Mounting plugin AudioSynesthesia
LogPluginManager: Mounting plugin CableComponent
LogPluginManager: Mounting plugin CustomMeshComponent
LogPluginManager: Mounting plugin ChunkDownloader
LogPluginManager: Mounting plugin EditableMesh
LogPluginManager: Mounting plugin ExampleDeviceProfileSelector
LogPluginManager: Mounting plugin GoogleCloudMessaging
LogPluginManager: Mounting plugin GooglePAD
LogPluginManager: Mounting plugin IOSDeviceProfileSelector
LogPluginManager: Mounting plugin LinuxDeviceProfileSelector
LogPluginManager: Mounting plugin LocationServicesBPLibrary
LogPluginManager: Mounting plugin MobilePatchingUtils
LogPluginManager: Mounting plugin OpenXR
LogPluginManager: Mounting plugin OpenXREyeTracker
LogPluginManager: Mounting plugin OpenXRHandTracking
LogPluginManager: Mounting plugin PhysXVehicles
LogPluginManager: Mounting plugin PostSplashScreen
LogPluginManager: Mounting plugin ProceduralMeshComponent
LogPluginManager: Mounting plugin PropertyAccessEditor
LogPluginManager: Mounting plugin RuntimePhysXCooking
LogPluginManager: Mounting plugin SignificanceManager
LogPluginManager: Mounting plugin SoundFields
LogPluginManager: Mounting plugin Synthesis
LogPluginManager: Mounting plugin WebMMoviePlayer
LogPluginManager: Mounting plugin WindowsMoviePlayer
LogPluginManager: Mounting plugin ScreenshotTools
LogPluginManager: Mounting plugin Takes
LogPluginManager: Mounting plugin AnimationSharing
LogPluginManager: Mounting plugin CLionSourceCodeAccess
LogPluginManager: Mounting plugin CodeLiteSourceCodeAccess
LogPluginManager: Mounting plugin GitSourceControl
LogPluginManager: Mounting plugin KDevelopSourceCodeAccess
LogPluginManager: Mounting plugin NullSourceCodeAccess
LogPluginManager: Mounting plugin PerforceSourceControl
LogPluginManager: Mounting plugin PixWinPlugin
LogPluginManager: Mounting plugin PlasticSourceControl
LogPluginManager: Mounting plugin PluginUtils
LogPluginManager: Mounting plugin PropertyAccessNode
LogPluginManager: Mounting plugin SubversionSourceControl
LogPluginManager: Mounting plugin RiderSourceCodeAccess
LogPluginManager: Mounting plugin TextureFormatOodle
LogPluginManager: Mounting plugin UObjectPlugin
LogPluginManager: Mounting plugin VisualStudioCodeSourceCodeAccess
LogPluginManager: Mounting plugin VisualStudioSourceCodeAccess
LogPluginManager: Mounting plugin XCodeSourceCodeAccess
LogPluginManager: Mounting plugin ContentBrowserClassDataSource
LogPluginManager: Mounting plugin ContentBrowserAssetDataSource
LogPluginManager: Mounting plugin ContentBrowserFileDataSource
LogPluginManager: Mounting plugin OnlineSubsystemGooglePlay
LogPluginManager: Mounting plugin OnlineSubsystemIOS
LogPluginManager: Mounting plugin OculusVR
LogPluginManager: Mounting plugin SteamVR
LogLuminAPIImpl: Warning: MLSDK not found.  This likely means the MLSDK environment variable is not set.
LogInit: Using libcurl 7.55.1-DEV
LogInit:  - built for x86_64-pc-win32
LogInit:  - supports SSL with OpenSSL/1.1.1
LogInit:  - supports HTTP deflate (compression) using libz 1.2.8
LogInit:  - other features:
LogInit:      CURL_VERSION_SSL
LogInit:      CURL_VERSION_LIBZ
LogInit:      CURL_VERSION_IPV6
LogInit:      CURL_VERSION_ASYNCHDNS
LogInit:      CURL_VERSION_LARGEFILE
LogInit:      CURL_VERSION_IDN
LogInit:  CurlRequestOptions (configurable via config and command line):
LogInit:  - bVerifyPeer = true  - Libcurl will verify peer certificate
LogInit:  - bUseHttpProxy = false  - Libcurl will NOT use HTTP proxy
LogInit:  - bDontReuseConnections = false  - Libcurl will reuse connections
LogInit:  - MaxHostConnections = 16  - Libcurl will limit the number of connections to a host
LogInit:  - LocalHostAddr = Default
LogInit:  - BufferSize = 65536
LogOnline: OSS: Creating online subsystem instance for: NULL
LogInit: WinSock: version 1.1 (2.2), MaxSocks=32767, MaxUdp=65467
LogOnline: OSS: TryLoadSubsystemAndSetDefault: Loaded subsystem for module [NULL]
PixWinPlugin: PIX capture plugin failed to initialize! Check that the process is launched from PIX.
LogOculusPluginWrapper: OculusPlugin initialized successfully
LogHMD: Failed initializing OVRPlugin 1.59.0
LogInit: Build: ++UE4+Release-4.27-CL-18319896
LogInit: Engine Version: 4.27.2-18319896+++UE4+Release-4.27
LogInit: Compatible Engine Version: 4.27.0-17155196+++UE4+Release-4.27
LogInit: Net CL: 17155196
LogInit: OS: Windows 10 (Release 2009) (), CPU: Intel(R) Core(TM) i7-4790K CPU @ 4.00GHz, GPU: NVIDIA GeForce GTX 1070
LogInit: Compiled (64-bit): Nov 30 2021 07:12:08
LogInit: Compiled with Visual C++: 19.24.28315.00
LogInit: Build Configuration: Development
LogInit: Branch Name: ++UE4+Release-4.27
LogInit: Command Line:  -EpicPortal -epicusername=ElonPiżmo -epicuserid=e216175d811e401d9948afbd4a036414 -epiclocale=pl -epicsandboxid=ue
LogInit: Base Directory: D:/Gry i Programy/UE_4.27/Engine/Binaries/Win64/
LogInit: Allocator: TBB
LogInit: Installed Engine Build: 1
LogDevObjectVersion: Number of dev versions registered: 29
LogDevObjectVersion:   Dev-Blueprints (B0D832E4-1F89-4F0D-ACCF-7EB736FD4AA2): 10
LogDevObjectVersion:   Dev-Build (E1C64328-A22C-4D53-A36C-8E866417BD8C): 0
LogDevObjectVersion:   Dev-Core (375EC13C-06E4-48FB-B500-84F0262A717E): 4
LogDevObjectVersion:   Dev-Editor (E4B068ED-F494-42E9-A231-DA0B2E46BB41): 40
LogDevObjectVersion:   Dev-Framework (CFFC743F-43B0-4480-9391-14DF171D2073): 37
LogDevObjectVersion:   Dev-Mobile (B02B49B5-BB20-44E9-A304-32B752E40360): 3
LogDevObjectVersion:   Dev-Networking (A4E4105C-59A1-49B5-A7C5-40C4547EDFEE): 0
LogDevObjectVersion:   Dev-Online (39C831C9-5AE6-47DC-9A44-9C173E1C8E7C): 0
LogDevObjectVersion:   Dev-Physics (78F01B33-EBEA-4F98-B9B4-84EACCB95AA2): 14
LogDevObjectVersion:   Dev-Platform (6631380F-2D4D-43E0-8009-CF276956A95A): 0
LogDevObjectVersion:   Dev-Rendering (12F88B9F-8875-4AFC-A67C-D90C383ABD29): 45
LogDevObjectVersion:   Dev-Sequencer (7B5AE74C-D270-4C10-A958-57980B212A5A): 13
LogDevObjectVersion:   Dev-VR (D7296918-1DD6-4BDD-9DE2-64A83CC13884): 3
LogDevObjectVersion:   Dev-LoadTimes (C2A15278-BFE7-4AFE-6C17-90FF531DF755): 1
LogDevObjectVersion:   Private-Geometry (6EACA3D4-40EC-4CC1-B786-8BED09428FC5): 3
LogDevObjectVersion:   Dev-AnimPhys (29E575DD-E0A3-4627-9D10-D276232CDCEA): 17
LogDevObjectVersion:   Dev-Anim (AF43A65D-7FD3-4947-9873-3E8ED9C1BB05): 15
LogDevObjectVersion:   Dev-ReflectionCapture (6B266CEC-1EC7-4B8F-A30B-E4D90942FC07): 1
LogDevObjectVersion:   Dev-Automation (0DF73D61-A23F-47EA-B727-89E90C41499A): 1
LogDevObjectVersion:   FortniteMain (601D1886-AC64-4F84-AA16-D3DE0DEAC7D6): 47
LogDevObjectVersion:   FortniteRelease (E7086368-6B23-4C58-8439-1B7016265E91): 1
LogDevObjectVersion:   Dev-Enterprise (9DFFBCD6-494F-0158-E221-12823C92A888): 10
LogDevObjectVersion:   Dev-Niagara (F2AED0AC-9AFE-416F-8664-AA7FFA26D6FC): 1
LogDevObjectVersion:   Dev-Destruction (174F1F0B-B4C6-45A5-B13F-2EE8D0FB917D): 10
LogDevObjectVersion:   Dev-Physics-Ext (35F94A83-E258-406C-A318-09F59610247C): 41
LogDevObjectVersion:   Dev-PhysicsMaterial-Chaos (B68FC16E-8B1B-42E2-B453-215C058844FE): 1
LogDevObjectVersion:   Dev-CineCamera (B2E18506-4273-CFC2-A54E-F4BB758BBA07): 1
LogDevObjectVersion:   Dev-VirtualProduction (64F58936-FD1B-42BA-BA96-7289D5D0FA4E): 1
LogDevObjectVersion:   Dev-MediaFramework (6F0ED827-A609-4895-9C91-998D90180EA4): 2
LogInit: Presizing for max 25165824 objects, including 0 objects not considered by GC, pre-allocating 0 bytes for permanent pool.
LogConfig: Applying CVar settings from Section [/Script/Engine.StreamingSettings] File [D:/Gry i Programy/SlaveProject/SlaveProjectUE/Saved/Config/Windows/Engine.ini]
LogConfig: Setting CVar [[s.MinBulkDataSizeForAsyncLoading:131072]]
LogConfig: Setting CVar [[s.AsyncLoadingThreadEnabled:0]]
LogConfig: Setting CVar [[s.EventDrivenLoaderEnabled:1]]
LogConfig: Setting CVar [[s.WarnIfTimeLimitExceeded:0]]
LogConfig: Setting CVar [[s.TimeLimitExceededMultiplier:1.5]]
LogConfig: Setting CVar [[s.TimeLimitExceededMinTime:0.005]]
LogConfig: Setting CVar [[s.UseBackgroundLevelStreaming:1]]
LogConfig: Setting CVar [[s.PriorityAsyncLoadingExtraTime:15.0]]
LogConfig: Setting CVar [[s.LevelStreamingActorsUpdateTimeLimit:5.0]]
LogConfig: Setting CVar [[s.PriorityLevelStreamingActorsUpdateExtraTime:5.0]]
LogConfig: Setting CVar [[s.LevelStreamingComponentsRegistrationGranularity:10]]
LogConfig: Setting CVar [[s.UnregisterComponentsTimeLimit:1.0]]
LogConfig: Setting CVar [[s.LevelStreamingComponentsUnregistrationGranularity:5]]
LogConfig: Setting CVar [[s.FlushStreamingOnExit:1]]
LogInit: Object subsystem initialized
LogConfig: Setting CVar [[con.DebugEarlyDefault:1]]
LogConfig: Setting CVar [[r.setres:1280x720]]
[2022.02.01-17.12.18:221][  0]LogConfig: Setting CVar [[r.VSync:0]]
[2022.02.01-17.12.18:221][  0]LogConfig: Setting CVar [[r.RHICmdBypass:0]]
[2022.02.01-17.12.18:221][  0]LogConfig: Applying CVar settings from Section [/Script/Engine.RendererSettings] File [D:/Gry i Programy/SlaveProject/SlaveProjectUE/Saved/Config/Windows/Engine.ini]
[2022.02.01-17.12.18:221][  0]LogConfig: Setting CVar [[r.GPUCrashDebugging:0]]
[2022.02.01-17.12.18:221][  0]LogConfig: Applying CVar settings from Section [/Script/Engine.RendererOverrideSettings] File [D:/Gry i Programy/SlaveProject/SlaveProjectUE/Saved/Config/Windows/Engine.ini]
[2022.02.01-17.12.18:221][  0]LogConfig: Applying CVar settings from Section [/Script/Engine.StreamingSettings] File [D:/Gry i Programy/SlaveProject/SlaveProjectUE/Saved/Config/Windows/Engine.ini]
[2022.02.01-17.12.18:221][  0]LogConfig: Setting CVar [[s.MinBulkDataSizeForAsyncLoading:131072]]
[2022.02.01-17.12.18:221][  0]LogConfig: Setting CVar [[s.AsyncLoadingThreadEnabled:0]]
[2022.02.01-17.12.18:221][  0]LogConfig: Setting CVar [[s.EventDrivenLoaderEnabled:1]]
[2022.02.01-17.12.18:221][  0]LogConfig: Setting CVar [[s.WarnIfTimeLimitExceeded:0]]
[2022.02.01-17.12.18:221][  0]LogConfig: Setting CVar [[s.TimeLimitExceededMultiplier:1.5]]
[2022.02.01-17.12.18:221][  0]LogConfig: Setting CVar [[s.TimeLimitExceededMinTime:0.005]]
[2022.02.01-17.12.18:221][  0]LogConfig: Setting CVar [[s.UseBackgroundLevelStreaming:1]]
[2022.02.01-17.12.18:221][  0]LogConfig: Setting CVar [[s.PriorityAsyncLoadingExtraTime:15.0]]
[2022.02.01-17.12.18:221][  0]LogConfig: Setting CVar [[s.LevelStreamingActorsUpdateTimeLimit:5.0]]
[2022.02.01-17.12.18:221][  0]LogConfig: Setting CVar [[s.PriorityLevelStreamingActorsUpdateExtraTime:5.0]]
[2022.02.01-17.12.18:221][  0]LogConfig: Setting CVar [[s.LevelStreamingComponentsRegistrationGranularity:10]]
[2022.02.01-17.12.18:221][  0]LogConfig: Setting CVar [[s.UnregisterComponentsTimeLimit:1.0]]
[2022.02.01-17.12.18:221][  0]LogConfig: Setting CVar [[s.LevelStreamingComponentsUnregistrationGranularity:5]]
[2022.02.01-17.12.18:221][  0]LogConfig: Setting CVar [[s.FlushStreamingOnExit:1]]
[2022.02.01-17.12.18:221][  0]LogConfig: Applying CVar settings from Section [/Script/Engine.GarbageCollectionSettings] File [D:/Gry i Programy/SlaveProject/SlaveProjectUE/Saved/Config/Windows/Engine.ini]
[2022.02.01-17.12.18:221][  0]LogConfig: Setting CVar [[gc.MaxObjectsNotConsideredByGC:1]]
[2022.02.01-17.12.18:221][  0]LogConfig: Setting CVar [[gc.SizeOfPermanentObjectPool:0]]
[2022.02.01-17.12.18:221][  0]LogConfig: Setting CVar [[gc.FlushStreamingOnGC:0]]
[2022.02.01-17.12.18:221][  0]LogConfig: Setting CVar [[gc.NumRetriesBeforeForcingGC:10]]
[2022.02.01-17.12.18:221][  0]LogConfig: Setting CVar [[gc.AllowParallelGC:1]]
[2022.02.01-17.12.18:221][  0]LogConfig: Setting CVar [[gc.TimeBetweenPurgingPendingKillObjects:61.1]]
[2022.02.01-17.12.18:221][  0]LogConfig: Setting CVar [[gc.MaxObjectsInEditor:25165824]]
[2022.02.01-17.12.18:221][  0]LogConfig: Setting CVar [[gc.IncrementalBeginDestroyEnabled:1]]
[2022.02.01-17.12.18:221][  0]LogConfig: Setting CVar [[gc.CreateGCClusters:1]]
[2022.02.01-17.12.18:221][  0]LogConfig: Setting CVar [[gc.MinGCClusterSize:5]]
[2022.02.01-17.12.18:221][  0]LogConfig: Setting CVar [[gc.ActorClusteringEnabled:0]]
[2022.02.01-17.12.18:221][  0]LogConfig: Setting CVar [[gc.BlueprintClusteringEnabled:0]]
[2022.02.01-17.12.18:221][  0]LogConfig: Setting CVar [[gc.UseDisregardForGCOnDedicatedServers:0]]
[2022.02.01-17.12.18:221][  0]LogConfig: Setting CVar [[gc.MultithreadedDestructionEnabled:1]]
[2022.02.01-17.12.18:221][  0]LogConfig: Applying CVar settings from Section [/Script/Engine.NetworkSettings] File [D:/Gry i Programy/SlaveProject/SlaveProjectUE/Saved/Config/Windows/Engine.ini]
[2022.02.01-17.12.18:221][  0]LogConfig: Applying CVar settings from Section [/Script/UnrealEd.CookerSettings] File [D:/Gry i Programy/SlaveProject/SlaveProjectUE/Saved/Config/Windows/Engine.ini]
[2022.02.01-17.12.18:239][  0]LogConfig: Applying CVar settings from Section [ViewDistanceQuality@3] File [D:/Gry i Programy/SlaveProject/SlaveProjectUE/Saved/Config/Windows/Scalability.ini]
[2022.02.01-17.12.18:239][  0]LogConfig: Setting CVar [[r.SkeletalMeshLODBias:0]]
[2022.02.01-17.12.18:239][  0]LogConfig: Setting CVar [[r.ViewDistanceScale:1.0]]
[2022.02.01-17.12.18:239][  0]LogConfig: Applying CVar settings from Section [AntiAliasingQuality@3] File [D:/Gry i Programy/SlaveProject/SlaveProjectUE/Saved/Config/Windows/Scalability.ini]
[2022.02.01-17.12.18:239][  0]LogConfig: Setting CVar [[r.PostProcessAAQuality:4]]
[2022.02.01-17.12.18:239][  0]LogConfig: Applying CVar settings from Section [ShadowQuality@3] File [D:/Gry i Programy/SlaveProject/SlaveProjectUE/Saved/Config/Windows/Scalability.ini]
[2022.02.01-17.12.18:239][  0]LogConfig: Setting CVar [[r.LightFunctionQuality:1]]
[2022.02.01-17.12.18:239][  0]LogConfig: Setting CVar [[r.ShadowQuality:5]]
[2022.02.01-17.12.18:239][  0]LogConfig: Setting CVar [[r.Shadow.CSM.MaxCascades:10]]
[2022.02.01-17.12.18:239][  0]LogConfig: Setting CVar [[r.Shadow.MaxResolution:2048]]
[2022.02.01-17.12.18:239][  0]LogConfig: Setting CVar [[r.Shadow.MaxCSMResolution:2048]]
[2022.02.01-17.12.18:239][  0]LogConfig: Setting CVar [[r.Shadow.RadiusThreshold:0.01]]
[2022.02.01-17.12.18:239][  0]LogConfig: Setting CVar [[r.Shadow.DistanceScale:1.0]]
[2022.02.01-17.12.18:239][  0]LogConfig: Setting CVar [[r.Shadow.CSM.TransitionScale:1.0]]
[2022.02.01-17.12.18:239][  0]LogConfig: Setting CVar [[r.Shadow.PreShadowResolutionFactor:1.0]]
[2022.02.01-17.12.18:239][  0]LogConfig: Setting CVar [[r.DistanceFieldShadowing:1]]
[2022.02.01-17.12.18:239][  0]LogConfig: Setting CVar [[r.DistanceFieldAO:1]]
[2022.02.01-17.12.18:239][  0]LogConfig: Setting CVar [[r.AOQuality:2]]
[2022.02.01-17.12.18:239][  0]LogConfig: Setting CVar [[r.VolumetricFog:1]]
[2022.02.01-17.12.18:239][  0]LogConfig: Setting CVar [[r.VolumetricFog.GridPixelSize:8]]
[2022.02.01-17.12.18:239][  0]LogConfig: Setting CVar [[r.VolumetricFog.GridSizeZ:128]]
[2022.02.01-17.12.18:239][  0]LogConfig: Setting CVar [[r.VolumetricFog.HistoryMissSupersampleCount:4]]
[2022.02.01-17.12.18:239][  0]LogConfig: Setting CVar [[r.LightMaxDrawDistanceScale:1]]
[2022.02.01-17.12.18:239][  0]LogConfig: Setting CVar [[r.CapsuleShadows:1]]
[2022.02.01-17.12.18:239][  0]LogConfig: Applying CVar settings from Section [PostProcessQuality@3] File [D:/Gry i Programy/SlaveProject/SlaveProjectUE/Saved/Config/Windows/Scalability.ini]
[2022.02.01-17.12.18:239][  0]LogConfig: Setting CVar [[r.MotionBlurQuality:4]]
[2022.02.01-17.12.18:239][  0]LogConfig: Setting CVar [[r.AmbientOcclusionMipLevelFactor:0.4]]
[2022.02.01-17.12.18:239][  0]LogConfig: Setting CVar [[r.AmbientOcclusionMaxQuality:100]]
[2022.02.01-17.12.18:239][  0]LogConfig: Setting CVar [[r.AmbientOcclusionLevels:-1]]
[2022.02.01-17.12.18:239][  0]LogConfig: Setting CVar [[r.AmbientOcclusionRadiusScale:1.0]]
[2022.02.01-17.12.18:239][  0]LogConfig: Setting CVar [[r.DepthOfFieldQuality:2]]
[2022.02.01-17.12.18:239][  0]LogConfig: Setting CVar [[r.RenderTargetPoolMin:400]]
[2022.02.01-17.12.18:239][  0]LogConfig: Setting CVar [[r.LensFlareQuality:2]]
[2022.02.01-17.12.18:239][  0]LogConfig: Setting CVar [[r.SceneColorFringeQuality:1]]
[2022.02.01-17.12.18:239][  0]LogConfig: Setting CVar [[r.EyeAdaptationQuality:2]]
[2022.02.01-17.12.18:239][  0]LogConfig: Setting CVar [[r.BloomQuality:5]]
[2022.02.01-17.12.18:239][  0]LogConfig: Setting CVar [[r.FastBlurThreshold:100]]
[2022.02.01-17.12.18:239][  0]LogConfig: Setting CVar [[r.Upscale.Quality:3]]
[2022.02.01-17.12.18:239][  0]LogConfig: Setting CVar [[r.Tonemapper.GrainQuantization:1]]
[2022.02.01-17.12.18:239][  0]LogConfig: Setting CVar [[r.LightShaftQuality:1]]
[2022.02.01-17.12.18:239][  0]LogConfig: Setting CVar [[r.Filter.SizeScale:1]]
[2022.02.01-17.12.18:240][  0]LogConfig: Setting CVar [[r.Tonemapper.Quality:5]]
[2022.02.01-17.12.18:240][  0]LogConfig: Setting CVar [[r.DOF.Gather.AccumulatorQuality:1        ; higher gathering accumulator quality]]
[2022.02.01-17.12.18:240][  0]LogConfig: Setting CVar [[r.DOF.Gather.PostfilterMethod:1          ; Median3x3 postfilering method]]
[2022.02.01-17.12.18:240][  0]LogConfig: Setting CVar [[r.DOF.Gather.EnableBokehSettings:0       ; no bokeh simulation when gathering]]
[2022.02.01-17.12.18:240][  0]LogConfig: Setting CVar [[r.DOF.Gather.RingCount:4                 ; medium number of samples when gathering]]
[2022.02.01-17.12.18:240][  0]LogConfig: Setting CVar [[r.DOF.Scatter.ForegroundCompositing:1    ; additive foreground scattering]]
[2022.02.01-17.12.18:240][  0]LogConfig: Setting CVar [[r.DOF.Scatter.BackgroundCompositing:2    ; additive background scattering]]
[2022.02.01-17.12.18:240][  0]LogConfig: Setting CVar [[r.DOF.Scatter.EnableBokehSettings:1      ; bokeh simulation when scattering]]
[2022.02.01-17.12.18:240][  0]LogConfig: Setting CVar [[r.DOF.Scatter.MaxSpriteRatio:0.1         ; only a maximum of 10% of scattered bokeh]]
[2022.02.01-17.12.18:240][  0]LogConfig: Setting CVar [[r.DOF.Recombine.Quality:1                ; cheap slight out of focus]]
[2022.02.01-17.12.18:240][  0]LogConfig: Setting CVar [[r.DOF.Recombine.EnableBokehSettings:0    ; no bokeh simulation on slight out of focus]]
[2022.02.01-17.12.18:240][  0]LogConfig: Setting CVar [[r.DOF.TemporalAAQuality:1                ; more stable temporal accumulation]]
[2022.02.01-17.12.18:240][  0]LogConfig: Setting CVar [[r.DOF.Kernel.MaxForegroundRadius:0.025]]
[2022.02.01-17.12.18:240][  0]LogConfig: Setting CVar [[r.DOF.Kernel.MaxBackgroundRadius:0.025]]
[2022.02.01-17.12.18:240][  0]LogConfig: Applying CVar settings from Section [TextureQuality@3] File [D:/Gry i Programy/SlaveProject/SlaveProjectUE/Saved/Config/Windows/Scalability.ini]
[2022.02.01-17.12.18:240][  0]LogConfig: Setting CVar [[r.Streaming.MipBias:0]]
[2022.02.01-17.12.18:240][  0]LogConfig: Setting CVar [[r.Streaming.AmortizeCPUToGPUCopy:0]]
[2022.02.01-17.12.18:240][  0]LogConfig: Setting CVar [[r.Streaming.MaxNumTexturesToStreamPerFrame:0]]
[2022.02.01-17.12.18:240][  0]LogConfig: Setting CVar [[r.Streaming.Boost:1]]
[2022.02.01-17.12.18:240][  0]LogConfig: Setting CVar [[r.MaxAnisotropy:8]]
[2022.02.01-17.12.18:240][  0]LogConfig: Setting CVar [[r.VT.MaxAnisotropy:8]]
[2022.02.01-17.12.18:240][  0]LogConfig: Setting CVar [[r.Streaming.LimitPoolSizeToVRAM:0]]
[2022.02.01-17.12.18:240][  0]LogConfig: Setting CVar [[r.Streaming.PoolSize:1000]]
[2022.02.01-17.12.18:240][  0]LogConfig: Setting CVar [[r.Streaming.MaxEffectiveScreenSize:0]]
[2022.02.01-17.12.18:240][  0]LogConfig: Applying CVar settings from Section [EffectsQuality@3] File [D:/Gry i Programy/SlaveProject/SlaveProjectUE/Saved/Config/Windows/Scalability.ini]
[2022.02.01-17.12.18:240][  0]LogConfig: Setting CVar [[r.TranslucencyLightingVolumeDim:64]]
[2022.02.01-17.12.18:240][  0]LogConfig: Setting CVar [[r.RefractionQuality:2]]
[2022.02.01-17.12.18:240][  0]LogConfig: Setting CVar [[r.SSR.Quality:3]]
[2022.02.01-17.12.18:240][  0]LogConfig: Setting CVar [[r.SSR.HalfResSceneColor:0]]
[2022.02.01-17.12.18:240][  0]LogConfig: Setting CVar [[r.SceneColorFormat:4]]
[2022.02.01-17.12.18:240][  0]LogConfig: Setting CVar [[r.DetailMode:2]]
[2022.02.01-17.12.18:240][  0]LogConfig: Setting CVar [[r.TranslucencyVolumeBlur:1]]
[2022.02.01-17.12.18:240][  0]LogConfig: Setting CVar [[r.MaterialQualityLevel:1 ; High quality]]
[2022.02.01-17.12.18:240][  0]LogConfig: Setting CVar [[r.AnisotropicMaterials:1]]
[2022.02.01-17.12.18:240][  0]LogConfig: Setting CVar [[r.SSS.Scale:1]]
[2022.02.01-17.12.18:240][  0]LogConfig: Setting CVar [[r.SSS.SampleSet:2]]
[2022.02.01-17.12.18:240][  0]LogConfig: Setting CVar [[r.SSS.Quality:1]]
[2022.02.01-17.12.18:240][  0]LogConfig: Setting CVar [[r.SSS.HalfRes:0]]
[2022.02.01-17.12.18:240][  0]LogConfig: Setting CVar [[r.SSGI.Quality:3]]
[2022.02.01-17.12.18:240][  0]LogConfig: Setting CVar [[r.EmitterSpawnRateScale:1.0]]
[2022.02.01-17.12.18:240][  0]LogConfig: Setting CVar [[r.ParticleLightQuality:2]]
[2022.02.01-17.12.18:240][  0]LogConfig: Setting CVar [[r.SkyAtmosphere.AerialPerspectiveLUT.FastApplyOnOpaque:1 ; Always have FastSkyLUT 1 in this case to avoid wrong sky]]
[2022.02.01-17.12.18:240][  0]LogConfig: Setting CVar [[r.SkyAtmosphere.AerialPerspectiveLUT.SampleCountMaxPerSlice:4]]
[2022.02.01-17.12.18:240][  0]LogConfig: Setting CVar [[r.SkyAtmosphere.AerialPerspectiveLUT.DepthResolution:16.0]]
[2022.02.01-17.12.18:240][  0]LogConfig: Setting CVar [[r.SkyAtmosphere.FastSkyLUT:1]]
[2022.02.01-17.12.18:240][  0]LogConfig: Setting CVar [[r.SkyAtmosphere.FastSkyLUT.SampleCountMin:4.0]]
[2022.02.01-17.12.18:240][  0]LogConfig: Setting CVar [[r.SkyAtmosphere.FastSkyLUT.SampleCountMax:128.0]]
[2022.02.01-17.12.18:240][  0]LogConfig: Setting CVar [[r.SkyAtmosphere.SampleCountMin:4.0]]
[2022.02.01-17.12.18:240][  0]LogConfig: Setting CVar [[r.SkyAtmosphere.SampleCountMax:128.0]]
[2022.02.01-17.12.18:240][  0]LogConfig: Setting CVar [[r.SkyAtmosphere.TransmittanceLUT.UseSmallFormat:0]]
[2022.02.01-17.12.18:240][  0]LogConfig: Setting CVar [[r.SkyAtmosphere.TransmittanceLUT.SampleCount:10.0]]
[2022.02.01-17.12.18:240][  0]LogConfig: Setting CVar [[r.SkyAtmosphere.MultiScatteringLUT.SampleCount:15.0]]
[2022.02.01-17.12.18:240][  0]LogConfig: Setting CVar [[r.SkyLight.RealTimeReflectionCapture:1]]
[2022.02.01-17.12.18:240][  0]LogConfig: Applying CVar settings from Section [FoliageQuality@3] File [D:/Gry i Programy/SlaveProject/SlaveProjectUE/Saved/Config/Windows/Scalability.ini]
[2022.02.01-17.12.18:240][  0]LogConfig: Setting CVar [[foliage.DensityScale:1.0]]
[2022.02.01-17.12.18:240][  0]LogConfig: Setting CVar [[grass.DensityScale:1.0]]
[2022.02.01-17.12.18:240][  0]LogConfig: Applying CVar settings from Section [ShadingQuality@3] File [D:/Gry i Programy/SlaveProject/SlaveProjectUE/Saved/Config/Windows/Scalability.ini]
[2022.02.01-17.12.18:240][  0]LogConfig: Setting CVar [[r.HairStrands.SkyLighting.IntegrationType:2]]
[2022.02.01-17.12.18:240][  0]LogConfig: Setting CVar [[r.HairStrands.SkyAO.SampleCount:4]]
[2022.02.01-17.12.18:240][  0]LogConfig: Setting CVar [[r.HairStrands.Visibility.MSAA.SamplePerPixel:4]]
[2022.02.01-17.12.18:240][  0]LogInit: Selected Device Profile: [Windows]
[2022.02.01-17.12.18:240][  0]LogInit: Applying CVar settings loaded from the selected device profile: [Windows]
[2022.02.01-17.12.18:240][  0]LogHAL: Display: Platform has ~ 16 GB [17120120832 / 17179869184 / 16], which maps to Larger [LargestMinGB=32, LargerMinGB=12, DefaultMinGB=8, SmallerMinGB=6, SmallestMinGB=0)
[2022.02.01-17.12.18:240][  0]LogInit: Going up to parent DeviceProfile []
[2022.02.01-17.12.18:240][  0]LogConfig: Applying CVar settings from Section [ViewDistanceQuality@3] File [D:/Gry i Programy/SlaveProject/SlaveProjectUE/Saved/Config/Windows/Scalability.ini]
[2022.02.01-17.12.18:240][  0]LogConfig: Setting CVar [[r.SkeletalMeshLODBias:0]]
[2022.02.01-17.12.18:240][  0]LogConfig: Setting CVar [[r.ViewDistanceScale:1.0]]
[2022.02.01-17.12.18:240][  0]LogConfig: Applying CVar settings from Section [AntiAliasingQuality@3] File [D:/Gry i Programy/SlaveProject/SlaveProjectUE/Saved/Config/Windows/Scalability.ini]
[2022.02.01-17.12.18:240][  0]LogConfig: Setting CVar [[r.PostProcessAAQuality:4]]
[2022.02.01-17.12.18:240][  0]LogConfig: Applying CVar settings from Section [ShadowQuality@3] File [D:/Gry i Programy/SlaveProject/SlaveProjectUE/Saved/Config/Windows/Scalability.ini]
[2022.02.01-17.12.18:240][  0]LogConfig: Setting CVar [[r.LightFunctionQuality:1]]
[2022.02.01-17.12.18:240][  0]LogConfig: Setting CVar [[r.ShadowQuality:5]]
[2022.02.01-17.12.18:240][  0]LogConfig: Setting CVar [[r.Shadow.CSM.MaxCascades:10]]
[2022.02.01-17.12.18:240][  0]LogConfig: Setting CVar [[r.Shadow.MaxResolution:2048]]
[2022.02.01-17.12.18:240][  0]LogConfig: Setting CVar [[r.Shadow.MaxCSMResolution:2048]]
[2022.02.01-17.12.18:240][  0]LogConfig: Setting CVar [[r.Shadow.RadiusThreshold:0.01]]
[2022.02.01-17.12.18:240][  0]LogConfig: Setting CVar [[r.Shadow.DistanceScale:1.0]]
[2022.02.01-17.12.18:240][  0]LogConfig: Setting CVar [[r.Shadow.CSM.TransitionScale:1.0]]
[2022.02.01-17.12.18:240][  0]LogConfig: Setting CVar [[r.Shadow.PreShadowResolutionFactor:1.0]]
[2022.02.01-17.12.18:240][  0]LogConfig: Setting CVar [[r.DistanceFieldShadowing:1]]
[2022.02.01-17.12.18:240][  0]LogConfig: Setting CVar [[r.DistanceFieldAO:1]]
[2022.02.01-17.12.18:240][  0]LogConfig: Setting CVar [[r.AOQuality:2]]
[2022.02.01-17.12.18:240][  0]LogConfig: Setting CVar [[r.VolumetricFog:1]]
[2022.02.01-17.12.18:240][  0]LogConfig: Setting CVar [[r.VolumetricFog.GridPixelSize:8]]
[2022.02.01-17.12.18:240][  0]LogConfig: Setting CVar [[r.VolumetricFog.GridSizeZ:128]]
[2022.02.01-17.12.18:240][  0]LogConfig: Setting CVar [[r.VolumetricFog.HistoryMissSupersampleCount:4]]
[2022.02.01-17.12.18:240][  0]LogConfig: Setting CVar [[r.LightMaxDrawDistanceScale:1]]
[2022.02.01-17.12.18:240][  0]LogConfig: Setting CVar [[r.CapsuleShadows:1]]
[2022.02.01-17.12.18:241][  0]LogConfig: Applying CVar settings from Section [PostProcessQuality@3] File [D:/Gry i Programy/SlaveProject/SlaveProjectUE/Saved/Config/Windows/Scalability.ini]
[2022.02.01-17.12.18:241][  0]LogConfig: Setting CVar [[r.MotionBlurQuality:4]]
[2022.02.01-17.12.18:241][  0]LogConfig: Setting CVar [[r.AmbientOcclusionMipLevelFactor:0.4]]
[2022.02.01-17.12.18:241][  0]LogConfig: Setting CVar [[r.AmbientOcclusionMaxQuality:100]]
[2022.02.01-17.12.18:241][  0]LogConfig: Setting CVar [[r.AmbientOcclusionLevels:-1]]
[2022.02.01-17.12.18:241][  0]LogConfig: Setting CVar [[r.AmbientOcclusionRadiusScale:1.0]]
[2022.02.01-17.12.18:241][  0]LogConfig: Setting CVar [[r.DepthOfFieldQuality:2]]
[2022.02.01-17.12.18:241][  0]LogConfig: Setting CVar [[r.RenderTargetPoolMin:400]]
[2022.02.01-17.12.18:241][  0]LogConfig: Setting CVar [[r.LensFlareQuality:2]]
[2022.02.01-17.12.18:241][  0]LogConfig: Setting CVar [[r.SceneColorFringeQuality:1]]
[2022.02.01-17.12.18:241][  0]LogConfig: Setting CVar [[r.EyeAdaptationQuality:2]]
[2022.02.01-17.12.18:241][  0]LogConfig: Setting CVar [[r.BloomQuality:5]]
[2022.02.01-17.12.18:241][  0]LogConfig: Setting CVar [[r.FastBlurThreshold:100]]
[2022.02.01-17.12.18:241][  0]LogConfig: Setting CVar [[r.Upscale.Quality:3]]
[2022.02.01-17.12.18:241][  0]LogConfig: Setting CVar [[r.Tonemapper.GrainQuantization:1]]
[2022.02.01-17.12.18:241][  0]LogConfig: Setting CVar [[r.LightShaftQuality:1]]
[2022.02.01-17.12.18:241][  0]LogConfig: Setting CVar [[r.Filter.SizeScale:1]]
[2022.02.01-17.12.18:241][  0]LogConfig: Setting CVar [[r.Tonemapper.Quality:5]]
[2022.02.01-17.12.18:241][  0]LogConfig: Setting CVar [[r.DOF.Gather.AccumulatorQuality:1        ; higher gathering accumulator quality]]
[2022.02.01-17.12.18:241][  0]LogConfig: Setting CVar [[r.DOF.Gather.PostfilterMethod:1          ; Median3x3 postfilering method]]
[2022.02.01-17.12.18:241][  0]LogConfig: Setting CVar [[r.DOF.Gather.EnableBokehSettings:0       ; no bokeh simulation when gathering]]
[2022.02.01-17.12.18:241][  0]LogConfig: Setting CVar [[r.DOF.Gather.RingCount:4                 ; medium number of samples when gathering]]
[2022.02.01-17.12.18:241][  0]LogConfig: Setting CVar [[r.DOF.Scatter.ForegroundCompositing:1    ; additive foreground scattering]]
[2022.02.01-17.12.18:241][  0]LogConfig: Setting CVar [[r.DOF.Scatter.BackgroundCompositing:2    ; additive background scattering]]
[2022.02.01-17.12.18:241][  0]LogConfig: Setting CVar [[r.DOF.Scatter.EnableBokehSettings:1      ; bokeh simulation when scattering]]
[2022.02.01-17.12.18:241][  0]LogConfig: Setting CVar [[r.DOF.Scatter.MaxSpriteRatio:0.1         ; only a maximum of 10% of scattered bokeh]]
[2022.02.01-17.12.18:241][  0]LogConfig: Setting CVar [[r.DOF.Recombine.Quality:1                ; cheap slight out of focus]]
[2022.02.01-17.12.18:241][  0]LogConfig: Setting CVar [[r.DOF.Recombine.EnableBokehSettings:0    ; no bokeh simulation on slight out of focus]]
[2022.02.01-17.12.18:241][  0]LogConfig: Setting CVar [[r.DOF.TemporalAAQuality:1                ; more stable temporal accumulation]]
[2022.02.01-17.12.18:241][  0]LogConfig: Setting CVar [[r.DOF.Kernel.MaxForegroundRadius:0.025]]
[2022.02.01-17.12.18:241][  0]LogConfig: Setting CVar [[r.DOF.Kernel.MaxBackgroundRadius:0.025]]
[2022.02.01-17.12.18:241][  0]LogConfig: Applying CVar settings from Section [TextureQuality@3] File [D:/Gry i Programy/SlaveProject/SlaveProjectUE/Saved/Config/Windows/Scalability.ini]
[2022.02.01-17.12.18:241][  0]LogConfig: Setting CVar [[r.Streaming.MipBias:0]]
[2022.02.01-17.12.18:241][  0]LogConfig: Setting CVar [[r.Streaming.AmortizeCPUToGPUCopy:0]]
[2022.02.01-17.12.18:241][  0]LogConfig: Setting CVar [[r.Streaming.MaxNumTexturesToStreamPerFrame:0]]
[2022.02.01-17.12.18:241][  0]LogConfig: Setting CVar [[r.Streaming.Boost:1]]
[2022.02.01-17.12.18:241][  0]LogConfig: Setting CVar [[r.MaxAnisotropy:8]]
[2022.02.01-17.12.18:241][  0]LogConfig: Setting CVar [[r.VT.MaxAnisotropy:8]]
[2022.02.01-17.12.18:241][  0]LogConfig: Setting CVar [[r.Streaming.LimitPoolSizeToVRAM:0]]
[2022.02.01-17.12.18:241][  0]LogConfig: Setting CVar [[r.Streaming.PoolSize:1000]]
[2022.02.01-17.12.18:241][  0]LogConfig: Setting CVar [[r.Streaming.MaxEffectiveScreenSize:0]]
[2022.02.01-17.12.18:241][  0]LogConfig: Applying CVar settings from Section [EffectsQuality@3] File [D:/Gry i Programy/SlaveProject/SlaveProjectUE/Saved/Config/Windows/Scalability.ini]
[2022.02.01-17.12.18:241][  0]LogConfig: Setting CVar [[r.TranslucencyLightingVolumeDim:64]]
[2022.02.01-17.12.18:241][  0]LogConfig: Setting CVar [[r.RefractionQuality:2]]
[2022.02.01-17.12.18:241][  0]LogConfig: Setting CVar [[r.SSR.Quality:3]]
[2022.02.01-17.12.18:241][  0]LogConfig: Setting CVar [[r.SSR.HalfResSceneColor:0]]
[2022.02.01-17.12.18:241][  0]LogConfig: Setting CVar [[r.SceneColorFormat:4]]
[2022.02.01-17.12.18:241][  0]LogConfig: Setting CVar [[r.DetailMode:2]]
[2022.02.01-17.12.18:241][  0]LogConfig: Setting CVar [[r.TranslucencyVolumeBlur:1]]
[2022.02.01-17.12.18:241][  0]LogConfig: Setting CVar [[r.MaterialQualityLevel:1 ; High quality]]
[2022.02.01-17.12.18:241][  0]LogConfig: Setting CVar [[r.AnisotropicMaterials:1]]
[2022.02.01-17.12.18:241][  0]LogConfig: Setting CVar [[r.SSS.Scale:1]]
[2022.02.01-17.12.18:241][  0]LogConfig: Setting CVar [[r.SSS.SampleSet:2]]
[2022.02.01-17.12.18:241][  0]LogConfig: Setting CVar [[r.SSS.Quality:1]]
[2022.02.01-17.12.18:241][  0]LogConfig: Setting CVar [[r.SSS.HalfRes:0]]
[2022.02.01-17.12.18:241][  0]LogConfig: Setting CVar [[r.SSGI.Quality:3]]
[2022.02.01-17.12.18:241][  0]LogConfig: Setting CVar [[r.EmitterSpawnRateScale:1.0]]
[2022.02.01-17.12.18:241][  0]LogConfig: Setting CVar [[r.ParticleLightQuality:2]]
[2022.02.01-17.12.18:241][  0]LogConfig: Setting CVar [[r.SkyAtmosphere.AerialPerspectiveLUT.FastApplyOnOpaque:1 ; Always have FastSkyLUT 1 in this case to avoid wrong sky]]
[2022.02.01-17.12.18:241][  0]LogConfig: Setting CVar [[r.SkyAtmosphere.AerialPerspectiveLUT.SampleCountMaxPerSlice:4]]
[2022.02.01-17.12.18:241][  0]LogConfig: Setting CVar [[r.SkyAtmosphere.AerialPerspectiveLUT.DepthResolution:16.0]]
[2022.02.01-17.12.18:241][  0]LogConfig: Setting CVar [[r.SkyAtmosphere.FastSkyLUT:1]]
[2022.02.01-17.12.18:241][  0]LogConfig: Setting CVar [[r.SkyAtmosphere.FastSkyLUT.SampleCountMin:4.0]]
[2022.02.01-17.12.18:241][  0]LogConfig: Setting CVar [[r.SkyAtmosphere.FastSkyLUT.SampleCountMax:128.0]]
[2022.02.01-17.12.18:241][  0]LogConfig: Setting CVar [[r.SkyAtmosphere.SampleCountMin:4.0]]
[2022.02.01-17.12.18:241][  0]LogConfig: Setting CVar [[r.SkyAtmosphere.SampleCountMax:128.0]]
[2022.02.01-17.12.18:241][  0]LogConfig: Setting CVar [[r.SkyAtmosphere.TransmittanceLUT.UseSmallFormat:0]]
[2022.02.01-17.12.18:241][  0]LogConfig: Setting CVar [[r.SkyAtmosphere.TransmittanceLUT.SampleCount:10.0]]
[2022.02.01-17.12.18:241][  0]LogConfig: Setting CVar [[r.SkyAtmosphere.MultiScatteringLUT.SampleCount:15.0]]
[2022.02.01-17.12.18:241][  0]LogConfig: Setting CVar [[r.SkyLight.RealTimeReflectionCapture:1]]
[2022.02.01-17.12.18:241][  0]LogConfig: Applying CVar settings from Section [FoliageQuality@3] File [D:/Gry i Programy/SlaveProject/SlaveProjectUE/Saved/Config/Windows/Scalability.ini]
[2022.02.01-17.12.18:241][  0]LogConfig: Setting CVar [[foliage.DensityScale:1.0]]
[2022.02.01-17.12.18:241][  0]LogConfig: Setting CVar [[grass.DensityScale:1.0]]
[2022.02.01-17.12.18:241][  0]LogConfig: Applying CVar settings from Section [ShadingQuality@3] File [D:/Gry i Programy/SlaveProject/SlaveProjectUE/Saved/Config/Windows/Scalability.ini]
[2022.02.01-17.12.18:241][  0]LogConfig: Setting CVar [[r.HairStrands.SkyLighting.IntegrationType:2]]
[2022.02.01-17.12.18:241][  0]LogConfig: Setting CVar [[r.HairStrands.SkyAO.SampleCount:4]]
[2022.02.01-17.12.18:241][  0]LogConfig: Setting CVar [[r.HairStrands.Visibility.MSAA.SamplePerPixel:4]]
[2022.02.01-17.12.18:241][  0]LogConfig: Applying CVar settings from Section [Startup] File [../../../Engine/Config/ConsoleVariables.ini]
[2022.02.01-17.12.18:242][  0]LogConfig: Setting CVar [[net.UseAdaptiveNetUpdateFrequency:0]]
[2022.02.01-17.12.18:242][  0]LogConfig: Setting CVar [[p.chaos.AllowCreatePhysxBodies:1]]
[2022.02.01-17.12.18:242][  0]LogConfig: Setting CVar [[fx.SkipVectorVMBackendOptimizations:1]]
[2022.02.01-17.12.18:242][  0]LogConfig: Applying CVar settings from Section [ConsoleVariables] File [D:/Gry i Programy/SlaveProject/SlaveProjectUE/Saved/Config/Windows/Engine.ini]
[2022.02.01-17.12.18:242][  0]LogConfig: Applying CVar settings from Section [ConsoleVariables] File [D:/Gry i Programy/SlaveProject/SlaveProjectUE/Saved/Config/Windows/Editor.ini]
[2022.02.01-17.12.18:242][  0]LogInit: Computer: DESKTOP-PMFO29U
[2022.02.01-17.12.18:242][  0]LogInit: User: hubis
[2022.02.01-17.12.18:242][  0]LogInit: CPU Page size=4096, Cores=4
[2022.02.01-17.12.18:242][  0]LogInit: High frequency timer resolution =10.000000 MHz
[2022.02.01-17.12.18:242][  0]LogMemory: Memory total: Physical=15.9GB (16GB approx)
[2022.02.01-17.12.18:242][  0]LogMemory: Platform Memory Stats for Windows
[2022.02.01-17.12.18:242][  0]LogMemory: Process Physical Memory: 139.77 MB used, 139.77 MB peak
[2022.02.01-17.12.18:242][  0]LogMemory: Process Virtual Memory: 124.40 MB used, 124.40 MB peak
[2022.02.01-17.12.18:242][  0]LogMemory: Physical Memory: 6276.07 MB used,  10050.95 MB free, 16327.02 MB total
[2022.02.01-17.12.18:242][  0]LogMemory: Virtual Memory: 134180472.00 MB used,  37256.69 MB free, 134217728.00 MB total
[2022.02.01-17.12.18:247][  0]LogWindows: WindowsPlatformFeatures enabled
[2022.02.01-17.12.18:292][  0]LogInit: Physics initialised using underlying interface: PhysX
[2022.02.01-17.12.18:293][  0]LogInit: Using OS detected language (pl-PL).
[2022.02.01-17.12.18:293][  0]LogInit: Using OS detected locale (pl-PL).
[2022.02.01-17.12.18:297][  0]LogTextLocalizationManager: No specific localization for 'pl-PL' exists, so the 'pl' localization will be used.
[2022.02.01-17.12.18:297][  0]LogTextLocalizationResource: LocRes '../../../Engine/Content/Localization/Editor/pl/Editor.locres' could not be opened for reading!
[2022.02.01-17.12.18:297][  0]LogTextLocalizationResource: LocRes '../../../Engine/Content/Localization/EditorTutorials/pl/EditorTutorials.locres' could not be opened for reading!
[2022.02.01-17.12.18:297][  0]LogTextLocalizationResource: LocRes '../../../Engine/Content/Localization/Keywords/pl/Keywords.locres' could not be opened for reading!
[2022.02.01-17.12.18:297][  0]LogTextLocalizationResource: LocRes '../../../Engine/Content/Localization/Category/pl/Category.locres' could not be opened for reading!
[2022.02.01-17.12.18:297][  0]LogTextLocalizationResource: LocRes '../../../Engine/Content/Localization/ToolTips/pl/ToolTips.locres' could not be opened for reading!
[2022.02.01-17.12.18:298][  0]LogTextLocalizationResource: LocRes '../../../Engine/Content/Localization/PropertyNames/pl/PropertyNames.locres' could not be opened for reading!
[2022.02.01-17.12.18:298][  0]LogTextLocalizationResource: LocRes '../../../Engine/Content/Localization/Engine/pl/Engine.locres' could not be opened for reading!
[2022.02.01-17.12.18:299][  0]LogInit: Setting process to per monitor DPI aware
[2022.02.01-17.12.18:311][  0]LogWindowsTextInputMethodSystem: Display: IME system deactivated.
[2022.02.01-17.12.18:470][  0]LogSlate: New Slate User Created.  User Index 0, Is Virtual User: 0
[2022.02.01-17.12.18:470][  0]LogSlate: Slate User Registered.  User Index 0, Is Virtual User: 0
[2022.02.01-17.12.18:769][  0]LogD3D11RHI: Loaded GFSDK_Aftermath_Lib.x64.dll
[2022.02.01-17.12.18:771][  0]LogHMD: Failed to initialize OpenVR with code 110
[2022.02.01-17.12.18:771][  0]LogD3D11RHI: D3D11 min allowed feature level: 11_0
[2022.02.01-17.12.18:771][  0]LogD3D11RHI: D3D11 max allowed feature level: 11_0
[2022.02.01-17.12.18:771][  0]LogD3D11RHI: D3D11 adapters:
[2022.02.01-17.12.19:008][  0]LogD3D11RHI:    0. 'NVIDIA GeForce GTX 1070' (Feature Level 11_0)
[2022.02.01-17.12.19:008][  0]LogD3D11RHI:       8088/0/8163 MB DedicatedVideo/DedicatedSystem/SharedSystem, Outputs:2, VendorId:0x10de
[2022.02.01-17.12.19:011][  0]LogD3D11RHI:    1. 'Microsoft Basic Render Driver' (Feature Level 11_0)
[2022.02.01-17.12.19:011][  0]LogD3D11RHI:       0/0/8163 MB DedicatedVideo/DedicatedSystem/SharedSystem, Outputs:0, VendorId:0x1414
[2022.02.01-17.12.19:011][  0]LogD3D11RHI: Chosen D3D11 Adapter:
[2022.02.01-17.12.19:011][  0]LogD3D11RHI:     Description : NVIDIA GeForce GTX 1070
[2022.02.01-17.12.19:011][  0]LogD3D11RHI:     VendorId    : 10de
[2022.02.01-17.12.19:011][  0]LogD3D11RHI:     DeviceId    : 1b81
[2022.02.01-17.12.19:011][  0]LogD3D11RHI:     SubSysId    : 85981043
[2022.02.01-17.12.19:011][  0]LogD3D11RHI:     Revision    : 00a1
[2022.02.01-17.12.19:011][  0]LogD3D11RHI:     DedicatedVideoMemory : 8480882688 bytes
[2022.02.01-17.12.19:011][  0]LogD3D11RHI:     DedicatedSystemMemory : 0 bytes
[2022.02.01-17.12.19:011][  0]LogD3D11RHI:     SharedSystemMemory : 8560060416 bytes
[2022.02.01-17.12.19:011][  0]LogD3D11RHI:     AdapterLuid : 0 40532
[2022.02.01-17.12.19:016][  0]LogD3D11RHI: Creating new Direct3DDevice
[2022.02.01-17.12.19:017][  0]LogD3D11RHI:     GPU DeviceId: 0x1b81 (for the marketing name, search the web for "GPU Device Id")
[2022.02.01-17.12.19:017][  0]LogWindows: EnumDisplayDevices:
[2022.02.01-17.12.19:017][  0]LogWindows:    0. 'NVIDIA GeForce GTX 1070' (P:1 D:1)
[2022.02.01-17.12.19:017][  0]LogWindows:    1. 'NVIDIA GeForce GTX 1070' (P:0 D:1)
[2022.02.01-17.12.19:017][  0]LogWindows:    2. 'NVIDIA GeForce GTX 1070' (P:0 D:0)
[2022.02.01-17.12.19:018][  0]LogWindows:    3. 'NVIDIA GeForce GTX 1070' (P:0 D:0)
[2022.02.01-17.12.19:018][  0]LogWindows: DebugString: FoundDriverCount:4 
[2022.02.01-17.12.19:018][  0]LogD3D11RHI:     Adapter Name: NVIDIA GeForce GTX 1070
[2022.02.01-17.12.19:018][  0]LogD3D11RHI:   Driver Version: 496.49 (internal:30.0.14.9649, unified:496.49)
[2022.02.01-17.12.19:018][  0]LogD3D11RHI:      Driver Date: 10-20-2021
[2022.02.01-17.12.19:018][  0]LogRHI: Texture pool is 5661 MB (70% of 8088 MB)
[2022.02.01-17.12.19:018][  0]LogD3D11RHI: Creating D3DDevice using adapter:
[2022.02.01-17.12.19:018][  0]LogD3D11RHI:     Description : NVIDIA GeForce GTX 1070
[2022.02.01-17.12.19:018][  0]LogD3D11RHI:     VendorId    : 10de
[2022.02.01-17.12.19:018][  0]LogD3D11RHI:     DeviceId    : 1b81
[2022.02.01-17.12.19:018][  0]LogD3D11RHI:     SubSysId    : 85981043
[2022.02.01-17.12.19:018][  0]LogD3D11RHI:     Revision    : 00a1
[2022.02.01-17.12.19:018][  0]LogD3D11RHI:     DedicatedVideoMemory : 8480882688 bytes
[2022.02.01-17.12.19:018][  0]LogD3D11RHI:     DedicatedSystemMemory : 0 bytes
[2022.02.01-17.12.19:018][  0]LogD3D11RHI:     SharedSystemMemory : 8560060416 bytes
[2022.02.01-17.12.19:018][  0]LogD3D11RHI:     AdapterLuid : 0 40532
[2022.02.01-17.12.19:079][  0]LogD3D11RHI: RHI has support for 64 bit atomics
[2022.02.01-17.12.19:079][  0]LogD3D11RHI: Async texture creation enabled
[2022.02.01-17.12.19:079][  0]LogD3D11RHI: Array index from any shader is supported
[2022.02.01-17.12.19:099][  0]LogD3D11RHI: GPU Timing Frequency: 1000.000000 (Debug: 2 1)
[2022.02.01-17.12.19:144][  0]LogRHI: GeForceNow SDK initialized: 1
[2022.02.01-17.12.19:464][  0]LogTargetPlatformManager: Display: Loaded TargetPlatform 'AllDesktop'
[2022.02.01-17.12.19:487][  0]LogTargetPlatformManager: Display: Loaded TargetPlatform 'Android'
[2022.02.01-17.12.19:487][  0]LogTargetPlatformManager: Display: Loaded TargetPlatform 'Android_ASTC'
[2022.02.01-17.12.19:487][  0]LogTargetPlatformManager: Display: Loaded TargetPlatform 'Android_DXT'
[2022.02.01-17.12.19:487][  0]LogTargetPlatformManager: Display: Loaded TargetPlatform 'Android_ETC2'
[2022.02.01-17.12.19:487][  0]LogTargetPlatformManager: Display: Loaded TargetPlatform 'AndroidClient'
[2022.02.01-17.12.19:487][  0]LogTargetPlatformManager: Display: Loaded TargetPlatform 'Android_ASTCClient'
[2022.02.01-17.12.19:487][  0]LogTargetPlatformManager: Display: Loaded TargetPlatform 'Android_DXTClient'
[2022.02.01-17.12.19:487][  0]LogTargetPlatformManager: Display: Loaded TargetPlatform 'Android_ETC2Client'
[2022.02.01-17.12.19:487][  0]LogTargetPlatformManager: Display: Loaded TargetPlatform 'Android_Multi'
[2022.02.01-17.12.19:487][  0]LogTargetPlatformManager: Display: Loaded TargetPlatform 'Android_MultiClient'
[2022.02.01-17.12.19:508][  0]LogTargetPlatformManager: Display: Loaded TargetPlatform 'IOSClient'
[2022.02.01-17.12.19:508][  0]LogTargetPlatformManager: Display: Loaded TargetPlatform 'IOS'
[2022.02.01-17.12.19:523][  0]LogTargetPlatformManager: Display: Loaded TargetPlatform 'Linux'
[2022.02.01-17.12.19:528][  0]LogTargetPlatformManager: Display: Loaded TargetPlatform 'LinuxNoEditor'
[2022.02.01-17.12.19:532][  0]LogTargetPlatformManager: Display: Loaded TargetPlatform 'LinuxClient'
[2022.02.01-17.12.19:537][  0]LogTargetPlatformManager: Display: Loaded TargetPlatform 'LinuxServer'
[2022.02.01-17.12.19:547][  0]LogTargetPlatformManager: Display: Loaded TargetPlatform 'LinuxAArch64NoEditor'
[2022.02.01-17.12.19:552][  0]LogTargetPlatformManager: Display: Loaded TargetPlatform 'LinuxAArch64Client'
[2022.02.01-17.12.19:557][  0]LogTargetPlatformManager: Display: Loaded TargetPlatform 'LinuxAArch64Server'
[2022.02.01-17.12.19:583][  0]LogTargetPlatformManager: Display: Loaded TargetPlatform 'Lumin'
[2022.02.01-17.12.19:583][  0]LogTargetPlatformManager: Display: Loaded TargetPlatform 'LuminClient'
[2022.02.01-17.12.19:593][  0]LogTargetPlatformManager: Display: Loaded TargetPlatform 'MacNoEditor'
[2022.02.01-17.12.19:598][  0]LogTargetPlatformManager: Display: Loaded TargetPlatform 'Mac'
[2022.02.01-17.12.19:603][  0]LogTargetPlatformManager: Display: Loaded TargetPlatform 'MacClient'
[2022.02.01-17.12.19:608][  0]LogTargetPlatformManager: Display: Loaded TargetPlatform 'MacServer'
[2022.02.01-17.12.19:619][  0]LogTargetPlatformManager: Display: Loaded TargetPlatform 'TVOSClient'
[2022.02.01-17.12.19:619][  0]LogTargetPlatformManager: Display: Loaded TargetPlatform 'TVOS'
[2022.02.01-17.12.19:628][  0]LogTargetPlatformManager: Display: Loaded TargetPlatform 'WindowsNoEditor'
[2022.02.01-17.12.19:633][  0]LogTargetPlatformManager: Display: Loaded TargetPlatform 'Windows'
[2022.02.01-17.12.19:637][  0]LogTargetPlatformManager: Display: Loaded TargetPlatform 'WindowsClient'
[2022.02.01-17.12.19:641][  0]LogTargetPlatformManager: Display: Loaded TargetPlatform 'WindowsServer'
[2022.02.01-17.12.19:641][  0]LogTargetPlatformManager: Display: Building Assets For Windows
[2022.02.01-17.12.19:648][  0]LogAudioDebug: Display: Lib vorbis DLL was dynamically loaded.
[2022.02.01-17.12.19:679][  0]LogTextureFormatOodle: Display: Oodle Texture 2.9.0 init RDO Off
[2022.02.01-17.12.19:711][  0]LogRendererCore: Ray tracing is disabled. Reason: r.RayTracing=0.
[2022.02.01-17.12.19:711][  0]LogShaderCompilers: Guid format shader working directory is 7 characters bigger than the processId version (../../../../SlaveProject/SlaveProjectUE/Intermediate/Shaders/WorkingDirectory/3412/).
[2022.02.01-17.12.19:711][  0]LogShaderCompilers: Cleaned the shader compiler working directory 'C:/Users/hubis/AppData/Local/Temp/UnrealShaderWorkingDir/AB2B6BC441B6DA7C4DEB5D8380F5FA1D/'.
[2022.02.01-17.12.19:711][  0]LogXGEController: Cannot use XGE Controller as Incredibuild is not installed on this machine.
[2022.02.01-17.12.19:711][  0]LogShaderCompilers: Cannot use XGE Shader Compiler as Incredibuild is not installed on this machine.
[2022.02.01-17.12.19:711][  0]LogShaderCompilers: Display: Using Local Shader Compiler.
[2022.02.01-17.12.20:715][  0]LogDerivedDataCache: Display: Max Cache Size: 512 MB
[2022.02.01-17.12.20:785][  0]LogDerivedDataCache: Loaded boot cache 0.07s 94MB C:/Users/hubis/AppData/Local/UnrealEngine/4.27/DerivedDataCache/Boot.ddc.
[2022.02.01-17.12.20:786][  0]LogDerivedDataCache: Display: Loaded Boot cache: C:/Users/hubis/AppData/Local/UnrealEngine/4.27/DerivedDataCache/Boot.ddc
[2022.02.01-17.12.20:786][  0]LogDerivedDataCache: FDerivedDataBackendGraph:  Pak pak cache file ../../../../SlaveProject/SlaveProjectUE/DerivedDataCache/DDC.ddp not found, will not use a pak cache.
[2022.02.01-17.12.20:786][  0]LogDerivedDataCache: Unable to find inner node Pak for hierarchical cache Hierarchy.
[2022.02.01-17.12.20:786][  0]LogDerivedDataCache: FDerivedDataBackendGraph:  CompressedPak pak cache file ../../../../SlaveProject/SlaveProjectUE/DerivedDataCache/Compressed.ddp not found, will not use a pak cache.
[2022.02.01-17.12.20:786][  0]LogDerivedDataCache: Unable to find inner node CompressedPak for hierarchical cache Hierarchy.
[2022.02.01-17.12.20:802][  0]LogDerivedDataCache: Display: Pak cache opened for reading ../../../Engine/DerivedDataCache/Compressed.ddp.
[2022.02.01-17.12.20:802][  0]LogDerivedDataCache: FDerivedDataBackendGraph:  EnterprisePak pak cache file ../../../Enterprise/DerivedDataCache/Compressed.ddp not found, will not use a pak cache.
[2022.02.01-17.12.20:802][  0]LogDerivedDataCache: Unable to find inner node EnterprisePak for hierarchical cache Hierarchy.
[2022.02.01-17.12.20:811][  0]LogDerivedDataCache: Speed tests for C:/Users/hubis/AppData/Local/UnrealEngine/Common/DerivedDataCache took 0.01 seconds
[2022.02.01-17.12.20:812][  0]LogDerivedDataCache: Display: Performance to C:/Users/hubis/AppData/Local/UnrealEngine/Common/DerivedDataCache: Latency=0.05ms. RandomReadSpeed=958.94MBs, RandomWriteSpeed=119.72MBs. Assigned SpeedClass 'Local'
[2022.02.01-17.12.20:812][  0]LogDerivedDataCache: Using Local data cache path C:/Users/hubis/AppData/Local/UnrealEngine/Common/DerivedDataCache: Writable
[2022.02.01-17.12.20:812][  0]LogDerivedDataCache: Shared data cache path not found in *engine.ini, will not use an Shared cache.
[2022.02.01-17.12.20:812][  0]LogDerivedDataCache: Unable to find inner node Shared for hierarchical cache Hierarchy.
[2022.02.01-17.12.20:884][  0]LogSlate: Using FreeType 2.10.0
[2022.02.01-17.12.20:885][  0]LogSlate: SlateFontServices - WITH_FREETYPE: 1, WITH_HARFBUZZ: 1
[2022.02.01-17.12.20:919][  0]LogAssetRegistry: FAssetRegistry took 0.0030 seconds to start up
[2022.02.01-17.12.21:346][  0]LogInit: Selected Device Profile: [Windows]
[2022.02.01-17.12.21:346][  0]LogInit: Active device profile: [000001FCC9554E00][000001FCC9F45200 49] Windows
[2022.02.01-17.12.21:346][  0]LogInit: Profiles: [000001FCC9554E00][000001FCC9F45200 49] Windows, [000001FCC9536100][000001FCC9F4D380 49] WindowsNoEditor, [000001FCC9555D00][000001FCC9F51500 49] WindowsServer, [000001FCC9536F00][000001FCC9F55680 49] WindowsClient, [000001FCC9556A00][000001FCC9F59800 49] IOS, [000001FCC9537500][000001FCC9F5D980 49] iPadAir, [000001FCC9555500][000001FCC9F75B00 49] iPadAir2, [000001FCC93FD300][000001FCC9F7C240 49] IPadPro, [000001FCC93FD400][000001FCC9F78280 49] iPadAir3, [000001FCC9534C00][000001FCC9F86400 49] iPadAir4, [000001FCC93FE000][000001FCC9F48540 49] iPadMini2, [000001FCC9536D00][000001FCC9F92680 49] iPadMini3, [000001FCC93FEA00][000001FCCA0467C0 49] iPadMini4, [000001FCC9534F00][000001FCCA090900 49] iPadMini5, [000001FCC9448B00][000001FCCA09CBC0 49] iPhone6, [000001FCC9448C00][000001FCCA098C00 49] iPodTouch6, [000001FCC9556900][000001FCCA0A4EC0 49] iPhone7, [000001FCC9554F00][000001FCCA0A0F00 49] iPodTouch7, [000001FCC93FD200][000001FCCA0A9080 49] iPhone5S, [000001FCC9556C00][000001FCCA0AD200 49] iPhone6Plus, [000001FCC93FFD00][000001FCCA0B1380 49] iPhone6S, [000001FCC93FC100][000001FCCA0B5500 49] iPhone6SPlus, [000001FCC944BF00][000001FCCA0D3680 49] iPhone7Plus, [000001FCC93FE200][000001FCCA0EB800 49] iPhoneSE, [000001FCC944A800][000001FCCA0EF980 49] iPhone8, [000001FCC93FE500][000001FCCA0F3B00 49] iPhone8Plus, [000001FCC944B900][000001FCCA0F6100 49] iPhoneX, [000001FCC93FE400][000001FCCA0FA280 49] iPhoneXS, [000001FCC9448E00][000001FCCA0FE400 49] iPhoneXSMax, [000001FCC9555800][000001FCCA102580 49] iPhoneXR, [000001FCC9449600][000001FCCA16E700 49] iPhone11, [000001FCC9555A00][000001FCCA094840 49] iPhone11Pro, [000001FCC9449800][000001FCCA23A980 49] iPhone11ProMax, [000001FCC9555100][000001FCBED36AC0 49] iPhoneSE2, [000001FCC944BA00][000001FCBED3EC40 49] iPhone12Mini, [000001FCC9554B00][000001FCBED42DC0 49] iPhone12, [000001FCC9449C00][000001FCBED46F40 49] iPhone12Pro, [000001FCC9555000][000001FCBED4B0C0 49] iPhone12ProMax, [000001FCC944B600][000001FCBED4F240 49] iPadPro105, [000001FCC9557800][000001FCBED533C0 49] iPadPro129, [000001FCC9448300][000001FCBED57540 49] iPadPro97, [000001FCC9555400][000001FCBED5B6C0 49] iPadPro2_129, [000001FCC9449300][000001FCBED5F840 49] iPad5, [000001FCC9557A00][000001FCBED639C0 49] iPad6, [000001FCC944BC00][000001FCBED67B40 49] iPad7, [000001FCC9557200][000001FCBED6A140 49] iPad8, [000001FCC944B200][000001FCBED6E2C0 49] iPadPro11, [000001FCC9556F00][000001FCBB11E440 49] iPadPro2_11, [000001FCC944A200][000001FCBB1225C0 49] iPadPro3_129, [000001FCC9554700][000001FCBB126740 49] iPadPro4_129, [000001FCC9449000][000001FCBB12A8C0 49] AppleTV, [000001FCC9557100][000001FCBED3AA00 49] AppleTV4K, [000001FCC944A100][000001FCBB12EB40 49] TVOS, [000001FCC9556100][000001FCBB132C80 49] Mac, [000001FCC944B500][000001FCBB136DC0 49] MacClient, [000001FCC9557B00][000001FCBB13EF40 49] MacNoEditor, [000001FCC9448D00][000001FCBB1430C0 49] MacServer, [000001FCC9556E00][000001FCBB147240 49] Linux, [000001FCC9449F00][000001FCBB14B3C0 49] LinuxAArch64, [000001FCC9554A00][000001FCBB14F540 49] LinuxNoEditor, [000001FCC944B000][000001FCBB1536C0 49] LinuxAArch64NoEditor, [000001FCC9557300][000001FCBB157840 49] LinuxClient, [000001FCC944A700][000001FCBB15B9C0 49] LinuxAArch64Client, [000001FCC9555B00][000001FCBB15FB40 49] LinuxServer, [000001FCC9448400][000001FCBB162140 49] LinuxAArch64Server, [000001FCC9555C00][000001FCBB1662C0 49] Android, [000001FCC9449400][000001FCBB16A440 49] Android_Low, [000001FCC9555E00][000001FCBB16E5C0 49] Android_Mid, [000001FCC944A900][000001FCBB172740 49] Android_High, [000001FCC9556000][000001FCBB1768C0 49] Android_Default, [000001FCC944B100][000001FCC880CA40 49] Android_Adreno4xx, [000001FCC9556200][000001FCBB13AB80 49] Android_Adreno5xx_Low, [000001FCC944BD00][000001FCC8810CC0 49] Android_Adreno5xx, [000001FCC9554200][000001FCC8814E00 49] Android_Adreno6xx, [000001FCC9449700][000001FCC8818F40 49] Android_Adreno6xx_Vulkan, [000001FCC9556700][000001FCC88210C0 49] Android_Mali_T6xx, [000001FCC93FD700][000001FCC8825240 49] Android_Mali_T7xx, [000001FCC9536E00][000001FCC88293C0 49] Android_Mali_T8xx, [000001FCC93FFE00][000001FCC882D540 49] Android_Mali_G71, [000001FCC9537C00][000001FCC88316C0 49] Android_Mali_G72, [000001FCC93FFA00][000001FCC8835840 49] Android_Mali_G72_Vulkan, [000001FCC9537600][000001FCC88399C0 49] Android_Mali_G76, [000001FCC93FDB00][000001FCC883DB40 49] Android_Mali_G76_Vulkan, [000001FCC9536000][000001FCC8840140 49] Android_Mali_G77, [000001FCC93FF600][000001FCC88442C0 49] Android_Mali_G77_Vulkan, [000001FCC9535D00][000001FCC8848440 49] Android_Mali_G78, [000001FCC93FD000][000001FCC884C5C0 49] Android_Mali_G78_Vulkan, [000001FCC9534500][000001FCC8850740 49] Android_Mali_G710, [000001FCC93FD600][000001FCC88548C0 49] Android_Mali_G710_Vulkan, [000001FCC9536200][000001FCC8858A40 49] Android_Vulkan_SM5, [000001FCC93FDA00][000001FCC885CBC0 49] Android_PowerVR_G6xxx, [000001FCC9536C00][000001FCC8860D40 49] Android_PowerVR_GT7xxx, [000001FCC93FF300][000001FCC881CE80 49] Android_PowerVR_GE8xxx, [000001FCC9537F00][000001FCC8864FC0 49] Android_PowerVR_GM9xxx, [000001FCC93FDF00][000001FCC8869100 49] Android_PowerVR_GM9xxx_Vulkan, [000001FCC9535300][000001FCC8871280 49] Android_TegraK1, [000001FCC93FFB00][000001FCC8875400 49] Android_Unknown_Vulkan, [000001FCC9534D00][000001FCCA301580 49] Lumin, [000001FCC93FC600][000001FCCA305700 49] Lumin_Desktop, [000001FCC944B300][000001FCCA309880 49] HoloLens, 
[2022.02.01-17.12.21:558][  0]LogMeshReduction: Using QuadricMeshReduction for automatic static mesh reduction
[2022.02.01-17.12.21:558][  0]LogMeshReduction: Using SimplygonMeshReduction for automatic skeletal mesh reduction
[2022.02.01-17.12.21:558][  0]LogMeshReduction: Using ProxyLODMeshReduction for automatic mesh merging
[2022.02.01-17.12.21:558][  0]LogMeshReduction: No distributed automatic mesh merging module available
[2022.02.01-17.12.21:558][  0]LogMeshMerging: No distributed automatic mesh merging module available
[2022.02.01-17.12.21:589][  0]LogNetVersion: SlaveProjectUE 1.0.0, NetCL: 17155196, EngineNetVer: 17, GameNetVer: 0 (Checksum: 2724215250)
[2022.02.01-17.12.22:303][  0]LogTexture: Default maximum texture size for cubemaps generated from long-lat sources has been changed from 512 to unlimited. In order to preserve old behaiour for '/Engine/MapTemplates/Sky/DaylightAmbientCubemap.DaylightAmbientCubemap', its maximum texture size has been explicitly set to 512.
[2022.02.01-17.12.22:375][  0]LogHMD: PokeAHoleMaterial loaded successfully
[2022.02.01-17.12.22:381][  0]LogUObjectArray: 17178 objects as part of root set at end of initial load.
[2022.02.01-17.12.22:382][  0]LogUObjectAllocator: 4302048 out of 0 bytes used by permanent object pool.
[2022.02.01-17.12.22:382][  0]LogUObjectArray: CloseDisregardForGC: 0/0 objects in disregard for GC pool
[2022.02.01-17.12.22:741][  0]LogNiagaraDebuggerClient: Niagara Debugger Client Initialized | Session: 1AC06ED04F947F40A875C69F4F257B51 | Instance: 9F1C904842ACF0D094ED918283BA7DFD (DESKTOP-PMFO29U-3412).
[2022.02.01-17.12.22:781][  0]LogPython: Using Python 3.7.7
[2022.02.01-17.12.23:473][  0]LogTcpMessaging: Initializing TcpMessaging bridge
[2022.02.01-17.12.23:490][  0]LogUdpMessaging: Initializing bridge on interface 0.0.0.0:0 to multicast group 230.0.0.1:6666.
[2022.02.01-17.12.23:869][  0]LogOpenImageDenoise: OIDN starting up
[2022.02.01-17.12.23:912][  0]LogAndroidPermission: UAndroidPermissionCallbackProxy::GetInstance
[2022.02.01-17.12.23:935][  0]LogAudioCaptureCore: Display: No Audio Capture implementations found. Audio input will be silent.
[2022.02.01-17.12.23:935][  0]LogAudioCaptureCore: Display: No Audio Capture implementations found. Audio input will be silent.
[2022.02.01-17.12.24:088][  0]SourceControl: Source control is disabled
[2022.02.01-17.12.24:088][  0]SourceControl: Source control is disabled
[2022.02.01-17.12.24:092][  0]SourceControl: Source control is disabled
[2022.02.01-17.12.24:096][  0]SourceControl: Source control is disabled
[2022.02.01-17.12.24:100][  0]SourceControl: Source control is disabled
[2022.02.01-17.12.24:112][  0]LogUProjectInfo: Found projects:
[2022.02.01-17.12.24:126][  0]LogCollectionManager: Loaded 0 collections in 0.000800 seconds
[2022.02.01-17.12.24:153][  0]LogFileCache: Scanning file cache for directory 'D:/Gry i Programy/SlaveProject/SlaveProjectUE/Saved/Collections/' took 0.00s
[2022.02.01-17.12.24:153][  0]LogFileCache: Scanning file cache for directory 'D:/Gry i Programy/SlaveProject/SlaveProjectUE/Content/Developers/hubis/Collections/' took 0.00s
[2022.02.01-17.12.24:153][  0]LogFileCache: Scanning file cache for directory 'D:/Gry i Programy/SlaveProject/SlaveProjectUE/Content/Collections/' took 0.00s
[2022.02.01-17.12.24:153][  0]LogOcInput: OculusInput pre-init called
[2022.02.01-17.12.24:502][  0]LogEngine: Initializing Engine...
[2022.02.01-17.12.24:505][  0]LogHMD: Failed to enumerate extensions. Please check that you have a valid OpenXR runtime installed.
[2022.02.01-17.12.24:505][  0]LogHMD: Failed to initialize OpenVR with code 110
[2022.02.01-17.12.24:505][  0]LogMagicLeap: Warning: VR disabled because ZI is not enabled.  To enable, in the editor, Edit -> Project Settings -> Plugins -> Magic Leap Plugin -> Enable Zero Iteration
[2022.02.01-17.12.24:506][  0]LogStats: UGameplayTagsManager::InitializeManager -  0.000 s
[2022.02.01-17.12.24:660][  0]LogInit: Initializing FReadOnlyCVARCache
[2022.02.01-17.12.24:669][  0]LogAIModule: Creating AISystem for world Untitled
[2022.02.01-17.12.24:669][  0]LogAudio: Display: Initializing Audio Device Manager...
[2022.02.01-17.12.24:673][  0]LogAudio: Display: Loading Default Audio Settings Objects...
[2022.02.01-17.12.24:673][  0]LogAudio: Display: No default SoundConcurrencyObject specified (or failed to load).
[2022.02.01-17.12.24:674][  0]LogAudio: Display: Audio Device Manager Initialized
[2022.02.01-17.12.24:674][  0]LogAudio: Display: Creating Audio Device:                 Id: 1, Scope: Shared, Realtime: True
[2022.02.01-17.12.24:674][  0]LogAudioMixer: Display: Audio Mixer Platform Settings:
[2022.02.01-17.12.24:674][  0]LogAudioMixer: Display: 	Sample Rate:						  48000
[2022.02.01-17.12.24:674][  0]LogAudioMixer: Display: 	Callback Buffer Frame Size Requested: 1024
[2022.02.01-17.12.24:674][  0]LogAudioMixer: Display: 	Callback Buffer Frame Size To Use:	  1024
[2022.02.01-17.12.24:674][  0]LogAudioMixer: Display: 	Number of buffers to queue:			  2
[2022.02.01-17.12.24:674][  0]LogAudioMixer: Display: 	Max Channels (voices):				  32
[2022.02.01-17.12.24:674][  0]LogAudioMixer: Display: 	Number of Async Source Workers:		  0
[2022.02.01-17.12.24:674][  0]LogAudio: Display: AudioDevice MaxSources: 32
[2022.02.01-17.12.24:675][  0]LogAudio: Display: Audio Spatialization Plugin: None (built-in).
[2022.02.01-17.12.24:675][  0]LogAudio: Display: Audio Reverb Plugin: None (built-in).
[2022.02.01-17.12.24:675][  0]LogAudio: Display: Audio Occlusion Plugin: None (built-in).
[2022.02.01-17.12.24:675][  0]LogAudioMixer: Display: Initializing audio mixer.
[2022.02.01-17.12.24:689][  0]LogAudioMixer: Display: 0: FrontLeft
[2022.02.01-17.12.24:689][  0]LogAudioMixer: Display: 1: FrontRight
[2022.02.01-17.12.24:718][  0]LogAudioMixer: Display: Using Audio Device Słuchawki (High Definition Audio Device)
[2022.02.01-17.12.24:719][  0]LogAudioMixer: Display: Initializing Sound Submixes...
[2022.02.01-17.12.24:722][  0]LogAudioMixer: Display: Creating Master Submix 'MasterSubmixDefault'
[2022.02.01-17.12.24:722][  0]LogAudioMixer: Display: Creating Master Submix 'MasterReverbSubmixDefault'
[2022.02.01-17.12.24:723][  0]LogAudioMixer: Display: Creating Master Submix 'MasterEQSubmixDefault'
[2022.02.01-17.12.24:723][  0]LogAudioMixer: FMixerPlatformXAudio2::StartAudioStream() called
[2022.02.01-17.12.24:723][  0]LogAudioMixer: Display: Output buffers initialized: Frames=1024, Channels=2, Samples=2048
[2022.02.01-17.12.24:724][  0]LogAudioMixer: Display: Starting AudioMixerPlatformInterface::RunInternal()
[2022.02.01-17.12.24:724][  0]LogAudioMixer: Display: FMixerPlatformXAudio2::SubmitBuffer() called for the first time
[2022.02.01-17.12.24:724][  0]LogInit: FAudioDevice initialized.
[2022.02.01-17.12.24:724][  0]LogAudio: Display: Audio Device (ID: 1) registered with world 'Untitled'.
[2022.02.01-17.12.24:724][  0]LogNetVersion: Set ProjectVersion to 1.0.0.0. Version Checksum will be recalculated on next use.
[2022.02.01-17.12.24:920][  0]LogDerivedDataCache: Saved boot cache 0.20s 94MB C:/Users/hubis/AppData/Local/UnrealEngine/4.27/DerivedDataCache/Boot.ddc.
[2022.02.01-17.12.24:921][  0]LogInit: Texture streaming: Enabled
[2022.02.01-17.12.24:933][  0]LogAnalytics: Display: [UEEditor.Rocket.Release] APIServer = https://datarouter.ol.epicgames.com/. AppVersion = 4.27.2-18319896+++UE4+Release-4.27
[2022.02.01-17.12.24:936][  0]LogEngineSessionManager: EngineSessionManager initialized
[2022.02.01-17.12.24:936][  0]LogEditorSessionSummary: Verbose: Initializing EditorSessionSummaryWriter for editor session tracking
[2022.02.01-17.12.24:938][  0]LogEditorSessionSummary: EditorSessionSummaryWriter initialized
[2022.02.01-17.12.24:952][  0]LogInit: Transaction tracking system initialized
[2022.02.01-17.12.24:981][  0]BlueprintLog: New page: Editor Load
[2022.02.01-17.12.25:175][  0]LocalizationService: Localization service is disabled
[2022.02.01-17.12.25:198][  0]TimingProfiler: Initialize
[2022.02.01-17.12.25:198][  0]TimingProfiler: OnSessionChanged
[2022.02.01-17.12.25:198][  0]LoadingProfiler: Initialize
[2022.02.01-17.12.25:198][  0]LoadingProfiler: OnSessionChanged
[2022.02.01-17.12.25:198][  0]NetworkingProfiler: Initialize
[2022.02.01-17.12.25:198][  0]NetworkingProfiler: OnSessionChanged
[2022.02.01-17.12.25:198][  0]MemoryProfiler: Initialize
[2022.02.01-17.12.25:198][  0]MemoryProfiler: OnSessionChanged
[2022.02.01-17.12.25:388][  0]LogCook: Display: CookSettings for Memory: MemoryMaxUsedVirtual 0MiB, MemoryMaxUsedPhysical 16384MiB, MemoryMinFreeVirtual 0MiB, MemoryMinFreePhysical 1024MiB
[2022.02.01-17.12.25:388][  0]LogCook: Display: Mobile HDR setting 1
[2022.02.01-17.12.25:439][  0]LogFileCache: Scanning file cache for directory 'D:/Gry i Programy/SlaveProject/SlaveProjectUE/Content/' took 0.00s
[2022.02.01-17.12.25:939][  0]LogInit: Display: Engine is initialized. Leaving FEngineLoop::Init()
[2022.02.01-17.12.25:946][  0]SourceControl: Source control is disabled
[2022.02.01-17.12.25:946][  0]LogUnrealEdMisc: Loading editor; pre map load, took 9.469
[2022.02.01-17.12.25:946][  0]Cmd: MAP LOAD FILE="../../../Engine/Content/Maps/Templates/Template_Default.umap" TEMPLATE=1 SHOWPROGRESS=1 FEATURELEVEL=3
[2022.02.01-17.12.25:947][  0]LightingResults: New page: Lighting Build
[2022.02.01-17.12.25:948][  0]LogWorld: UWorld::CleanupWorld for Untitled, bSessionEnded=true, bCleanupResources=true
[2022.02.01-17.12.25:948][  0]LogSlate: InvalidateAllWidgets triggered.  All widgets were invalidated
[2022.02.01-17.12.25:948][  0]MapCheck: New page: Map Check
[2022.02.01-17.12.25:948][  0]LightingResults: New page: Lighting Build
[2022.02.01-17.12.25:954][  0]LogAudio: Display: Audio Device unregistered from world 'None'.
[2022.02.01-17.12.25:957][  0]LogUObjectHash: Compacting FUObjectHashTables data took   1.17ms
[2022.02.01-17.12.26:023][  0]LogTexture: Display: Building textures: DeprecatedTextureEB9CBE3C423008B5E8E130901E171C89 (BGRA8, 128X128)
[2022.02.01-17.12.26:034][  0]LogAudio: Display: Audio Device (ID: 1) registered with world 'Untitled_1'.
[2022.02.01-17.12.26:035][  0]LogAIModule: Creating AISystem for world Untitled_1
[2022.02.01-17.12.26:044][  0]LogEditorServer: Finished looking for orphan Actors (0.000 secs)
[2022.02.01-17.12.26:053][  0]LogUObjectHash: Compacting FUObjectHashTables data took   1.36ms
[2022.02.01-17.12.26:053][  0]Cmd: MAP CHECKDEP NOCLEARLOG
[2022.02.01-17.12.26:054][  0]MapCheck: Map check complete: 0 Error(s), 0 Warning(s), took 0,159ms to complete.
[2022.02.01-17.12.26:054][  0]LogFileHelpers: Loading map 'Template_Default' took 0.108
[2022.02.01-17.12.26:056][  0]LogUnrealEdMisc: Total Editor Startup Time, took 9.579
[2022.02.01-17.12.26:187][  0]LogSlate: Updating window title bar state: overlay mode, drag disabled, window buttons hidden, title bar hidden
[2022.02.01-17.12.26:194][  0]LogSlate: Updating window title bar state: overlay mode, drag disabled, window buttons hidden, title bar hidden
[2022.02.01-17.12.26:201][  0]LogSlate: Updating window title bar state: overlay mode, drag disabled, window buttons hidden, title bar hidden
[2022.02.01-17.12.26:208][  0]LogSlate: Updating window title bar state: overlay mode, drag disabled, window buttons hidden, title bar hidden
[2022.02.01-17.12.26:224][  0]LogNativeClassHierarchy: Verbose: Native class hierarchy populated in 0.0112 seconds. Added 3822 classes and 928 folders.
[2022.02.01-17.12.26:227][  0]LogNativeClassHierarchy: Verbose: Native class hierarchy updated for 'WidgetCarousel' in 0.0003 seconds. Added 0 classes and 0 folders.
[2022.02.01-17.12.26:230][  0]LogPakFile: PakFile PrimaryIndexSize=187
[2022.02.01-17.12.26:230][  0]LogPakFile: PakFile PathHashIndexSize=101
[2022.02.01-17.12.26:231][  0]LogPakFile: PakFile FullDirectoryIndexSize=148
[2022.02.01-17.12.26:231][  0]LogShaderLibrary: Display: ShaderCodeLibraryPakFileMountedCallback: PakFile 'D:/Gry i Programy/UE_4.27/FeaturePacks/FP_FirstPerson.upack' (chunk index -1, root 'root:/') mounted
[2022.02.01-17.12.26:231][  0]LogShaderLibrary: Display: ShaderCodeLibraryPakFileMountedCallback: pending pak file info (ChunkID:-1 Root:root:/ File:D:/Gry i Programy/UE_4.27/FeaturePacks/FP_FirstPerson.upack)
[2022.02.01-17.12.26:231][  0]LogPakFile: OnPakFileMounted2Time == 0.000072
[2022.02.01-17.12.26:232][  0]LogPakFile: PakFile PrimaryIndexSize=189
[2022.02.01-17.12.26:232][  0]LogPakFile: PakFile PathHashIndexSize=101
[2022.02.01-17.12.26:232][  0]LogPakFile: PakFile FullDirectoryIndexSize=152
[2022.02.01-17.12.26:232][  0]LogShaderLibrary: Display: ShaderCodeLibraryPakFileMountedCallback: PakFile 'D:/Gry i Programy/UE_4.27/FeaturePacks/FP_FirstPersonBP.upack' (chunk index -1, root 'root:/') mounted
[2022.02.01-17.12.26:232][  0]LogShaderLibrary: Display: ShaderCodeLibraryPakFileMountedCallback: pending pak file info (ChunkID:-1 Root:root:/ File:D:/Gry i Programy/UE_4.27/FeaturePacks/FP_FirstPersonBP.upack)
[2022.02.01-17.12.26:232][  0]LogPakFile: OnPakFileMounted2Time == 0.000051
[2022.02.01-17.12.26:234][  0]LogPakFile: PakFile PrimaryIndexSize=191
[2022.02.01-17.12.26:234][  0]LogPakFile: PakFile PathHashIndexSize=101
[2022.02.01-17.12.26:234][  0]LogPakFile: PakFile FullDirectoryIndexSize=160
[2022.02.01-17.12.26:234][  0]LogShaderLibrary: Display: ShaderCodeLibraryPakFileMountedCallback: PakFile 'D:/Gry i Programy/UE_4.27/FeaturePacks/MobileStarterContent.upack' (chunk index -1, root 'root:/') mounted
[2022.02.01-17.12.26:234][  0]LogShaderLibrary: Display: ShaderCodeLibraryPakFileMountedCallback: pending pak file info (ChunkID:-1 Root:root:/ File:D:/Gry i Programy/UE_4.27/FeaturePacks/MobileStarterContent.upack)
[2022.02.01-17.12.26:234][  0]LogPakFile: OnPakFileMounted2Time == 0.000046
[2022.02.01-17.12.26:236][  0]LogPakFile: PakFile PrimaryIndexSize=185
[2022.02.01-17.12.26:236][  0]LogPakFile: PakFile PathHashIndexSize=101
[2022.02.01-17.12.26:236][  0]LogPakFile: PakFile FullDirectoryIndexSize=148
[2022.02.01-17.12.26:236][  0]LogShaderLibrary: Display: ShaderCodeLibraryPakFileMountedCallback: PakFile 'D:/Gry i Programy/UE_4.27/FeaturePacks/StarterContent.upack' (chunk index -1, root 'root:/') mounted
[2022.02.01-17.12.26:236][  0]LogShaderLibrary: Display: ShaderCodeLibraryPakFileMountedCallback: pending pak file info (ChunkID:-1 Root:root:/ File:D:/Gry i Programy/UE_4.27/FeaturePacks/StarterContent.upack)
[2022.02.01-17.12.26:236][  0]LogPakFile: OnPakFileMounted2Time == 0.000044
[2022.02.01-17.12.26:237][  0]LogPakFile: PakFile PrimaryIndexSize=190
[2022.02.01-17.12.26:237][  0]LogPakFile: PakFile PathHashIndexSize=101
[2022.02.01-17.12.26:237][  0]LogPakFile: PakFile FullDirectoryIndexSize=154
[2022.02.01-17.12.26:237][  0]LogShaderLibrary: Display: ShaderCodeLibraryPakFileMountedCallback: PakFile 'D:/Gry i Programy/UE_4.27/FeaturePacks/TP_2DSideScroller.upack' (chunk index -1, root 'root:/') mounted
[2022.02.01-17.12.26:237][  0]LogShaderLibrary: Display: ShaderCodeLibraryPakFileMountedCallback: pending pak file info (ChunkID:-1 Root:root:/ File:D:/Gry i Programy/UE_4.27/FeaturePacks/TP_2DSideScroller.upack)
[2022.02.01-17.12.26:237][  0]LogPakFile: OnPakFileMounted2Time == 0.000048
[2022.02.01-17.12.26:239][  0]LogPakFile: PakFile PrimaryIndexSize=192
[2022.02.01-17.12.26:239][  0]LogPakFile: PakFile PathHashIndexSize=101
[2022.02.01-17.12.26:239][  0]LogPakFile: PakFile FullDirectoryIndexSize=158
[2022.02.01-17.12.26:239][  0]LogShaderLibrary: Display: ShaderCodeLibraryPakFileMountedCallback: PakFile 'D:/Gry i Programy/UE_4.27/FeaturePacks/TP_2DSideScrollerBP.upack' (chunk index -1, root 'root:/') mounted
[2022.02.01-17.12.26:239][  0]LogShaderLibrary: Display: ShaderCodeLibraryPakFileMountedCallback: pending pak file info (ChunkID:-1 Root:root:/ File:D:/Gry i Programy/UE_4.27/FeaturePacks/TP_2DSideScrollerBP.upack)
[2022.02.01-17.12.26:239][  0]LogPakFile: OnPakFileMounted2Time == 0.000042
[2022.02.01-17.12.26:240][  0]LogPakFile: PakFile PrimaryIndexSize=182
[2022.02.01-17.12.26:240][  0]LogPakFile: PakFile PathHashIndexSize=101
[2022.02.01-17.12.26:240][  0]LogPakFile: PakFile FullDirectoryIndexSize=138
[2022.02.01-17.12.26:240][  0]LogShaderLibrary: Display: ShaderCodeLibraryPakFileMountedCallback: PakFile 'D:/Gry i Programy/UE_4.27/FeaturePacks/TP_Flying.upack' (chunk index -1, root 'root:/') mounted
[2022.02.01-17.12.26:240][  0]LogShaderLibrary: Display: ShaderCodeLibraryPakFileMountedCallback: pending pak file info (ChunkID:-1 Root:root:/ File:D:/Gry i Programy/UE_4.27/FeaturePacks/TP_Flying.upack)
[2022.02.01-17.12.26:240][  0]LogPakFile: OnPakFileMounted2Time == 0.000041
[2022.02.01-17.12.26:242][  0]LogPakFile: PakFile PrimaryIndexSize=184
[2022.02.01-17.12.26:242][  0]LogPakFile: PakFile PathHashIndexSize=101
[2022.02.01-17.12.26:242][  0]LogPakFile: PakFile FullDirectoryIndexSize=142
[2022.02.01-17.12.26:242][  0]LogShaderLibrary: Display: ShaderCodeLibraryPakFileMountedCallback: PakFile 'D:/Gry i Programy/UE_4.27/FeaturePacks/TP_FlyingBP.upack' (chunk index -1, root 'root:/') mounted
[2022.02.01-17.12.26:242][  0]LogShaderLibrary: Display: ShaderCodeLibraryPakFileMountedCallback: pending pak file info (ChunkID:-1 Root:root:/ File:D:/Gry i Programy/UE_4.27/FeaturePacks/TP_FlyingBP.upack)
[2022.02.01-17.12.26:242][  0]LogPakFile: OnPakFileMounted2Time == 0.000039
[2022.02.01-17.12.26:243][  0]LogPakFile: PakFile PrimaryIndexSize=188
[2022.02.01-17.12.26:243][  0]LogPakFile: PakFile PathHashIndexSize=101
[2022.02.01-17.12.26:243][  0]LogPakFile: PakFile FullDirectoryIndexSize=150
[2022.02.01-17.12.26:244][  0]LogShaderLibrary: Display: ShaderCodeLibraryPakFileMountedCallback: PakFile 'D:/Gry i Programy/UE_4.27/FeaturePacks/TP_HandheldARBP.upack' (chunk index -1, root 'root:/') mounted
[2022.02.01-17.12.26:244][  0]LogShaderLibrary: Display: ShaderCodeLibraryPakFileMountedCallback: pending pak file info (ChunkID:-1 Root:root:/ File:D:/Gry i Programy/UE_4.27/FeaturePacks/TP_HandheldARBP.upack)
[2022.02.01-17.12.26:244][  0]LogPakFile: OnPakFileMounted2Time == 0.000079
[2022.02.01-17.12.26:245][  0]LogPakFile: PakFile PrimaryIndexSize=182
[2022.02.01-17.12.26:245][  0]LogPakFile: PakFile PathHashIndexSize=101
[2022.02.01-17.12.26:245][  0]LogPakFile: PakFile FullDirectoryIndexSize=138
[2022.02.01-17.12.26:245][  0]LogShaderLibrary: Display: ShaderCodeLibraryPakFileMountedCallback: PakFile 'D:/Gry i Programy/UE_4.27/FeaturePacks/TP_Puzzle.upack' (chunk index -1, root 'root:/') mounted
[2022.02.01-17.12.26:245][  0]LogShaderLibrary: Display: ShaderCodeLibraryPakFileMountedCallback: pending pak file info (ChunkID:-1 Root:root:/ File:D:/Gry i Programy/UE_4.27/FeaturePacks/TP_Puzzle.upack)
[2022.02.01-17.12.26:246][  0]LogPakFile: OnPakFileMounted2Time == 0.000040
[2022.02.01-17.12.26:247][  0]LogPakFile: PakFile PrimaryIndexSize=184
[2022.02.01-17.12.26:247][  0]LogPakFile: PakFile PathHashIndexSize=101
[2022.02.01-17.12.26:247][  0]LogPakFile: PakFile FullDirectoryIndexSize=142
[2022.02.01-17.12.26:247][  0]LogShaderLibrary: Display: ShaderCodeLibraryPakFileMountedCallback: PakFile 'D:/Gry i Programy/UE_4.27/FeaturePacks/TP_PuzzleBP.upack' (chunk index -1, root 'root:/') mounted
[2022.02.01-17.12.26:247][  0]LogShaderLibrary: Display: ShaderCodeLibraryPakFileMountedCallback: pending pak file info (ChunkID:-1 Root:root:/ File:D:/Gry i Programy/UE_4.27/FeaturePacks/TP_PuzzleBP.upack)
[2022.02.01-17.12.26:247][  0]LogPakFile: OnPakFileMounted2Time == 0.000040
[2022.02.01-17.12.26:248][  0]LogPakFile: PakFile PrimaryIndexSize=183
[2022.02.01-17.12.26:249][  0]LogPakFile: PakFile PathHashIndexSize=101
[2022.02.01-17.12.26:249][  0]LogPakFile: PakFile FullDirectoryIndexSize=140
[2022.02.01-17.12.26:249][  0]LogShaderLibrary: Display: ShaderCodeLibraryPakFileMountedCallback: PakFile 'D:/Gry i Programy/UE_4.27/FeaturePacks/TP_Rolling.upack' (chunk index -1, root 'root:/') mounted
[2022.02.01-17.12.26:249][  0]LogShaderLibrary: Display: ShaderCodeLibraryPakFileMountedCallback: pending pak file info (ChunkID:-1 Root:root:/ File:D:/Gry i Programy/UE_4.27/FeaturePacks/TP_Rolling.upack)
[2022.02.01-17.12.26:249][  0]LogPakFile: OnPakFileMounted2Time == 0.000039
[2022.02.01-17.12.26:250][  0]LogPakFile: PakFile PrimaryIndexSize=185
[2022.02.01-17.12.26:250][  0]LogPakFile: PakFile PathHashIndexSize=101
[2022.02.01-17.12.26:250][  0]LogPakFile: PakFile FullDirectoryIndexSize=144
[2022.02.01-17.12.26:250][  0]LogShaderLibrary: Display: ShaderCodeLibraryPakFileMountedCallback: PakFile 'D:/Gry i Programy/UE_4.27/FeaturePacks/TP_RollingBP.upack' (chunk index -1, root 'root:/') mounted
[2022.02.01-17.12.26:250][  0]LogShaderLibrary: Display: ShaderCodeLibraryPakFileMountedCallback: pending pak file info (ChunkID:-1 Root:root:/ File:D:/Gry i Programy/UE_4.27/FeaturePacks/TP_RollingBP.upack)
[2022.02.01-17.12.26:250][  0]LogPakFile: OnPakFileMounted2Time == 0.000038
[2022.02.01-17.12.26:251][  0]LogPakFile: PakFile PrimaryIndexSize=188
[2022.02.01-17.12.26:252][  0]LogPakFile: PakFile PathHashIndexSize=101
[2022.02.01-17.12.26:252][  0]LogPakFile: PakFile FullDirectoryIndexSize=150
[2022.02.01-17.12.26:252][  0]LogShaderLibrary: Display: ShaderCodeLibraryPakFileMountedCallback: PakFile 'D:/Gry i Programy/UE_4.27/FeaturePacks/TP_SideScroller.upack' (chunk index -1, root 'root:/') mounted
[2022.02.01-17.12.26:252][  0]LogShaderLibrary: Display: ShaderCodeLibraryPakFileMountedCallback: pending pak file info (ChunkID:-1 Root:root:/ File:D:/Gry i Programy/UE_4.27/FeaturePacks/TP_SideScroller.upack)
[2022.02.01-17.12.26:252][  0]LogPakFile: OnPakFileMounted2Time == 0.000038
[2022.02.01-17.12.26:253][  0]LogPakFile: PakFile PrimaryIndexSize=190
[2022.02.01-17.12.26:253][  0]LogPakFile: PakFile PathHashIndexSize=101
[2022.02.01-17.12.26:253][  0]LogPakFile: PakFile FullDirectoryIndexSize=154
[2022.02.01-17.12.26:253][  0]LogShaderLibrary: Display: ShaderCodeLibraryPakFileMountedCallback: PakFile 'D:/Gry i Programy/UE_4.27/FeaturePacks/TP_SideScrollerBP.upack' (chunk index -1, root 'root:/') mounted
[2022.02.01-17.12.26:253][  0]LogShaderLibrary: Display: ShaderCodeLibraryPakFileMountedCallback: pending pak file info (ChunkID:-1 Root:root:/ File:D:/Gry i Programy/UE_4.27/FeaturePacks/TP_SideScrollerBP.upack)
[2022.02.01-17.12.26:253][  0]LogPakFile: OnPakFileMounted2Time == 0.000039
[2022.02.01-17.12.26:254][  0]LogPakFile: PakFile PrimaryIndexSize=187
[2022.02.01-17.12.26:255][  0]LogPakFile: PakFile PathHashIndexSize=101
[2022.02.01-17.12.26:255][  0]LogPakFile: PakFile FullDirectoryIndexSize=148
[2022.02.01-17.12.26:255][  0]LogShaderLibrary: Display: ShaderCodeLibraryPakFileMountedCallback: PakFile 'D:/Gry i Programy/UE_4.27/FeaturePacks/TP_ThirdPerson.upack' (chunk index -1, root 'root:/') mounted
[2022.02.01-17.12.26:255][  0]LogShaderLibrary: Display: ShaderCodeLibraryPakFileMountedCallback: pending pak file info (ChunkID:-1 Root:root:/ File:D:/Gry i Programy/UE_4.27/FeaturePacks/TP_ThirdPerson.upack)
[2022.02.01-17.12.26:255][  0]LogPakFile: OnPakFileMounted2Time == 0.000039
[2022.02.01-17.12.26:256][  0]LogPakFile: PakFile PrimaryIndexSize=189
[2022.02.01-17.12.26:256][  0]LogPakFile: PakFile PathHashIndexSize=101
[2022.02.01-17.12.26:256][  0]LogPakFile: PakFile FullDirectoryIndexSize=152
[2022.02.01-17.12.26:256][  0]LogShaderLibrary: Display: ShaderCodeLibraryPakFileMountedCallback: PakFile 'D:/Gry i Programy/UE_4.27/FeaturePacks/TP_ThirdPersonBP.upack' (chunk index -1, root 'root:/') mounted
[2022.02.01-17.12.26:256][  0]LogShaderLibrary: Display: ShaderCodeLibraryPakFileMountedCallback: pending pak file info (ChunkID:-1 Root:root:/ File:D:/Gry i Programy/UE_4.27/FeaturePacks/TP_ThirdPersonBP.upack)
[2022.02.01-17.12.26:256][  0]LogPakFile: OnPakFileMounted2Time == 0.000039
[2022.02.01-17.12.26:257][  0]LogPakFile: PakFile PrimaryIndexSize=183
[2022.02.01-17.12.26:257][  0]LogPakFile: PakFile PathHashIndexSize=101
[2022.02.01-17.12.26:257][  0]LogPakFile: PakFile FullDirectoryIndexSize=140
[2022.02.01-17.12.26:258][  0]LogShaderLibrary: Display: ShaderCodeLibraryPakFileMountedCallback: PakFile 'D:/Gry i Programy/UE_4.27/FeaturePacks/TP_TopDown.upack' (chunk index -1, root 'root:/') mounted
[2022.02.01-17.12.26:258][  0]LogShaderLibrary: Display: ShaderCodeLibraryPakFileMountedCallback: pending pak file info (ChunkID:-1 Root:root:/ File:D:/Gry i Programy/UE_4.27/FeaturePacks/TP_TopDown.upack)
[2022.02.01-17.12.26:258][  0]LogPakFile: OnPakFileMounted2Time == 0.000047
[2022.02.01-17.12.26:259][  0]LogPakFile: PakFile PrimaryIndexSize=185
[2022.02.01-17.12.26:259][  0]LogPakFile: PakFile PathHashIndexSize=101
[2022.02.01-17.12.26:259][  0]LogPakFile: PakFile FullDirectoryIndexSize=144
[2022.02.01-17.12.26:259][  0]LogShaderLibrary: Display: ShaderCodeLibraryPakFileMountedCallback: PakFile 'D:/Gry i Programy/UE_4.27/FeaturePacks/TP_TopDownBP.upack' (chunk index -1, root 'root:/') mounted
[2022.02.01-17.12.26:259][  0]LogShaderLibrary: Display: ShaderCodeLibraryPakFileMountedCallback: pending pak file info (ChunkID:-1 Root:root:/ File:D:/Gry i Programy/UE_4.27/FeaturePacks/TP_TopDownBP.upack)
[2022.02.01-17.12.26:259][  0]LogPakFile: OnPakFileMounted2Time == 0.000038
[2022.02.01-17.12.26:261][  0]LogPakFile: PakFile PrimaryIndexSize=185
[2022.02.01-17.12.26:261][  0]LogPakFile: PakFile PathHashIndexSize=101
[2022.02.01-17.12.26:261][  0]LogPakFile: PakFile FullDirectoryIndexSize=144
[2022.02.01-17.12.26:261][  0]LogShaderLibrary: Display: ShaderCodeLibraryPakFileMountedCallback: PakFile 'D:/Gry i Programy/UE_4.27/FeaturePacks/TP_TwinStick.upack' (chunk index -1, root 'root:/') mounted
[2022.02.01-17.12.26:261][  0]LogShaderLibrary: Display: ShaderCodeLibraryPakFileMountedCallback: pending pak file info (ChunkID:-1 Root:root:/ File:D:/Gry i Programy/UE_4.27/FeaturePacks/TP_TwinStick.upack)
[2022.02.01-17.12.26:261][  0]LogPakFile: OnPakFileMounted2Time == 0.000039
[2022.02.01-17.12.26:262][  0]LogPakFile: PakFile PrimaryIndexSize=187
[2022.02.01-17.12.26:262][  0]LogPakFile: PakFile PathHashIndexSize=101
[2022.02.01-17.12.26:262][  0]LogPakFile: PakFile FullDirectoryIndexSize=148
[2022.02.01-17.12.26:262][  0]LogShaderLibrary: Display: ShaderCodeLibraryPakFileMountedCallback: PakFile 'D:/Gry i Programy/UE_4.27/FeaturePacks/TP_TwinStickBP.upack' (chunk index -1, root 'root:/') mounted
[2022.02.01-17.12.26:262][  0]LogShaderLibrary: Display: ShaderCodeLibraryPakFileMountedCallback: pending pak file info (ChunkID:-1 Root:root:/ File:D:/Gry i Programy/UE_4.27/FeaturePacks/TP_TwinStickBP.upack)
[2022.02.01-17.12.26:262][  0]LogPakFile: OnPakFileMounted2Time == 0.000058
[2022.02.01-17.12.26:264][  0]LogPakFile: PakFile PrimaryIndexSize=183
[2022.02.01-17.12.26:264][  0]LogPakFile: PakFile PathHashIndexSize=101
[2022.02.01-17.12.26:264][  0]LogPakFile: PakFile FullDirectoryIndexSize=140
[2022.02.01-17.12.26:264][  0]LogShaderLibrary: Display: ShaderCodeLibraryPakFileMountedCallback: PakFile 'D:/Gry i Programy/UE_4.27/FeaturePacks/TP_Vehicle.upack' (chunk index -1, root 'root:/') mounted
[2022.02.01-17.12.26:264][  0]LogShaderLibrary: Display: ShaderCodeLibraryPakFileMountedCallback: pending pak file info (ChunkID:-1 Root:root:/ File:D:/Gry i Programy/UE_4.27/FeaturePacks/TP_Vehicle.upack)
[2022.02.01-17.12.26:264][  0]LogPakFile: OnPakFileMounted2Time == 0.000037
[2022.02.01-17.12.26:265][  0]LogPakFile: PakFile PrimaryIndexSize=186
[2022.02.01-17.12.26:265][  0]LogPakFile: PakFile PathHashIndexSize=101
[2022.02.01-17.12.26:265][  0]LogPakFile: PakFile FullDirectoryIndexSize=146
[2022.02.01-17.12.26:265][  0]LogShaderLibrary: Display: ShaderCodeLibraryPakFileMountedCallback: PakFile 'D:/Gry i Programy/UE_4.27/FeaturePacks/TP_VehicleAdv.upack' (chunk index -1, root 'root:/') mounted
[2022.02.01-17.12.26:265][  0]LogShaderLibrary: Display: ShaderCodeLibraryPakFileMountedCallback: pending pak file info (ChunkID:-1 Root:root:/ File:D:/Gry i Programy/UE_4.27/FeaturePacks/TP_VehicleAdv.upack)
[2022.02.01-17.12.26:265][  0]LogPakFile: OnPakFileMounted2Time == 0.000037
[2022.02.01-17.12.26:266][  0]LogPakFile: PakFile PrimaryIndexSize=188
[2022.02.01-17.12.26:267][  0]LogPakFile: PakFile PathHashIndexSize=101
[2022.02.01-17.12.26:267][  0]LogPakFile: PakFile FullDirectoryIndexSize=150
[2022.02.01-17.12.26:267][  0]LogShaderLibrary: Display: ShaderCodeLibraryPakFileMountedCallback: PakFile 'D:/Gry i Programy/UE_4.27/FeaturePacks/TP_VehicleAdvBP.upack' (chunk index -1, root 'root:/') mounted
[2022.02.01-17.12.26:267][  0]LogShaderLibrary: Display: ShaderCodeLibraryPakFileMountedCallback: pending pak file info (ChunkID:-1 Root:root:/ File:D:/Gry i Programy/UE_4.27/FeaturePacks/TP_VehicleAdvBP.upack)
[2022.02.01-17.12.26:267][  0]LogPakFile: OnPakFileMounted2Time == 0.000037
[2022.02.01-17.12.26:268][  0]LogPakFile: PakFile PrimaryIndexSize=185
[2022.02.01-17.12.26:268][  0]LogPakFile: PakFile PathHashIndexSize=101
[2022.02.01-17.12.26:268][  0]LogPakFile: PakFile FullDirectoryIndexSize=144
[2022.02.01-17.12.26:268][  0]LogShaderLibrary: Display: ShaderCodeLibraryPakFileMountedCallback: PakFile 'D:/Gry i Programy/UE_4.27/FeaturePacks/TP_VehicleBP.upack' (chunk index -1, root 'root:/') mounted
[2022.02.01-17.12.26:268][  0]LogShaderLibrary: Display: ShaderCodeLibraryPakFileMountedCallback: pending pak file info (ChunkID:-1 Root:root:/ File:D:/Gry i Programy/UE_4.27/FeaturePacks/TP_VehicleBP.upack)
[2022.02.01-17.12.26:268][  0]LogPakFile: OnPakFileMounted2Time == 0.000044
[2022.02.01-17.12.26:269][  0]LogPakFile: PakFile PrimaryIndexSize=192
[2022.02.01-17.12.26:269][  0]LogPakFile: PakFile PathHashIndexSize=101
[2022.02.01-17.12.26:269][  0]LogPakFile: PakFile FullDirectoryIndexSize=158
[2022.02.01-17.12.26:269][  0]LogShaderLibrary: Display: ShaderCodeLibraryPakFileMountedCallback: PakFile 'D:/Gry i Programy/UE_4.27/FeaturePacks/TP_VirtualRealityBP.upack' (chunk index -1, root 'root:/') mounted
[2022.02.01-17.12.26:269][  0]LogShaderLibrary: Display: ShaderCodeLibraryPakFileMountedCallback: pending pak file info (ChunkID:-1 Root:root:/ File:D:/Gry i Programy/UE_4.27/FeaturePacks/TP_VirtualRealityBP.upack)
[2022.02.01-17.12.26:269][  0]LogPakFile: OnPakFileMounted2Time == 0.000037
[2022.02.01-17.12.26:378][  0]LogNativeClassHierarchy: Verbose: Native class hierarchy updated for 'AddContentDialog' in 0.0003 seconds. Added 0 classes and 0 folders.
[2022.02.01-17.12.26:380][  0]LogNativeClassHierarchy: Verbose: Native class hierarchy updated for 'SceneOutliner' in 0.0003 seconds. Added 2 classes and 0 folders.
[2022.02.01-17.12.26:418][  0]LogSlate: Took 0.000318 seconds to synchronously load lazily loaded font '../../../Engine/Content/Slate/Fonts/Roboto-Regular.ttf' (155K)
[2022.02.01-17.12.26:420][  0]LogSlate: Took 0.000272 seconds to synchronously load lazily loaded font '../../../Engine/Content/Editor/Slate/Fonts/FontAwesome.ttf' (139K)
[2022.02.01-17.12.26:421][  0]LogSlate: Took 0.000234 seconds to synchronously load lazily loaded font '../../../Engine/Content/Slate/Fonts/Roboto-Bold.ttf' (160K)
[2022.02.01-17.12.26:560][  0]LogRenderer: Reallocating scene render targets to support 1616x572 Format 10 NumSamples 1 (Frame:1).
[2022.02.01-17.12.26:676][  0]LogNativeClassHierarchy: Verbose: Native class hierarchy updated for 'HierarchicalLODOutliner' in 0.0003 seconds. Added 0 classes and 0 folders.
[2022.02.01-17.12.26:676][  0]LogLoad: (Engine Initialization) Total time: 10.20 seconds
[2022.02.01-17.12.26:676][  0]LogLoad: (Engine Initialization) Total Blueprint compile time: 0.00 seconds
[2022.02.01-17.12.26:723][  0]LogAssetRegistry: Asset discovery search completed in 5.8056 seconds
[2022.02.01-17.12.26:732][  0]LogCollectionManager: Fixed up redirectors for 0 collections in 0.000004 seconds (updated 0 objects)
[2022.02.01-17.12.26:733][  0]LogContentStreaming: Texture pool size now 1000 MB
[2022.02.01-17.12.31:886][588]LogEditorViewport: Clicking on Actor (LMB): StaticMeshActor (Floor)
[2022.02.01-17.12.32:788][688]LogEditorViewport: Clicking on Actor (LMB): BP_Sky_Sphere_C (Sky Sphere)
[2022.02.01-17.12.33:221][737]LogEditorViewport: Clicking on Actor (LMB): StaticMeshActor (Floor)
[2022.02.01-17.12.33:882][811]Cmd: DELETE
[2022.02.01-17.12.33:882][811]Cmd: ACTOR DELETE
[2022.02.01-17.12.34:013][811]LogEditorActor: Deleted Actor: StaticMeshActor
[2022.02.01-17.12.34:031][811]LogUObjectHash: Compacting FUObjectHashTables data took   0.63ms
[2022.02.01-17.12.34:032][811]LogEditorActor: Deleted 1 Actors (0.070 secs)
[2022.02.01-17.12.35:010][923]Cmd: TRANSACTION UNDO
[2022.02.01-17.12.35:010][923]LogEditorTransaction: Undo Delete Actors
[2022.02.01-17.12.35:047][923]LogSlate: Took 0.000305 seconds to synchronously load lazily loaded font '../../../Engine/Content/Slate/Fonts/Roboto-Light.ttf' (167K)
[2022.02.01-17.12.37:811][966]LogSlate: Window 'Save Level As' being destroyed
[2022.02.01-17.12.52:794][656]Cmd: DELETE
[2022.02.01-17.12.52:794][656]Cmd: ACTOR DELETE
[2022.02.01-17.12.52:795][656]LogEditorActor: Deleted Actor: AtmosphericFog
[2022.02.01-17.12.52:796][656]LogEditorActor: Deleted Actor: StaticMeshActor
[2022.02.01-17.12.52:797][656]LogEditorActor: Actor Light Source is referenced by Sky Sphere.
[2022.02.01-17.12.56:950][656]LogSlate: Window 'Message' being destroyed
[2022.02.01-17.12.56:961][656]Message dialog closed, result: Yes, title: Message, text: Actor Light Source is referenced by other Actors/Objects.
Do you really want to delete it? This will break references.

Reference List:

Sky Sphere
[2022.02.01-17.12.56:961][656]LogEditorActor: Deleted Actor: DirectionalLight
[2022.02.01-17.12.56:961][656]LogEditorActor: Deleted Actor: PlayerStart
[2022.02.01-17.12.56:962][656]LogEditorActor: Deleted Actor: BP_Sky_Sphere_C
[2022.02.01-17.12.56:962][656]LogEditorActor: Deleted Actor: SkyLight
[2022.02.01-17.12.56:962][656]LogEditorActor: Deleted Actor: SphereReflectionCapture
[2022.02.01-17.12.56:968][656]LogUObjectHash: Compacting FUObjectHashTables data took   0.63ms
[2022.02.01-17.12.56:969][656]LogEditorActor: Deleted 7 Actors (0.011 secs)
[2022.02.01-17.12.57:757][750]LogEditorViewport: Clicking Background
[2022.02.01-17.13.09:230][936]LogSlate: Window 'Save Level As' being destroyed
[2022.02.01-17.13.09:264][936]Cmd: OBJ SAVEPACKAGE PACKAGE="/Game/StartMenu" FILE="../../../../SlaveProject/SlaveProjectUE/Content/StartMenu.umap" SILENT=true AUTOSAVING=false KEEPDIRTY=false
[2022.02.01-17.13.09:284][936]LogUObjectHash: Compacting FUObjectHashTables data took   0.23ms
[2022.02.01-17.13.09:337][936]LogSavePackage: Moving '../../../../SlaveProject/SlaveProjectUE/Saved/StartMenuB95BE19345652FA043B7468EB492647C.tmp' to '../../../../SlaveProject/SlaveProjectUE/Content/StartMenu.umap'
[2022.02.01-17.13.09:364][936]Cmd: OBJ SAVEPACKAGE PACKAGE="/Game/StartMenu_BuiltData" FILE="../../../../SlaveProject/SlaveProjectUE/Content/StartMenu_BuiltData.uasset" SILENT=true
[2022.02.01-17.13.09:398][936]LogSavePackage: Moving '../../../../SlaveProject/SlaveProjectUE/Saved/StartMenu_BuiltData5EE85D714834DA05AC2ED6A1D432B1D8.tmp' to '../../../../SlaveProject/SlaveProjectUE/Content/StartMenu_BuiltData.uasset'
[2022.02.01-17.13.09:407][936]LogFileHelpers: Saving map 'StartMenu' took 0.172
[2022.02.01-17.13.09:410][936]AssetCheck: New page: Asset Save: multiple assets
[2022.02.01-17.13.09:410][936]LogContentValidation: Display: Validating MapBuildDataRegistry /Game/StartMenu_BuiltData.StartMenu_BuiltData
[2022.02.01-17.13.09:410][936]LogContentValidation: Display: Validating World /Game/StartMenu.StartMenu
[2022.02.01-17.13.09:473][938]LogSlate: Took 0.000275 seconds to synchronously load lazily loaded font '../../../Engine/Content/Slate/Fonts/Roboto-Light.ttf' (167K)
[2022.02.01-17.13.14:979][587]LogAssetEditorSubsystem: Opening Asset editor for MapBuildDataRegistry /Game/StartMenu_BuiltData.StartMenu_BuiltData
[2022.02.01-17.13.18:221][953]LogSlate: Window 'StartMenu_BuiltData' being destroyed
[2022.02.01-17.13.18:227][953]LogSlate: Window 'StartMenu_BuiltData' being destroyed
[2022.02.01-17.13.19:902][143]LogUObjectHash: Compacting FUObjectHashTables data took   0.77ms
[2022.02.01-17.13.23:129][143]LogSlate: Window 'Delete Assets' being destroyed
